2025-02-23 09:00:41,216 [DEBUG]  Available web server routes: 
/conversations/<conversation_id:path>/messages     POST                           add_message
/conversations/<conversation_id:path>/tracker/events POST                           append_events
/webhooks/rasa                                     GET                            custom_webhook_RasaChatInput.health
/webhooks/rasa/webhook                             POST                           custom_webhook_RasaChatInput.receive
/webhooks/rest                                     GET                            custom_webhook_RestInput.health
/webhooks/rest/webhook                             POST                           custom_webhook_RestInput.receive
/model/test/intents                                POST                           evaluate_intents
/model/test/stories                                POST                           evaluate_stories
/conversations/<conversation_id:path>/execute      POST                           execute_action
/domain                                            GET                            get_domain
/                                                  GET                            hello
/model                                             PUT                            load_model
/model/parse                                       POST                           parse
/conversations/<conversation_id:path>/predict      POST                           predict
/conversations/<conversation_id:path>/tracker/events PUT                            replace_events
/conversations/<conversation_id:path>/story        GET                            retrieve_story
/conversations/<conversation_id:path>/tracker      GET                            retrieve_tracker
/status                                            GET                            status
/model/predict                                     POST                           tracker_predict
/model/train                                       POST                           train
/conversations/<conversation_id:path>/trigger_intent POST                           trigger_intent
/model                                             DELETE                         unload_model
/version                                           GET                            version
2025-02-23 09:00:41,217 [INFO ]  Starting Rasa server on http://0.0.0.0:5005
2025-02-23 09:00:41,217 [DEBUG]  Using the default number of Sanic workers (1).
2025-02-23 09:00:41,320 [DEBUG]  Skipping telemetry reporting: no license hash found.
2025-02-23 09:00:41,350 [DEBUG]  Connected to InMemoryTrackerStore.
2025-02-23 09:00:41,350 [DEBUG]  Connected to lock store 'InMemoryLockStore'.
2025-02-23 09:00:41,350 [DEBUG]  Instantiated NLG to 'TemplatedNaturalLanguageGenerator'.
2025-02-23 09:00:41,351 [INFO ]  Loading model models/20250223-085908-solid-coot.tar.gz...
2025-02-23 09:00:41,414 [DEBUG]  Extracted model to '/tmp/tmppwn1i9j1'.
2025-02-23 09:00:41,416 [DEBUG]  Node 'nlu_message_converter' loading 'NLUMessageConverter.load' and kwargs: '{}'.
2025-02-23 09:00:41,417 [DEBUG]  Node 'run_WhitespaceTokenizer0' loading 'WhitespaceTokenizer.load' and kwargs: '{}'.
2025-02-23 09:00:41,419 [DEBUG]  Node 'run_RegexFeaturizer1' loading 'RegexFeaturizer.load' and kwargs: '{}'.
2025-02-23 09:00:41,419 [DEBUG]  Resource 'train_RegexFeaturizer1' was requested for reading.
2025-02-23 09:00:41,420 [DEBUG]  Node 'run_LexicalSyntacticFeaturizer2' loading 'LexicalSyntacticFeaturizer.load' and kwargs: '{}'.
2025-02-23 09:00:41,420 [DEBUG]  Resource 'train_LexicalSyntacticFeaturizer2' was requested for reading.
2025-02-23 09:00:41,420 [DEBUG]  Node 'run_CountVectorsFeaturizer3' loading 'CountVectorsFeaturizer.load' and kwargs: '{}'.
2025-02-23 09:00:41,420 [DEBUG]  Resource 'train_CountVectorsFeaturizer3' was requested for reading.
2025-02-23 09:00:41,421 [DEBUG]  Node 'run_LanguageModelFeaturizer4' loading 'LanguageModelFeaturizer.load' and kwargs: '{}'.
2025-02-23 09:00:42,072 [DEBUG]  Loading Tokenizer and Model for bert
2025-02-23 09:00:42,074 [DEBUG]  Starting new HTTPS connection (1): huggingface.co:443
2025-02-23 09:00:42,274 [DEBUG]  https://huggingface.co:443 "HEAD /bert-base-cased/resolve/main/tokenizer_config.json HTTP/1.1" 200 0
2025-02-23 09:00:42,464 [DEBUG]  https://huggingface.co:443 "HEAD /bert-base-cased/resolve/main/config.json HTTP/1.1" 200 0
2025-02-23 09:00:45,185 [DEBUG]  Node 'run_DIETClassifier5' loading 'DIETClassifier.load' and kwargs: '{}'.
2025-02-23 09:00:45,185 [DEBUG]  Resource 'train_DIETClassifier5' was requested for reading.
2025-02-23 09:00:45,187 [DEBUG]  Loading the model from /tmp/tmpbhe50enb/train_DIETClassifier5/DIETClassifier.tf_model with finetune_mode=False...
2025-02-23 09:00:45,205 [DEBUG]  You specified 'DIET' to train entities, but no entities are present in the training data. Skipping training of entities.
2025-02-23 09:00:45,232 [DEBUG]  Following metrics will be logged during training: 
2025-02-23 09:00:45,232 [DEBUG]    t_loss (total loss)
2025-02-23 09:00:45,232 [DEBUG]    i_acc (intent acc)
2025-02-23 09:00:45,233 [DEBUG]    i_loss (intent loss)
2025-02-23 09:00:52,866 [DEBUG]  Finished loading the model.
2025-02-23 09:00:52,867 [DEBUG]  Node 'run_EntitySynonymMapper6' loading 'EntitySynonymMapper.load' and kwargs: '{}'.
2025-02-23 09:00:52,867 [DEBUG]  Resource 'train_EntitySynonymMapper6' was requested for reading.
2025-02-23 09:00:52,867 [DEBUG]  Failed to load ABCMeta from model storage. Resource 'train_EntitySynonymMapper6' doesn't exist.
2025-02-23 09:00:52,868 [DEBUG]  Node 'run_ResponseSelector7' loading 'ResponseSelector.load' and kwargs: '{}'.
2025-02-23 09:00:52,868 [DEBUG]  Resource 'train_ResponseSelector7' was requested for reading.
2025-02-23 09:00:52,868 [DEBUG]  Failed to load ABCMeta from model storage. Resource 'train_ResponseSelector7' doesn't exist.
2025-02-23 09:00:52,868 [DEBUG]  Resource 'train_ResponseSelector7' was requested for reading.
2025-02-23 09:00:52,868 [DEBUG]  Failed to load ResponseSelector from model storage. Resource 'train_ResponseSelector7' doesn't exist.
2025-02-23 09:00:52,868 [DEBUG]  Node 'run_RegexMessageHandler' loading 'RegexMessageHandler.load' and kwargs: '{}'.
2025-02-23 09:00:52,868 [DEBUG]  Node 'domain_provider' loading 'DomainProvider.load' and kwargs: '{}'.
2025-02-23 09:00:52,868 [DEBUG]  Resource 'domain_provider' was requested for reading.
2025-02-23 09:00:52,888 [DEBUG]  Node 'run_MemoizationPolicy0' loading 'MemoizationPolicy.load' and kwargs: '{}'.
2025-02-23 09:00:52,889 [DEBUG]  Resource 'train_MemoizationPolicy0' was requested for reading.
2025-02-23 09:00:52,889 [DEBUG]  Node 'run_RulePolicy1' loading 'RulePolicy.load' and kwargs: '{}'.
2025-02-23 09:00:52,889 [DEBUG]  Resource 'train_RulePolicy1' was requested for reading.
2025-02-23 09:00:52,890 [DEBUG]  Node 'run_TEDPolicy2' loading 'TEDPolicy.load' and kwargs: '{}'.
2025-02-23 09:00:52,890 [DEBUG]  Resource 'train_TEDPolicy2' was requested for reading.
2025-02-23 09:00:52,892 [DEBUG]  Loading the model from /tmp/tmpbhe50enb/train_TEDPolicy2/ted_policy.tf_model with finetune_mode=False...
2025-02-23 09:01:03,504 [DEBUG]  Finished loading the model.
2025-02-23 09:01:03,505 [DEBUG]  Node 'rule_only_data_provider' loading 'RuleOnlyDataProvider.load' and kwargs: '{}'.
2025-02-23 09:01:03,505 [DEBUG]  Resource 'train_RulePolicy1' was requested for reading.
2025-02-23 09:01:03,505 [DEBUG]  Node 'select_prediction' loading 'DefaultPolicyPredictionEnsemble.load' and kwargs: '{}'.
2025-02-23 09:01:03,507 [INFO ]  Rasa server is up and running.
2025-02-23 09:01:03,508 [INFO ]  Enabling coroutine debugging. Loop id 877494272.
2025-02-23 09:01:07,305 [DEBUG]  Issuing ticket for conversation 'PractikumStudent'.
2025-02-23 09:01:07,305 [DEBUG]  Acquiring lock for conversation 'PractikumStudent'.
2025-02-23 09:01:07,305 [DEBUG]  Acquired lock for conversation 'PractikumStudent'.
2025-02-23 09:01:07,305 [DEBUG]  Could not find tracker for conversation ID 'PractikumStudent'.
2025-02-23 09:01:07,305 [DEBUG]  No event broker configured. Skipping streaming events.
2025-02-23 09:01:07,305 [DEBUG]  Starting a new session for conversation ID 'PractikumStudent'.
2025-02-23 09:01:07,307 [DEBUG]  [[32m[1mdebug    [0m] [1mprocessor.actions.policy_prediction[0m [36mprediction_events[0m=[35m[][0m
2025-02-23 09:01:07,307 [DEBUG]  [[32m[1mdebug    [0m] [1mprocessor.actions.log         [0m [36maction_name[0m=[35maction_session_start[0m [36mrasa_events[0m=[35m[<rasa.shared.core.events.SessionStarted object at 0x78f8fb8fa1a0>, ActionExecuted(action: action_listen, policy: None, confidence: None)][0m
2025-02-23 09:01:07,307 [DEBUG]  [[32m[1mdebug    [0m] [1mprocessor.slots.log           [0m [36mslot_values[0m=[35m	topic: None
	session_started_metadata: None[0m
2025-02-23 09:01:07,308 [DEBUG]  Running graph with inputs: {'__message__': [<rasa.core.channels.channel.UserMessage object at 0x78f8fb2eeec0>], '__tracker__': <rasa.shared.core.trackers.DialogueStateTracker object at 0x78f90a7889a0>}, targets: ['run_RegexMessageHandler'] and ExecutionContext(model_id='517ba039dce94d448c7354685092f197', should_add_diagnostic_data=False, is_finetuning=False, node_name=None).
2025-02-23 09:01:07,309 [DEBUG]  Node 'nlu_message_converter' running 'NLUMessageConverter.convert_user_message'.
2025-02-23 09:01:07,309 [DEBUG]  Node 'run_WhitespaceTokenizer0' running 'WhitespaceTokenizer.process'.
2025-02-23 09:01:07,311 [DEBUG]  Node 'run_RegexFeaturizer1' running 'RegexFeaturizer.process'.
2025-02-23 09:01:07,311 [DEBUG]  Node 'run_LexicalSyntacticFeaturizer2' running 'LexicalSyntacticFeaturizer.process'.
2025-02-23 09:01:07,311 [DEBUG]  Node 'run_CountVectorsFeaturizer3' running 'CountVectorsFeaturizer.process'.
2025-02-23 09:01:07,312 [DEBUG]  Node 'run_LanguageModelFeaturizer4' running 'LanguageModelFeaturizer.process'.
2025-02-23 09:01:07,535 [DEBUG]  Node 'run_DIETClassifier5' running 'DIETClassifier.process'.
2025-02-23 09:01:07,698 [DEBUG]  Node 'run_EntitySynonymMapper6' running 'EntitySynonymMapper.process'.
2025-02-23 09:01:07,698 [DEBUG]  Node 'run_ResponseSelector7' running 'ResponseSelector.process'.
2025-02-23 09:01:07,698 [DEBUG]  There is no trained model for 'ResponseSelector': The component is either not trained or didn't receive enough training data.
2025-02-23 09:01:07,698 [DEBUG]  Adding following selector key to message property: default
2025-02-23 09:01:07,699 [DEBUG]  Node 'domain_provider' running 'DomainProvider.provide_inference'.
2025-02-23 09:01:07,699 [DEBUG]  Node 'run_RegexMessageHandler' running 'RegexMessageHandler.process'.
2025-02-23 09:01:07,699 [DEBUG]  [[32m[1mdebug    [0m] [1mprocessor.message.parse       [0m [36mparse_data_entities[0m=[35m[][0m [36mparse_data_intent[0m=[35m{'name': 'greet', 'confidence': 0.31879597902297974}[0m [36mparse_data_text[0m=[35mпривет[0m
2025-02-23 09:01:07,699 [DEBUG]  Logged UserUtterance - tracker now has 4 events.
2025-02-23 09:01:07,700 [DEBUG]  Validating extracted slots: topic
2025-02-23 09:01:07,701 [DEBUG]  [[32m[1mdebug    [0m] [1mprocessor.extract.slots       [0m [36maction_extract_slot[0m=[35maction_extract_slots[0m [36mlen_extraction_events[0m=[35m1[0m [36mrasa_events[0m=[35m[SlotSet(key: topic, value: привет)][0m
2025-02-23 09:01:07,701 [DEBUG]  Running graph with inputs: {'__tracker__': <rasa.shared.core.trackers.DialogueStateTracker object at 0x78f90a7889a0>}, targets: ['select_prediction'] and ExecutionContext(model_id='517ba039dce94d448c7354685092f197', should_add_diagnostic_data=False, is_finetuning=False, node_name=None).
2025-02-23 09:01:07,701 [DEBUG]  Node 'rule_only_data_provider' running 'RuleOnlyDataProvider.provide'.
2025-02-23 09:01:07,702 [DEBUG]  Node 'domain_provider' running 'DomainProvider.provide_inference'.
2025-02-23 09:01:07,702 [DEBUG]  Node 'run_MemoizationPolicy0' running 'MemoizationPolicy.predict_action_probabilities'.
2025-02-23 09:01:07,702 [DEBUG]  [[32m[1mdebug    [0m] [1mmemoization.predict.actions   [0m [36mtracker_states[0m=[35m[{}, {'user': {'intent': 'greet'}, 'prev_action': {'action_name': 'action_listen'}}][0m
2025-02-23 09:01:07,702 [DEBUG]  There is a memorised next action 'utter_greet'
2025-02-23 09:01:07,702 [DEBUG]  Node 'run_RulePolicy1' running 'RulePolicy.predict_action_probabilities'.
2025-02-23 09:01:07,703 [DEBUG]  [[32m[1mdebug    [0m] [1mrule_policy.actions.find      [0m [36mcurrent_states[0m=[35m
[state 1] user text: привет | previous action name: action_listen[0m
2025-02-23 09:01:07,703 [DEBUG]  There is no applicable rule.
2025-02-23 09:01:07,704 [DEBUG]  [[32m[1mdebug    [0m] [1mrule_policy.actions.find      [0m [36mcurrent_states[0m=[35m
[state 1] user intent: greet | previous action name: action_listen[0m
2025-02-23 09:01:07,704 [DEBUG]  There is a rule for the next action 'utter_greet'.
2025-02-23 09:01:07,704 [DEBUG]  Node 'run_TEDPolicy2' running 'TEDPolicy.predict_action_probabilities'.
2025-02-23 09:01:07,709 [DEBUG]  TED predicted 'utter_greet' based on user intent.
2025-02-23 09:01:07,710 [DEBUG]  Node 'select_prediction' running 'DefaultPolicyPredictionEnsemble.combine_predictions_from_kwargs'.
2025-02-23 09:01:07,710 [DEBUG]  Made prediction using user intent.
2025-02-23 09:01:07,710 [DEBUG]  Added `DefinePrevUserUtteredFeaturization(False)` event.
2025-02-23 09:01:07,710 [DEBUG]  Predicted next action using RulePolicy.
2025-02-23 09:01:07,710 [DEBUG]  Predicted next action 'utter_greet' with confidence 1.00.
2025-02-23 09:01:07,711 [DEBUG]  [[32m[1mdebug    [0m] [1mprocessor.actions.policy_prediction[0m [36mprediction_events[0m=[35m[<rasa.shared.core.events.DefinePrevUserUtteredFeaturization object at 0x78f8fb7ae320>][0m
2025-02-23 09:01:07,711 [DEBUG]  [[32m[1mdebug    [0m] [1mprocessor.actions.log         [0m [36maction_name[0m=[35mutter_greet[0m [36mrasa_events[0m=[35m[BotUttered('Привет! Чем могу помочь в области архитектуры программного обеспечения?', {"elements": null, "quick_replies": null, "buttons": null, "attachment": null, "image": null, "custom": null}, {"utter_action": "utter_greet"}, 1740301267.7112167)][0m
2025-02-23 09:01:07,711 [DEBUG]  Running graph with inputs: {'__tracker__': <rasa.shared.core.trackers.DialogueStateTracker object at 0x78f90a7889a0>}, targets: ['select_prediction'] and ExecutionContext(model_id='517ba039dce94d448c7354685092f197', should_add_diagnostic_data=False, is_finetuning=False, node_name=None).
2025-02-23 09:01:07,712 [DEBUG]  Node 'rule_only_data_provider' running 'RuleOnlyDataProvider.provide'.
2025-02-23 09:01:07,712 [DEBUG]  Node 'domain_provider' running 'DomainProvider.provide_inference'.
2025-02-23 09:01:07,712 [DEBUG]  Node 'run_MemoizationPolicy0' running 'MemoizationPolicy.predict_action_probabilities'.
2025-02-23 09:01:07,712 [DEBUG]  [[32m[1mdebug    [0m] [1mmemoization.predict.actions   [0m [36mtracker_states[0m=[35m[{'user': {'intent': 'greet'}, 'prev_action': {'action_name': 'action_listen'}}, {'user': {'intent': 'greet'}, 'prev_action': {'action_name': 'utter_greet'}}][0m
2025-02-23 09:01:07,713 [DEBUG]  There is a memorised next action 'action_listen'
2025-02-23 09:01:07,713 [DEBUG]  Node 'run_RulePolicy1' running 'RulePolicy.predict_action_probabilities'.
2025-02-23 09:01:07,713 [DEBUG]  [[32m[1mdebug    [0m] [1mrule_policy.actions.find      [0m [36mcurrent_states[0m=[35m
[state 1] user intent: greet | previous action name: action_listen
[state 2] user intent: greet | previous action name: utter_greet[0m
2025-02-23 09:01:07,713 [DEBUG]  There is a rule for the next action 'action_listen'.
2025-02-23 09:01:07,713 [DEBUG]  Node 'run_TEDPolicy2' running 'TEDPolicy.predict_action_probabilities'.
2025-02-23 09:01:07,718 [DEBUG]  TED predicted 'action_listen' based on user intent.
2025-02-23 09:01:07,718 [DEBUG]  Node 'select_prediction' running 'DefaultPolicyPredictionEnsemble.combine_predictions_from_kwargs'.
2025-02-23 09:01:07,718 [DEBUG]  Predicted next action using RulePolicy.
2025-02-23 09:01:07,718 [DEBUG]  Predicted next action 'action_listen' with confidence 1.00.
2025-02-23 09:01:07,718 [DEBUG]  [[32m[1mdebug    [0m] [1mprocessor.actions.policy_prediction[0m [36mprediction_events[0m=[35m[][0m
2025-02-23 09:01:07,719 [DEBUG]  [[32m[1mdebug    [0m] [1mprocessor.actions.log         [0m [36maction_name[0m=[35maction_listen[0m [36mrasa_events[0m=[35m[][0m
2025-02-23 09:01:07,719 [DEBUG]  No event broker configured. Skipping streaming events.
2025-02-23 09:01:07,719 [DEBUG]  Deleted lock for conversation 'PractikumStudent'.
2025-02-23 09:01:14,662 [DEBUG]  Issuing ticket for conversation 'PractikumStudent'.
2025-02-23 09:01:14,662 [DEBUG]  Acquiring lock for conversation 'PractikumStudent'.
2025-02-23 09:01:14,662 [DEBUG]  Acquired lock for conversation 'PractikumStudent'.
2025-02-23 09:01:14,663 [DEBUG]  Recreating tracker for id 'PractikumStudent'
2025-02-23 09:01:14,664 [DEBUG]  Running graph with inputs: {'__message__': [<rasa.core.channels.channel.UserMessage object at 0x78f8fb2eea70>], '__tracker__': <rasa.shared.core.trackers.DialogueStateTracker object at 0x78f90a7889a0>}, targets: ['run_RegexMessageHandler'] and ExecutionContext(model_id='517ba039dce94d448c7354685092f197', should_add_diagnostic_data=False, is_finetuning=False, node_name=None).
2025-02-23 09:01:14,664 [DEBUG]  Node 'nlu_message_converter' running 'NLUMessageConverter.convert_user_message'.
2025-02-23 09:01:14,664 [DEBUG]  Node 'run_WhitespaceTokenizer0' running 'WhitespaceTokenizer.process'.
2025-02-23 09:01:14,665 [DEBUG]  Node 'run_RegexFeaturizer1' running 'RegexFeaturizer.process'.
2025-02-23 09:01:14,665 [DEBUG]  Node 'run_LexicalSyntacticFeaturizer2' running 'LexicalSyntacticFeaturizer.process'.
2025-02-23 09:01:14,665 [DEBUG]  Node 'run_CountVectorsFeaturizer3' running 'CountVectorsFeaturizer.process'.
2025-02-23 09:01:14,666 [DEBUG]  Node 'run_LanguageModelFeaturizer4' running 'LanguageModelFeaturizer.process'.
2025-02-23 09:01:14,886 [DEBUG]  Node 'run_DIETClassifier5' running 'DIETClassifier.process'.
2025-02-23 09:01:14,891 [DEBUG]  Node 'run_EntitySynonymMapper6' running 'EntitySynonymMapper.process'.
2025-02-23 09:01:14,891 [DEBUG]  Node 'run_ResponseSelector7' running 'ResponseSelector.process'.
2025-02-23 09:01:14,891 [DEBUG]  There is no trained model for 'ResponseSelector': The component is either not trained or didn't receive enough training data.
2025-02-23 09:01:14,892 [DEBUG]  Adding following selector key to message property: default
2025-02-23 09:01:14,892 [DEBUG]  Node 'domain_provider' running 'DomainProvider.provide_inference'.
2025-02-23 09:01:14,892 [DEBUG]  Node 'run_RegexMessageHandler' running 'RegexMessageHandler.process'.
2025-02-23 09:01:14,892 [DEBUG]  [[32m[1mdebug    [0m] [1mprocessor.message.parse       [0m [36mparse_data_entities[0m=[35m[][0m [36mparse_data_intent[0m=[35m{'name': 'ask_architecture', 'confidence': 0.5796852707862854}[0m [36mparse_data_text[0m=[35mрасскажи об архитектуре по[0m
2025-02-23 09:01:14,893 [DEBUG]  Logged UserUtterance - tracker now has 10 events.
2025-02-23 09:01:14,893 [DEBUG]  Validating extracted slots: topic
2025-02-23 09:01:14,893 [DEBUG]  [[32m[1mdebug    [0m] [1mprocessor.extract.slots       [0m [36maction_extract_slot[0m=[35maction_extract_slots[0m [36mlen_extraction_events[0m=[35m1[0m [36mrasa_events[0m=[35m[SlotSet(key: topic, value: расскажи об архитектуре по)][0m
2025-02-23 09:01:14,893 [DEBUG]  Running graph with inputs: {'__tracker__': <rasa.shared.core.trackers.DialogueStateTracker object at 0x78f90a7889a0>}, targets: ['select_prediction'] and ExecutionContext(model_id='517ba039dce94d448c7354685092f197', should_add_diagnostic_data=False, is_finetuning=False, node_name=None).
2025-02-23 09:01:14,894 [DEBUG]  Node 'rule_only_data_provider' running 'RuleOnlyDataProvider.provide'.
2025-02-23 09:01:14,894 [DEBUG]  Node 'domain_provider' running 'DomainProvider.provide_inference'.
2025-02-23 09:01:14,894 [DEBUG]  Node 'run_MemoizationPolicy0' running 'MemoizationPolicy.predict_action_probabilities'.
2025-02-23 09:01:14,895 [DEBUG]  [[32m[1mdebug    [0m] [1mmemoization.predict.actions   [0m [36mtracker_states[0m=[35m[{'user': {'intent': 'greet'}, 'prev_action': {'action_name': 'utter_greet'}}, {'user': {'intent': 'ask_architecture'}, 'prev_action': {'action_name': 'action_listen'}}][0m
2025-02-23 09:01:14,895 [DEBUG]  There is a memorised next action 'utter_architecture_response'
2025-02-23 09:01:14,895 [DEBUG]  Node 'run_RulePolicy1' running 'RulePolicy.predict_action_probabilities'.
2025-02-23 09:01:14,895 [DEBUG]  [[32m[1mdebug    [0m] [1mrule_policy.actions.find      [0m [36mcurrent_states[0m=[35m
[state 1] user intent: greet | previous action name: action_listen
[state 2] user intent: greet | previous action name: utter_greet
[state 3] user text: расскажи об архитектуре по | previous action name: action_listen[0m
2025-02-23 09:01:14,895 [DEBUG]  There is no applicable rule.
2025-02-23 09:01:14,896 [DEBUG]  [[32m[1mdebug    [0m] [1mrule_policy.actions.find      [0m [36mcurrent_states[0m=[35m
[state 1] user intent: greet | previous action name: action_listen
[state 2] user intent: greet | previous action name: utter_greet
[state 3] user intent: ask_architecture | previous action name: action_listen[0m
2025-02-23 09:01:14,896 [DEBUG]  There is a rule for the next action 'utter_architecture_response'.
2025-02-23 09:01:14,896 [DEBUG]  Node 'run_TEDPolicy2' running 'TEDPolicy.predict_action_probabilities'.
2025-02-23 09:01:14,901 [DEBUG]  TED predicted 'utter_architecture_response' based on user intent.
2025-02-23 09:01:14,901 [DEBUG]  Node 'select_prediction' running 'DefaultPolicyPredictionEnsemble.combine_predictions_from_kwargs'.
2025-02-23 09:01:14,901 [DEBUG]  Made prediction using user intent.
2025-02-23 09:01:14,901 [DEBUG]  Added `DefinePrevUserUtteredFeaturization(False)` event.
2025-02-23 09:01:14,901 [DEBUG]  Predicted next action using RulePolicy.
2025-02-23 09:01:14,901 [DEBUG]  Predicted next action 'utter_architecture_response' with confidence 1.00.
2025-02-23 09:01:14,902 [DEBUG]  [[32m[1mdebug    [0m] [1mprocessor.actions.policy_prediction[0m [36mprediction_events[0m=[35m[<rasa.shared.core.events.DefinePrevUserUtteredFeaturization object at 0x78f8fa754280>][0m
2025-02-23 09:01:14,902 [DEBUG]  [[32m[1mdebug    [0m] [1mprocessor.actions.log         [0m [36maction_name[0m=[35mutter_architecture_response[0m [36mrasa_events[0m=[35m[BotUttered('Архитектура ПО включает выбор структур, которые обеспечивают масштабируемость, гибкость и поддерживаемость приложения. Задайте конкретный вопрос по этой теме, и я помогу вам с информацией.', {"elements": null, "quick_replies": null, "buttons": null, "attachment": null, "image": null, "custom": null}, {"utter_action": "utter_architecture_response"}, 1740301274.902304)][0m
2025-02-23 09:01:14,902 [DEBUG]  Running graph with inputs: {'__tracker__': <rasa.shared.core.trackers.DialogueStateTracker object at 0x78f90a7889a0>}, targets: ['select_prediction'] and ExecutionContext(model_id='517ba039dce94d448c7354685092f197', should_add_diagnostic_data=False, is_finetuning=False, node_name=None).
2025-02-23 09:01:14,903 [DEBUG]  Node 'rule_only_data_provider' running 'RuleOnlyDataProvider.provide'.
2025-02-23 09:01:14,903 [DEBUG]  Node 'domain_provider' running 'DomainProvider.provide_inference'.
2025-02-23 09:01:14,903 [DEBUG]  Node 'run_MemoizationPolicy0' running 'MemoizationPolicy.predict_action_probabilities'.
2025-02-23 09:01:14,903 [DEBUG]  [[32m[1mdebug    [0m] [1mmemoization.predict.actions   [0m [36mtracker_states[0m=[35m[{'user': {'intent': 'ask_architecture'}, 'prev_action': {'action_name': 'action_listen'}}, {'user': {'intent': 'ask_architecture'}, 'prev_action': {'action_name': 'utter_architecture_response'}}][0m
2025-02-23 09:01:14,904 [DEBUG]  There is a memorised next action 'action_listen'
2025-02-23 09:01:14,904 [DEBUG]  Node 'run_RulePolicy1' running 'RulePolicy.predict_action_probabilities'.
2025-02-23 09:01:14,904 [DEBUG]  [[32m[1mdebug    [0m] [1mrule_policy.actions.find      [0m [36mcurrent_states[0m=[35m
[state 1] user intent: greet | previous action name: action_listen
[state 2] user intent: greet | previous action name: utter_greet
[state 3] user intent: ask_architecture | previous action name: action_listen
[state 4] user intent: ask_architecture | previous action name: utter_architecture_response[0m
2025-02-23 09:01:14,904 [DEBUG]  There is a rule for the next action 'action_listen'.
2025-02-23 09:01:14,905 [DEBUG]  Node 'run_TEDPolicy2' running 'TEDPolicy.predict_action_probabilities'.
2025-02-23 09:01:14,909 [DEBUG]  TED predicted 'action_listen' based on user intent.
2025-02-23 09:01:14,909 [DEBUG]  Node 'select_prediction' running 'DefaultPolicyPredictionEnsemble.combine_predictions_from_kwargs'.
2025-02-23 09:01:14,909 [DEBUG]  Predicted next action using RulePolicy.
2025-02-23 09:01:14,909 [DEBUG]  Predicted next action 'action_listen' with confidence 1.00.
2025-02-23 09:01:14,910 [DEBUG]  [[32m[1mdebug    [0m] [1mprocessor.actions.policy_prediction[0m [36mprediction_events[0m=[35m[][0m
2025-02-23 09:01:14,910 [DEBUG]  [[32m[1mdebug    [0m] [1mprocessor.actions.log         [0m [36maction_name[0m=[35maction_listen[0m [36mrasa_events[0m=[35m[][0m
2025-02-23 09:01:14,910 [DEBUG]  No event broker configured. Skipping streaming events.
2025-02-23 09:01:14,910 [DEBUG]  Deleted lock for conversation 'PractikumStudent'.
2025-02-23 09:01:16,879 [DEBUG]  Issuing ticket for conversation 'PractikumStudent'.
2025-02-23 09:01:16,879 [DEBUG]  Acquiring lock for conversation 'PractikumStudent'.
2025-02-23 09:01:16,879 [DEBUG]  Acquired lock for conversation 'PractikumStudent'.
2025-02-23 09:01:16,879 [DEBUG]  Recreating tracker for id 'PractikumStudent'
2025-02-23 09:01:16,881 [DEBUG]  Running graph with inputs: {'__message__': [<rasa.core.channels.channel.UserMessage object at 0x78f8fb2eeec0>], '__tracker__': <rasa.shared.core.trackers.DialogueStateTracker object at 0x78f90a7889a0>}, targets: ['run_RegexMessageHandler'] and ExecutionContext(model_id='517ba039dce94d448c7354685092f197', should_add_diagnostic_data=False, is_finetuning=False, node_name=None).
2025-02-23 09:01:16,881 [DEBUG]  Node 'nlu_message_converter' running 'NLUMessageConverter.convert_user_message'.
2025-02-23 09:01:16,881 [DEBUG]  Node 'run_WhitespaceTokenizer0' running 'WhitespaceTokenizer.process'.
2025-02-23 09:01:16,882 [DEBUG]  Node 'run_RegexFeaturizer1' running 'RegexFeaturizer.process'.
2025-02-23 09:01:16,882 [DEBUG]  Node 'run_LexicalSyntacticFeaturizer2' running 'LexicalSyntacticFeaturizer.process'.
2025-02-23 09:01:16,882 [DEBUG]  Node 'run_CountVectorsFeaturizer3' running 'CountVectorsFeaturizer.process'.
2025-02-23 09:01:16,883 [DEBUG]  Node 'run_LanguageModelFeaturizer4' running 'LanguageModelFeaturizer.process'.
2025-02-23 09:01:17,060 [DEBUG]  Node 'run_DIETClassifier5' running 'DIETClassifier.process'.
2025-02-23 09:01:17,065 [DEBUG]  Node 'run_EntitySynonymMapper6' running 'EntitySynonymMapper.process'.
2025-02-23 09:01:17,065 [DEBUG]  Node 'run_ResponseSelector7' running 'ResponseSelector.process'.
2025-02-23 09:01:17,065 [DEBUG]  There is no trained model for 'ResponseSelector': The component is either not trained or didn't receive enough training data.
2025-02-23 09:01:17,065 [DEBUG]  Adding following selector key to message property: default
2025-02-23 09:01:17,065 [DEBUG]  Node 'domain_provider' running 'DomainProvider.provide_inference'.
2025-02-23 09:01:17,065 [DEBUG]  Node 'run_RegexMessageHandler' running 'RegexMessageHandler.process'.
2025-02-23 09:01:17,066 [DEBUG]  [[32m[1mdebug    [0m] [1mprocessor.message.parse       [0m [36mparse_data_entities[0m=[35m[][0m [36mparse_data_intent[0m=[35m{'name': 'goodbye', 'confidence': 0.42252281308174133}[0m [36mparse_data_text[0m=[35mпока[0m
2025-02-23 09:01:17,066 [DEBUG]  Logged UserUtterance - tracker now has 16 events.
2025-02-23 09:01:17,066 [DEBUG]  Validating extracted slots: topic
2025-02-23 09:01:17,066 [DEBUG]  [[32m[1mdebug    [0m] [1mprocessor.extract.slots       [0m [36maction_extract_slot[0m=[35maction_extract_slots[0m [36mlen_extraction_events[0m=[35m1[0m [36mrasa_events[0m=[35m[SlotSet(key: topic, value: пока)][0m
2025-02-23 09:01:17,067 [DEBUG]  Running graph with inputs: {'__tracker__': <rasa.shared.core.trackers.DialogueStateTracker object at 0x78f90a7889a0>}, targets: ['select_prediction'] and ExecutionContext(model_id='517ba039dce94d448c7354685092f197', should_add_diagnostic_data=False, is_finetuning=False, node_name=None).
2025-02-23 09:01:17,067 [DEBUG]  Node 'rule_only_data_provider' running 'RuleOnlyDataProvider.provide'.
2025-02-23 09:01:17,067 [DEBUG]  Node 'domain_provider' running 'DomainProvider.provide_inference'.
2025-02-23 09:01:17,068 [DEBUG]  Node 'run_MemoizationPolicy0' running 'MemoizationPolicy.predict_action_probabilities'.
2025-02-23 09:01:17,068 [DEBUG]  [[32m[1mdebug    [0m] [1mmemoization.predict.actions   [0m [36mtracker_states[0m=[35m[{'user': {'intent': 'ask_architecture'}, 'prev_action': {'action_name': 'utter_architecture_response'}}, {'user': {'intent': 'goodbye'}, 'prev_action': {'action_name': 'action_listen'}}][0m
2025-02-23 09:01:17,068 [DEBUG]  There is no memorised next action
2025-02-23 09:01:17,068 [DEBUG]  Node 'run_RulePolicy1' running 'RulePolicy.predict_action_probabilities'.
2025-02-23 09:01:17,069 [DEBUG]  [[32m[1mdebug    [0m] [1mrule_policy.actions.find      [0m [36mcurrent_states[0m=[35m
[state 1] user intent: greet | previous action name: action_listen
[state 2] user intent: greet | previous action name: utter_greet
[state 3] user intent: ask_architecture | previous action name: action_listen
[state 4] user intent: ask_architecture | previous action name: utter_architecture_response
[state 5] user text: пока | previous action name: action_listen[0m
2025-02-23 09:01:17,069 [DEBUG]  There is no applicable rule.
2025-02-23 09:01:17,069 [DEBUG]  [[32m[1mdebug    [0m] [1mrule_policy.actions.find      [0m [36mcurrent_states[0m=[35m
[state 1] user intent: greet | previous action name: action_listen
[state 2] user intent: greet | previous action name: utter_greet
[state 3] user intent: ask_architecture | previous action name: action_listen
[state 4] user intent: ask_architecture | previous action name: utter_architecture_response
[state 5] user intent: goodbye | previous action name: action_listen[0m
2025-02-23 09:01:17,070 [DEBUG]  There is a rule for the next action 'utter_goodbye'.
2025-02-23 09:01:17,070 [DEBUG]  Node 'run_TEDPolicy2' running 'TEDPolicy.predict_action_probabilities'.
2025-02-23 09:01:17,074 [DEBUG]  TED predicted 'utter_goodbye' based on user intent.
2025-02-23 09:01:17,075 [DEBUG]  Node 'select_prediction' running 'DefaultPolicyPredictionEnsemble.combine_predictions_from_kwargs'.
2025-02-23 09:01:17,075 [DEBUG]  Made prediction using user intent.
2025-02-23 09:01:17,075 [DEBUG]  Added `DefinePrevUserUtteredFeaturization(False)` event.
2025-02-23 09:01:17,075 [DEBUG]  Predicted next action using RulePolicy.
2025-02-23 09:01:17,075 [DEBUG]  Predicted next action 'utter_goodbye' with confidence 1.00.
2025-02-23 09:01:17,076 [DEBUG]  [[32m[1mdebug    [0m] [1mprocessor.actions.policy_prediction[0m [36mprediction_events[0m=[35m[<rasa.shared.core.events.DefinePrevUserUtteredFeaturization object at 0x78f8fa7560b0>][0m
2025-02-23 09:01:17,076 [DEBUG]  [[32m[1mdebug    [0m] [1mprocessor.actions.log         [0m [36maction_name[0m=[35mutter_goodbye[0m [36mrasa_events[0m=[35m[BotUttered('До свидания! Если появятся вопросы по архитектуре ПО, обращайтесь.', {"elements": null, "quick_replies": null, "buttons": null, "attachment": null, "image": null, "custom": null}, {"utter_action": "utter_goodbye"}, 1740301277.0761833)][0m
2025-02-23 09:01:17,076 [DEBUG]  Running graph with inputs: {'__tracker__': <rasa.shared.core.trackers.DialogueStateTracker object at 0x78f90a7889a0>}, targets: ['select_prediction'] and ExecutionContext(model_id='517ba039dce94d448c7354685092f197', should_add_diagnostic_data=False, is_finetuning=False, node_name=None).
2025-02-23 09:01:17,077 [DEBUG]  Node 'rule_only_data_provider' running 'RuleOnlyDataProvider.provide'.
2025-02-23 09:01:17,077 [DEBUG]  Node 'domain_provider' running 'DomainProvider.provide_inference'.
2025-02-23 09:01:17,077 [DEBUG]  Node 'run_MemoizationPolicy0' running 'MemoizationPolicy.predict_action_probabilities'.
2025-02-23 09:01:17,077 [DEBUG]  [[32m[1mdebug    [0m] [1mmemoization.predict.actions   [0m [36mtracker_states[0m=[35m[{'user': {'intent': 'goodbye'}, 'prev_action': {'action_name': 'action_listen'}}, {'user': {'intent': 'goodbye'}, 'prev_action': {'action_name': 'utter_goodbye'}}][0m
2025-02-23 09:01:17,078 [DEBUG]  There is a memorised next action 'action_listen'
2025-02-23 09:01:17,078 [DEBUG]  Node 'run_RulePolicy1' running 'RulePolicy.predict_action_probabilities'.
2025-02-23 09:01:17,078 [DEBUG]  [[32m[1mdebug    [0m] [1mrule_policy.actions.find      [0m [36mcurrent_states[0m=[35m
[state 1] user intent: greet | previous action name: action_listen
[state 2] user intent: greet | previous action name: utter_greet
[state 3] user intent: ask_architecture | previous action name: action_listen
[state 4] user intent: ask_architecture | previous action name: utter_architecture_response
[state 5] user intent: goodbye | previous action name: action_listen
[state 6] user intent: goodbye | previous action name: utter_goodbye[0m
2025-02-23 09:01:17,078 [DEBUG]  There is a rule for the next action 'action_listen'.
2025-02-23 09:01:17,078 [DEBUG]  Node 'run_TEDPolicy2' running 'TEDPolicy.predict_action_probabilities'.
2025-02-23 09:01:17,083 [DEBUG]  TED predicted 'action_listen' based on user intent.
2025-02-23 09:01:17,083 [DEBUG]  Node 'select_prediction' running 'DefaultPolicyPredictionEnsemble.combine_predictions_from_kwargs'.
2025-02-23 09:01:17,083 [DEBUG]  Predicted next action using RulePolicy.
2025-02-23 09:01:17,083 [DEBUG]  Predicted next action 'action_listen' with confidence 1.00.
2025-02-23 09:01:17,084 [DEBUG]  [[32m[1mdebug    [0m] [1mprocessor.actions.policy_prediction[0m [36mprediction_events[0m=[35m[][0m
2025-02-23 09:01:17,084 [DEBUG]  [[32m[1mdebug    [0m] [1mprocessor.actions.log         [0m [36maction_name[0m=[35maction_listen[0m [36mrasa_events[0m=[35m[][0m
2025-02-23 09:01:17,084 [DEBUG]  No event broker configured. Skipping streaming events.
2025-02-23 09:01:17,084 [DEBUG]  Deleted lock for conversation 'PractikumStudent'.
