2025-02-16 13:38:05 INFO     root  - Starting Rasa server on http://0.0.0.0:5005
2025-02-16 13:38:05 DEBUG    rasa.core.utils  - Using the default number of Sanic workers (1).
/home/admin/architecture-sprint-5/.venv/lib/python3.9/site-packages/rasa/shared/core/slot_mappings.py:224: UserWarning: Slot auto-fill has been removed in 3.0 and replaced with a new explicit mechanism to set slots. Please refer to https://rasa.com/docs/rasa/domain#slots to learn more.
  rasa.shared.utils.io.raise_warning(
2025-02-16 13:38:05 DEBUG    rasa.telemetry  - Skipping telemetry reporting: no license hash found.
2025-02-16 13:38:05 DEBUG    rasa.core.tracker_store  - Connected to InMemoryTrackerStore.
2025-02-16 13:38:05 DEBUG    rasa.core.lock_store  - Connected to lock store 'InMemoryLockStore'.
2025-02-16 13:38:05 DEBUG    rasa.core.nlg.generator  - Instantiated NLG to 'TemplatedNaturalLanguageGenerator'.
2025-02-16 13:38:05 INFO     rasa.core.processor  - Loading model models/20250216-133726-muffled-charlie.tar.gz...
2025-02-16 13:38:06 DEBUG    rasa.engine.storage.local_model_storage  - Extracted model to '/tmp/tmpemvx5fw4'.
2025-02-16 13:38:06 DEBUG    rasa.engine.graph  - Node 'nlu_message_converter' loading 'NLUMessageConverter.load' and kwargs: '{}'.
2025-02-16 13:38:06 DEBUG    rasa.engine.graph  - Node 'run_WhitespaceTokenizer0' loading 'WhitespaceTokenizer.load' and kwargs: '{}'.
2025-02-16 13:38:06 DEBUG    rasa.engine.graph  - Node 'run_RegexFeaturizer1' loading 'RegexFeaturizer.load' and kwargs: '{}'.
2025-02-16 13:38:06 DEBUG    rasa.engine.storage.local_model_storage  - Resource 'train_RegexFeaturizer1' was requested for reading.
2025-02-16 13:38:06 DEBUG    rasa.engine.graph  - Node 'run_LexicalSyntacticFeaturizer2' loading 'LexicalSyntacticFeaturizer.load' and kwargs: '{}'.
2025-02-16 13:38:06 DEBUG    rasa.engine.storage.local_model_storage  - Resource 'train_LexicalSyntacticFeaturizer2' was requested for reading.
2025-02-16 13:38:06 DEBUG    rasa.engine.graph  - Node 'run_CountVectorsFeaturizer3' loading 'CountVectorsFeaturizer.load' and kwargs: '{}'.
2025-02-16 13:38:06 DEBUG    rasa.engine.storage.local_model_storage  - Resource 'train_CountVectorsFeaturizer3' was requested for reading.
2025-02-16 13:38:06 DEBUG    rasa.engine.graph  - Node 'run_LanguageModelFeaturizer4' loading 'LanguageModelFeaturizer.load' and kwargs: '{}'.
2025-02-16 13:38:06 DEBUG    rasa.nlu.featurizers.dense_featurizer.lm_featurizer  - Loading Tokenizer and Model for bert
2025-02-16 13:38:06 DEBUG    urllib3.connectionpool  - Starting new HTTPS connection (1): huggingface.co:443
2025-02-16 13:38:07 DEBUG    urllib3.connectionpool  - https://huggingface.co:443 "HEAD /bert-base-cased/resolve/main/tokenizer_config.json HTTP/1.1" 200 0
2025-02-16 13:38:07 DEBUG    urllib3.connectionpool  - https://huggingface.co:443 "HEAD /bert-base-cased/resolve/main/config.json HTTP/1.1" 200 0
Some weights of the PyTorch model were not used when initializing the TF 2.0 model TFBertModel: ['cls.seq_relationship.bias', 'cls.predictions.transform.dense.bias', 'cls.predictions.transform.dense.weight', 'cls.seq_relationship.weight', 'cls.predictions.transform.LayerNorm.weight', 'cls.predictions.transform.LayerNorm.bias', 'cls.predictions.bias']
- This IS expected if you are initializing TFBertModel from a PyTorch model trained on another task or with another architecture (e.g. initializing a TFBertForSequenceClassification model from a BertForPreTraining model).
- This IS NOT expected if you are initializing TFBertModel from a PyTorch model that you expect to be exactly identical (e.g. initializing a TFBertForSequenceClassification model from a BertForSequenceClassification model).
All the weights of TFBertModel were initialized from the PyTorch model.
If your task is similar to the task the model of the checkpoint was trained on, you can already use TFBertModel for predictions without further training.
2025-02-16 13:38:10 DEBUG    rasa.engine.graph  - Node 'run_DIETClassifier5' loading 'DIETClassifier.load' and kwargs: '{}'.
2025-02-16 13:38:10 DEBUG    rasa.engine.storage.local_model_storage  - Resource 'train_DIETClassifier5' was requested for reading.
2025-02-16 13:38:10 DEBUG    rasa.utils.tensorflow.models  - Loading the model from /tmp/tmpv93of2tx/train_DIETClassifier5/DIETClassifier.tf_model with finetune_mode=False...
2025-02-16 13:38:10 DEBUG    rasa.nlu.classifiers.diet_classifier  - Following metrics will be logged during training: 
2025-02-16 13:38:10 DEBUG    rasa.nlu.classifiers.diet_classifier  -   t_loss (total loss)
2025-02-16 13:38:10 DEBUG    rasa.nlu.classifiers.diet_classifier  -   m_acc (mask acc)
2025-02-16 13:38:10 DEBUG    rasa.nlu.classifiers.diet_classifier  -   m_loss (mask loss)
2025-02-16 13:38:10 DEBUG    rasa.nlu.classifiers.diet_classifier  -   i_acc (intent acc)
2025-02-16 13:38:10 DEBUG    rasa.nlu.classifiers.diet_classifier  -   i_loss (intent loss)
2025-02-16 13:38:22 DEBUG    rasa.utils.tensorflow.models  - Finished loading the model.
2025-02-16 13:38:22 DEBUG    rasa.engine.graph  - Node 'run_EntitySynonymMapper6' loading 'EntitySynonymMapper.load' and kwargs: '{}'.
2025-02-16 13:38:22 DEBUG    rasa.engine.storage.local_model_storage  - Resource 'train_EntitySynonymMapper6' was requested for reading.
2025-02-16 13:38:22 DEBUG    rasa.nlu.extractors.entity_synonyms  - Failed to load ABCMeta from model storage. Resource 'train_EntitySynonymMapper6' doesn't exist.
2025-02-16 13:38:22 DEBUG    rasa.engine.graph  - Node 'run_ResponseSelector7' loading 'ResponseSelector.load' and kwargs: '{}'.
2025-02-16 13:38:22 DEBUG    rasa.engine.storage.local_model_storage  - Resource 'train_ResponseSelector7' was requested for reading.
2025-02-16 13:38:22 DEBUG    rasa.nlu.classifiers.diet_classifier  - Failed to load ABCMeta from model storage. Resource 'train_ResponseSelector7' doesn't exist.
/home/admin/architecture-sprint-5/.venv/lib/python3.9/site-packages/rasa/utils/train_utils.py:530: UserWarning: constrain_similarities is set to `False`. It is recommended to set it to `True` when using cross-entropy loss.
  rasa.shared.utils.io.raise_warning(
/home/admin/architecture-sprint-5/.venv/lib/python3.9/site-packages/rasa/shared/utils/io.py:100: UserWarning: 'evaluate_every_number_of_epochs=20' is greater than 'epochs=1'. No evaluation will occur.
2025-02-16 13:38:22 DEBUG    rasa.engine.storage.local_model_storage  - Resource 'train_ResponseSelector7' was requested for reading.
2025-02-16 13:38:22 DEBUG    rasa.nlu.selectors.response_selector  - Failed to load ResponseSelector from model storage. Resource 'train_ResponseSelector7' doesn't exist.
2025-02-16 13:38:22 DEBUG    rasa.engine.graph  - Node 'run_RegexMessageHandler' loading 'RegexMessageHandler.load' and kwargs: '{}'.
2025-02-16 13:38:22 DEBUG    rasa.engine.graph  - Node 'domain_provider' loading 'DomainProvider.load' and kwargs: '{}'.
2025-02-16 13:38:22 DEBUG    rasa.engine.storage.local_model_storage  - Resource 'domain_provider' was requested for reading.
/home/admin/architecture-sprint-5/.venv/lib/python3.9/site-packages/rasa/shared/core/slot_mappings.py:224: UserWarning: Slot auto-fill has been removed in 3.0 and replaced with a new explicit mechanism to set slots. Please refer to https://rasa.com/docs/rasa/domain#slots to learn more.
  rasa.shared.utils.io.raise_warning(
2025-02-16 13:38:22 DEBUG    rasa.engine.graph  - Node 'run_MemoizationPolicy0' loading 'MemoizationPolicy.load' and kwargs: '{}'.
2025-02-16 13:38:22 DEBUG    rasa.engine.storage.local_model_storage  - Resource 'train_MemoizationPolicy0' was requested for reading.
2025-02-16 13:38:22 DEBUG    rasa.engine.graph  - Node 'run_RulePolicy1' loading 'RulePolicy.load' and kwargs: '{}'.
2025-02-16 13:38:22 DEBUG    rasa.engine.storage.local_model_storage  - Resource 'train_RulePolicy1' was requested for reading.
2025-02-16 13:38:22 DEBUG    rasa.engine.graph  - Node 'run_TEDPolicy2' loading 'TEDPolicy.load' and kwargs: '{}'.
2025-02-16 13:38:22 DEBUG    rasa.engine.storage.local_model_storage  - Resource 'train_TEDPolicy2' was requested for reading.
2025-02-16 13:38:22 DEBUG    rasa.utils.tensorflow.models  - Loading the model from /tmp/tmpv93of2tx/train_TEDPolicy2/ted_policy.tf_model with finetune_mode=False...
2025-02-16 13:38:33 DEBUG    rasa.utils.tensorflow.models  - Finished loading the model.
2025-02-16 13:38:33 DEBUG    rasa.engine.graph  - Node 'rule_only_data_provider' loading 'RuleOnlyDataProvider.load' and kwargs: '{}'.
2025-02-16 13:38:33 DEBUG    rasa.engine.storage.local_model_storage  - Resource 'train_RulePolicy1' was requested for reading.
2025-02-16 13:38:33 DEBUG    rasa.engine.graph  - Node 'select_prediction' loading 'DefaultPolicyPredictionEnsemble.load' and kwargs: '{}'.
2025-02-16 13:38:33 INFO     root  - Rasa server is up and running.
2025-02-16 13:38:33 INFO     root  - Enabling coroutine debugging. Loop id 424032144.
2025-02-16 13:39:12 DEBUG    rasa.core.lock_store  - Issuing ticket for conversation 'PractikumStudent'.
2025-02-16 13:39:12 DEBUG    rasa.core.lock_store  - Acquiring lock for conversation 'PractikumStudent'.
2025-02-16 13:39:12 DEBUG    rasa.core.lock_store  - Acquired lock for conversation 'PractikumStudent'.
2025-02-16 13:39:12 DEBUG    rasa.core.tracker_store  - Could not find tracker for conversation ID 'PractikumStudent'.
2025-02-16 13:39:12 DEBUG    rasa.core.tracker_store  - No event broker configured. Skipping streaming events.
2025-02-16 13:39:12 DEBUG    rasa.core.processor  - Starting a new session for conversation ID 'PractikumStudent'.
2025-02-16 13:39:12 DEBUG    rasa.core.processor  - [debug    ] processor.actions.policy_prediction prediction_events=[]
2025-02-16 13:39:12 DEBUG    rasa.core.processor  - [debug    ] processor.actions.log          action_name=action_session_start rasa_events=[<rasa.shared.core.events.SessionStarted object at 0x756913354370>, ActionExecuted(action: action_listen, policy: None, confidence: None)]
2025-02-16 13:39:12 DEBUG    rasa.core.processor  - [debug    ] processor.slots.log            slot_values=     topic: None
        session_started_metadata: None
2025-02-16 13:39:12 DEBUG    rasa.engine.runner.dask  - Running graph with inputs: {'__message__': [<rasa.core.channels.channel.UserMessage object at 0x756913ec3a00>], '__tracker__': <rasa.shared.core.trackers.DialogueStateTracker object at 0x756913ec9490>}, targets: ['run_RegexMessageHandler'] and ExecutionContext(model_id='5c3d6488cccb4651a05630fe40d5152e', should_add_diagnostic_data=False, is_finetuning=False, node_name=None).
2025-02-16 13:39:12 DEBUG    rasa.engine.graph  - Node 'nlu_message_converter' running 'NLUMessageConverter.convert_user_message'.
2025-02-16 13:39:12 DEBUG    rasa.engine.graph  - Node 'run_WhitespaceTokenizer0' running 'WhitespaceTokenizer.process'.
2025-02-16 13:39:12 DEBUG    rasa.engine.graph  - Node 'run_RegexFeaturizer1' running 'RegexFeaturizer.process'.
2025-02-16 13:39:12 DEBUG    rasa.engine.graph  - Node 'run_LexicalSyntacticFeaturizer2' running 'LexicalSyntacticFeaturizer.process'.
2025-02-16 13:39:12 DEBUG    rasa.engine.graph  - Node 'run_CountVectorsFeaturizer3' running 'CountVectorsFeaturizer.process'.
2025-02-16 13:39:12 DEBUG    rasa.engine.graph  - Node 'run_LanguageModelFeaturizer4' running 'LanguageModelFeaturizer.process'.
2025-02-16 13:39:12 DEBUG    rasa.engine.graph  - Node 'run_DIETClassifier5' running 'DIETClassifier.process'.
2025-02-16 13:39:12 DEBUG    rasa.engine.graph  - Node 'run_EntitySynonymMapper6' running 'EntitySynonymMapper.process'.
2025-02-16 13:39:12 DEBUG    rasa.engine.graph  - Node 'run_ResponseSelector7' running 'ResponseSelector.process'.
2025-02-16 13:39:12 DEBUG    rasa.nlu.classifiers.diet_classifier  - There is no trained model for 'ResponseSelector': The component is either not trained or didn't receive enough training data.
2025-02-16 13:39:12 DEBUG    rasa.nlu.selectors.response_selector  - Adding following selector key to message property: default
2025-02-16 13:39:12 DEBUG    rasa.engine.graph  - Node 'domain_provider' running 'DomainProvider.provide_inference'.
2025-02-16 13:39:12 DEBUG    rasa.engine.graph  - Node 'run_RegexMessageHandler' running 'RegexMessageHandler.process'.
2025-02-16 13:39:12 DEBUG    rasa.core.processor  - [debug    ] processor.message.parse        parse_data_entities=[] parse_data_intent={'name': 'greet', 'confidence': 0.9828086495399475} parse_data_text=Привет!
2025-02-16 13:39:12 DEBUG    rasa.core.processor  - Logged UserUtterance - tracker now has 4 events.
2025-02-16 13:39:12 DEBUG    rasa.core.actions.action  - Validating extracted slots: topic
2025-02-16 13:39:12 DEBUG    rasa.core.processor  - [debug    ] processor.extract.slots        action_extract_slot=action_extract_slots len_extraction_events=1 rasa_events=[SlotSet(key: topic, value: Привет!)]
2025-02-16 13:39:12 DEBUG    rasa.engine.runner.dask  - Running graph with inputs: {'__tracker__': <rasa.shared.core.trackers.DialogueStateTracker object at 0x756913ec9490>}, targets: ['select_prediction'] and ExecutionContext(model_id='5c3d6488cccb4651a05630fe40d5152e', should_add_diagnostic_data=False, is_finetuning=False, node_name=None).
2025-02-16 13:39:12 DEBUG    rasa.engine.graph  - Node 'rule_only_data_provider' running 'RuleOnlyDataProvider.provide'.
2025-02-16 13:39:12 DEBUG    rasa.engine.graph  - Node 'domain_provider' running 'DomainProvider.provide_inference'.
2025-02-16 13:39:12 DEBUG    rasa.engine.graph  - Node 'run_MemoizationPolicy0' running 'MemoizationPolicy.predict_action_probabilities'.
2025-02-16 13:39:12 DEBUG    rasa.core.policies.memoization  - [debug    ] memoization.predict.actions    tracker_states=[{}, {'user': {'intent': 'greet'}, 'prev_action': {'action_name': 'action_listen'}}]
2025-02-16 13:39:12 DEBUG    rasa.core.policies.memoization  - There is a memorised next action 'utter_greet'
2025-02-16 13:39:12 DEBUG    rasa.engine.graph  - Node 'run_RulePolicy1' running 'RulePolicy.predict_action_probabilities'.
2025-02-16 13:39:12 DEBUG    rasa.core.policies.rule_policy  - [debug    ] rule_policy.actions.find       current_states=
[state 1] user text: Привет! | previous action name: action_listen
2025-02-16 13:39:12 DEBUG    rasa.core.policies.rule_policy  - There is no applicable rule.
2025-02-16 13:39:12 DEBUG    rasa.core.policies.rule_policy  - [debug    ] rule_policy.actions.find       current_states=
[state 1] user intent: greet | previous action name: action_listen
2025-02-16 13:39:12 DEBUG    rasa.core.policies.rule_policy  - There is a rule for the next action 'utter_greet'.
2025-02-16 13:39:12 DEBUG    rasa.engine.graph  - Node 'run_TEDPolicy2' running 'TEDPolicy.predict_action_probabilities'.
2025-02-16 13:39:12 DEBUG    rasa.core.policies.ted_policy  - TED predicted 'action_default_ask_affirmation' based on user intent.
2025-02-16 13:39:12 DEBUG    rasa.engine.graph  - Node 'select_prediction' running 'DefaultPolicyPredictionEnsemble.combine_predictions_from_kwargs'.
2025-02-16 13:39:12 DEBUG    rasa.core.policies.ensemble  - Made prediction using user intent.
2025-02-16 13:39:12 DEBUG    rasa.core.policies.ensemble  - Added `DefinePrevUserUtteredFeaturization(False)` event.
2025-02-16 13:39:12 DEBUG    rasa.core.policies.ensemble  - Predicted next action using RulePolicy.
2025-02-16 13:39:12 DEBUG    rasa.core.processor  - Predicted next action 'utter_greet' with confidence 1.00.
2025-02-16 13:39:12 DEBUG    rasa.core.processor  - [debug    ] processor.actions.policy_prediction prediction_events=[<rasa.shared.core.events.DefinePrevUserUtteredFeaturization object at 0x7569133545b0>]
2025-02-16 13:39:12 DEBUG    rasa.core.processor  - [debug    ] processor.actions.log          action_name=utter_greet rasa_events=[BotUttered('Привет! Чем могу помочь в области архитектуры программного обеспечения?', {"elements": null, "quick_replies": null, "buttons": null, "attachment": null, "image": null, "custom": null}, {"utter_action": "utter_greet"}, 1739713152.5317883)]
2025-02-16 13:39:12 DEBUG    rasa.engine.runner.dask  - Running graph with inputs: {'__tracker__': <rasa.shared.core.trackers.DialogueStateTracker object at 0x756913ec9490>}, targets: ['select_prediction'] and ExecutionContext(model_id='5c3d6488cccb4651a05630fe40d5152e', should_add_diagnostic_data=False, is_finetuning=False, node_name=None).
2025-02-16 13:39:12 DEBUG    rasa.engine.graph  - Node 'rule_only_data_provider' running 'RuleOnlyDataProvider.provide'.
2025-02-16 13:39:12 DEBUG    rasa.engine.graph  - Node 'domain_provider' running 'DomainProvider.provide_inference'.
2025-02-16 13:39:12 DEBUG    rasa.engine.graph  - Node 'run_MemoizationPolicy0' running 'MemoizationPolicy.predict_action_probabilities'.
2025-02-16 13:39:12 DEBUG    rasa.core.policies.memoization  - [debug    ] memoization.predict.actions    tracker_states=[{'user': {'intent': 'greet'}, 'prev_action': {'action_name': 'action_listen'}}, {'user': {'intent': 'greet'}, 'prev_action': {'action_name': 'utter_greet'}}]
2025-02-16 13:39:12 DEBUG    rasa.core.policies.memoization  - There is a memorised next action 'action_listen'
2025-02-16 13:39:12 DEBUG    rasa.engine.graph  - Node 'run_RulePolicy1' running 'RulePolicy.predict_action_probabilities'.
2025-02-16 13:39:12 DEBUG    rasa.core.policies.rule_policy  - [debug    ] rule_policy.actions.find       current_states=
[state 1] user intent: greet | previous action name: action_listen
[state 2] user intent: greet | previous action name: utter_greet
2025-02-16 13:39:12 DEBUG    rasa.core.policies.rule_policy  - There is a rule for the next action 'action_listen'.
2025-02-16 13:39:12 DEBUG    rasa.engine.graph  - Node 'run_TEDPolicy2' running 'TEDPolicy.predict_action_probabilities'.
2025-02-16 13:39:12 DEBUG    rasa.core.policies.ted_policy  - TED predicted 'action_default_ask_affirmation' based on user intent.
2025-02-16 13:39:12 DEBUG    rasa.engine.graph  - Node 'select_prediction' running 'DefaultPolicyPredictionEnsemble.combine_predictions_from_kwargs'.
2025-02-16 13:39:12 DEBUG    rasa.core.policies.ensemble  - Predicted next action using RulePolicy.
2025-02-16 13:39:12 DEBUG    rasa.core.processor  - Predicted next action 'action_listen' with confidence 1.00.
2025-02-16 13:39:12 DEBUG    rasa.core.processor  - [debug    ] processor.actions.policy_prediction prediction_events=[]
2025-02-16 13:39:12 DEBUG    rasa.core.processor  - [debug    ] processor.actions.log          action_name=action_listen rasa_events=[]
2025-02-16 13:39:12 DEBUG    rasa.core.tracker_store  - No event broker configured. Skipping streaming events.
2025-02-16 13:39:12 DEBUG    rasa.core.lock_store  - Deleted lock for conversation 'PractikumStudent'.
2025-02-16 13:39:55 DEBUG    rasa.core.lock_store  - Issuing ticket for conversation 'PractikumStudent'.
2025-02-16 13:39:55 DEBUG    rasa.core.lock_store  - Acquiring lock for conversation 'PractikumStudent'.
2025-02-16 13:39:55 DEBUG    rasa.core.lock_store  - Acquired lock for conversation 'PractikumStudent'.
2025-02-16 13:39:55 DEBUG    rasa.core.tracker_store  - Recreating tracker for id 'PractikumStudent'
2025-02-16 13:39:55 DEBUG    rasa.engine.runner.dask  - Running graph with inputs: {'__message__': [<rasa.core.channels.channel.UserMessage object at 0x756933b12c40>], '__tracker__': <rasa.shared.core.trackers.DialogueStateTracker object at 0x75691cbb74f0>}, targets: ['run_RegexMessageHandler'] and ExecutionContext(model_id='5c3d6488cccb4651a05630fe40d5152e', should_add_diagnostic_data=False, is_finetuning=False, node_name=None).
2025-02-16 13:39:55 DEBUG    rasa.engine.graph  - Node 'nlu_message_converter' running 'NLUMessageConverter.convert_user_message'.
2025-02-16 13:39:55 DEBUG    rasa.engine.graph  - Node 'run_WhitespaceTokenizer0' running 'WhitespaceTokenizer.process'.
2025-02-16 13:39:55 DEBUG    rasa.engine.graph  - Node 'run_RegexFeaturizer1' running 'RegexFeaturizer.process'.
2025-02-16 13:39:55 DEBUG    rasa.engine.graph  - Node 'run_LexicalSyntacticFeaturizer2' running 'LexicalSyntacticFeaturizer.process'.
2025-02-16 13:39:55 DEBUG    rasa.engine.graph  - Node 'run_CountVectorsFeaturizer3' running 'CountVectorsFeaturizer.process'.
2025-02-16 13:39:55 DEBUG    rasa.engine.graph  - Node 'run_LanguageModelFeaturizer4' running 'LanguageModelFeaturizer.process'.
2025-02-16 13:39:56 DEBUG    rasa.engine.graph  - Node 'run_DIETClassifier5' running 'DIETClassifier.process'.
2025-02-16 13:39:56 DEBUG    rasa.engine.graph  - Node 'run_EntitySynonymMapper6' running 'EntitySynonymMapper.process'.
2025-02-16 13:39:56 DEBUG    rasa.engine.graph  - Node 'run_ResponseSelector7' running 'ResponseSelector.process'.
2025-02-16 13:39:56 DEBUG    rasa.nlu.classifiers.diet_classifier  - There is no trained model for 'ResponseSelector': The component is either not trained or didn't receive enough training data.
2025-02-16 13:39:56 DEBUG    rasa.nlu.selectors.response_selector  - Adding following selector key to message property: default
2025-02-16 13:39:56 DEBUG    rasa.engine.graph  - Node 'domain_provider' running 'DomainProvider.provide_inference'.
2025-02-16 13:39:56 DEBUG    rasa.engine.graph  - Node 'run_RegexMessageHandler' running 'RegexMessageHandler.process'.
2025-02-16 13:39:56 DEBUG    rasa.core.processor  - [debug    ] processor.message.parse        parse_data_entities=[] parse_data_intent={'name': 'ask_architecture', 'confidence': 0.9998418092727661} parse_data_text=Что такое микросервисная архитектура?
2025-02-16 13:39:56 DEBUG    rasa.core.processor  - Logged UserUtterance - tracker now has 10 events.
2025-02-16 13:39:56 DEBUG    rasa.core.actions.action  - Validating extracted slots: topic
2025-02-16 13:39:56 DEBUG    rasa.core.processor  - [debug    ] processor.extract.slots        action_extract_slot=action_extract_slots len_extraction_events=1 rasa_events=[SlotSet(key: topic, value: Что такое микросервисная архитектура?)]
2025-02-16 13:39:56 DEBUG    rasa.engine.runner.dask  - Running graph with inputs: {'__tracker__': <rasa.shared.core.trackers.DialogueStateTracker object at 0x75691cbb74f0>}, targets: ['select_prediction'] and ExecutionContext(model_id='5c3d6488cccb4651a05630fe40d5152e', should_add_diagnostic_data=False, is_finetuning=False, node_name=None).
2025-02-16 13:39:56 DEBUG    rasa.engine.graph  - Node 'rule_only_data_provider' running 'RuleOnlyDataProvider.provide'.
2025-02-16 13:39:56 DEBUG    rasa.engine.graph  - Node 'domain_provider' running 'DomainProvider.provide_inference'.
2025-02-16 13:39:56 DEBUG    rasa.engine.graph  - Node 'run_MemoizationPolicy0' running 'MemoizationPolicy.predict_action_probabilities'.
2025-02-16 13:39:56 DEBUG    rasa.core.policies.memoization  - [debug    ] memoization.predict.actions    tracker_states=[{'user': {'intent': 'greet'}, 'prev_action': {'action_name': 'utter_greet'}}, {'user': {'intent': 'ask_architecture'}, 'prev_action': {'action_name': 'action_listen'}}]
2025-02-16 13:39:56 DEBUG    rasa.core.policies.memoization  - There is a memorised next action 'utter_architecture_response'
2025-02-16 13:39:56 DEBUG    rasa.engine.graph  - Node 'run_RulePolicy1' running 'RulePolicy.predict_action_probabilities'.
2025-02-16 13:39:56 DEBUG    rasa.core.policies.rule_policy  - [debug    ] rule_policy.actions.find       current_states=
[state 1] user intent: greet | previous action name: action_listen
[state 2] user intent: greet | previous action name: utter_greet
[state 3] user text: Что такое микросервисная архитектура? | previous action name: action_listen
2025-02-16 13:39:56 DEBUG    rasa.core.policies.rule_policy  - There is no applicable rule.
2025-02-16 13:39:56 DEBUG    rasa.core.policies.rule_policy  - [debug    ] rule_policy.actions.find       current_states=
[state 1] user intent: greet | previous action name: action_listen
[state 2] user intent: greet | previous action name: utter_greet
[state 3] user intent: ask_architecture | previous action name: action_listen
2025-02-16 13:39:56 DEBUG    rasa.core.policies.rule_policy  - There is a rule for the next action 'utter_architecture_response'.
2025-02-16 13:39:56 DEBUG    rasa.engine.graph  - Node 'run_TEDPolicy2' running 'TEDPolicy.predict_action_probabilities'.
2025-02-16 13:39:56 DEBUG    rasa.core.policies.ted_policy  - TED predicted 'action_default_ask_affirmation' based on user intent.
2025-02-16 13:39:56 DEBUG    rasa.engine.graph  - Node 'select_prediction' running 'DefaultPolicyPredictionEnsemble.combine_predictions_from_kwargs'.
2025-02-16 13:39:56 DEBUG    rasa.core.policies.ensemble  - Made prediction using user intent.
2025-02-16 13:39:56 DEBUG    rasa.core.policies.ensemble  - Added `DefinePrevUserUtteredFeaturization(False)` event.
2025-02-16 13:39:56 DEBUG    rasa.core.policies.ensemble  - Predicted next action using RulePolicy.
2025-02-16 13:39:56 DEBUG    rasa.core.processor  - Predicted next action 'utter_architecture_response' with confidence 1.00.
2025-02-16 13:39:56 DEBUG    rasa.core.processor  - [debug    ] processor.actions.policy_prediction prediction_events=[<rasa.shared.core.events.DefinePrevUserUtteredFeaturization object at 0x75691325e1c0>]
2025-02-16 13:39:56 DEBUG    rasa.core.processor  - [debug    ] processor.actions.log          action_name=utter_architecture_response rasa_events=[BotUttered('Архитектура ПО включает выбор структур, которые обеспечивают масштабируемость, гибкость и поддерживаемость приложения. Задайте конкретный вопрос по этой теме, и я помогу вам с информацией.', {"elements": null, "quick_replies": null, "buttons": null, "attachment": null, "image": null, "custom": null}, {"utter_action": "utter_architecture_response"}, 1739713196.1704245)]
2025-02-16 13:39:56 DEBUG    rasa.engine.runner.dask  - Running graph with inputs: {'__tracker__': <rasa.shared.core.trackers.DialogueStateTracker object at 0x75691cbb74f0>}, targets: ['select_prediction'] and ExecutionContext(model_id='5c3d6488cccb4651a05630fe40d5152e', should_add_diagnostic_data=False, is_finetuning=False, node_name=None).
2025-02-16 13:39:56 DEBUG    rasa.engine.graph  - Node 'rule_only_data_provider' running 'RuleOnlyDataProvider.provide'.
2025-02-16 13:39:56 DEBUG    rasa.engine.graph  - Node 'domain_provider' running 'DomainProvider.provide_inference'.
2025-02-16 13:39:56 DEBUG    rasa.engine.graph  - Node 'run_MemoizationPolicy0' running 'MemoizationPolicy.predict_action_probabilities'.
2025-02-16 13:39:56 DEBUG    rasa.core.policies.memoization  - [debug    ] memoization.predict.actions    tracker_states=[{'user': {'intent': 'ask_architecture'}, 'prev_action': {'action_name': 'action_listen'}}, {'user': {'intent': 'ask_architecture'}, 'prev_action': {'action_name': 'utter_architecture_response'}}]
2025-02-16 13:39:56 DEBUG    rasa.core.policies.memoization  - There is a memorised next action 'action_listen'
2025-02-16 13:39:56 DEBUG    rasa.engine.graph  - Node 'run_RulePolicy1' running 'RulePolicy.predict_action_probabilities'.
2025-02-16 13:39:56 DEBUG    rasa.core.policies.rule_policy  - [debug    ] rule_policy.actions.find       current_states=
[state 1] user intent: greet | previous action name: action_listen
[state 2] user intent: greet | previous action name: utter_greet
[state 3] user intent: ask_architecture | previous action name: action_listen
[state 4] user intent: ask_architecture | previous action name: utter_architecture_response
2025-02-16 13:39:56 DEBUG    rasa.core.policies.rule_policy  - There is a rule for the next action 'action_listen'.
2025-02-16 13:39:56 DEBUG    rasa.engine.graph  - Node 'run_TEDPolicy2' running 'TEDPolicy.predict_action_probabilities'.
2025-02-16 13:39:56 DEBUG    rasa.core.policies.ted_policy  - TED predicted 'action_default_ask_affirmation' based on user intent.
2025-02-16 13:39:56 DEBUG    rasa.engine.graph  - Node 'select_prediction' running 'DefaultPolicyPredictionEnsemble.combine_predictions_from_kwargs'.
2025-02-16 13:39:56 DEBUG    rasa.core.policies.ensemble  - Predicted next action using RulePolicy.
2025-02-16 13:39:56 DEBUG    rasa.core.processor  - Predicted next action 'action_listen' with confidence 1.00.
2025-02-16 13:39:56 DEBUG    rasa.core.processor  - [debug    ] processor.actions.policy_prediction prediction_events=[]
2025-02-16 13:39:56 DEBUG    rasa.core.processor  - [debug    ] processor.actions.log          action_name=action_listen rasa_events=[]
2025-02-16 13:39:56 DEBUG    rasa.core.tracker_store  - No event broker configured. Skipping streaming events.
2025-02-16 13:39:56 DEBUG    rasa.core.lock_store  - Deleted lock for conversation 'PractikumStudent'.
2025-02-16 13:40:25 DEBUG    rasa.core.lock_store  - Issuing ticket for conversation 'PractikumStudent'.
2025-02-16 13:40:25 DEBUG    rasa.core.lock_store  - Acquiring lock for conversation 'PractikumStudent'.
2025-02-16 13:40:25 DEBUG    rasa.core.lock_store  - Acquired lock for conversation 'PractikumStudent'.
2025-02-16 13:40:25 DEBUG    rasa.core.tracker_store  - Recreating tracker for id 'PractikumStudent'
2025-02-16 13:40:25 DEBUG    rasa.engine.runner.dask  - Running graph with inputs: {'__message__': [<rasa.core.channels.channel.UserMessage object at 0x75691c9e4820>], '__tracker__': <rasa.shared.core.trackers.DialogueStateTracker object at 0x75691cbb74f0>}, targets: ['run_RegexMessageHandler'] and ExecutionContext(model_id='5c3d6488cccb4651a05630fe40d5152e', should_add_diagnostic_data=False, is_finetuning=False, node_name=None).
2025-02-16 13:40:25 DEBUG    rasa.engine.graph  - Node 'nlu_message_converter' running 'NLUMessageConverter.convert_user_message'.
2025-02-16 13:40:25 DEBUG    rasa.engine.graph  - Node 'run_WhitespaceTokenizer0' running 'WhitespaceTokenizer.process'.
2025-02-16 13:40:25 DEBUG    rasa.engine.graph  - Node 'run_RegexFeaturizer1' running 'RegexFeaturizer.process'.
2025-02-16 13:40:25 DEBUG    rasa.engine.graph  - Node 'run_LexicalSyntacticFeaturizer2' running 'LexicalSyntacticFeaturizer.process'.
2025-02-16 13:40:25 DEBUG    rasa.engine.graph  - Node 'run_CountVectorsFeaturizer3' running 'CountVectorsFeaturizer.process'.
2025-02-16 13:40:25 DEBUG    rasa.engine.graph  - Node 'run_LanguageModelFeaturizer4' running 'LanguageModelFeaturizer.process'.
2025-02-16 13:40:25 DEBUG    rasa.engine.graph  - Node 'run_DIETClassifier5' running 'DIETClassifier.process'.
2025-02-16 13:40:25 DEBUG    rasa.engine.graph  - Node 'run_EntitySynonymMapper6' running 'EntitySynonymMapper.process'.
2025-02-16 13:40:25 DEBUG    rasa.engine.graph  - Node 'run_ResponseSelector7' running 'ResponseSelector.process'.
2025-02-16 13:40:25 DEBUG    rasa.nlu.classifiers.diet_classifier  - There is no trained model for 'ResponseSelector': The component is either not trained or didn't receive enough training data.
2025-02-16 13:40:25 DEBUG    rasa.nlu.selectors.response_selector  - Adding following selector key to message property: default
2025-02-16 13:40:25 DEBUG    rasa.engine.graph  - Node 'domain_provider' running 'DomainProvider.provide_inference'.
2025-02-16 13:40:25 DEBUG    rasa.engine.graph  - Node 'run_RegexMessageHandler' running 'RegexMessageHandler.process'.
2025-02-16 13:40:25 DEBUG    rasa.core.processor  - [debug    ] processor.message.parse        parse_data_entities=[] parse_data_intent={'name': 'ask_architecture', 'confidence': 0.9998114705085754} parse_data_text=Как выбрать архитектуру ПО?
2025-02-16 13:40:25 DEBUG    rasa.core.processor  - Logged UserUtterance - tracker now has 16 events.
2025-02-16 13:40:25 DEBUG    rasa.core.actions.action  - Validating extracted slots: topic
2025-02-16 13:40:25 DEBUG    rasa.core.processor  - [debug    ] processor.extract.slots        action_extract_slot=action_extract_slots len_extraction_events=1 rasa_events=[SlotSet(key: topic, value: Как выбрать архитектуру ПО?)]
2025-02-16 13:40:25 DEBUG    rasa.engine.runner.dask  - Running graph with inputs: {'__tracker__': <rasa.shared.core.trackers.DialogueStateTracker object at 0x75691cbb74f0>}, targets: ['select_prediction'] and ExecutionContext(model_id='5c3d6488cccb4651a05630fe40d5152e', should_add_diagnostic_data=False, is_finetuning=False, node_name=None).
2025-02-16 13:40:25 DEBUG    rasa.engine.graph  - Node 'rule_only_data_provider' running 'RuleOnlyDataProvider.provide'.
2025-02-16 13:40:25 DEBUG    rasa.engine.graph  - Node 'domain_provider' running 'DomainProvider.provide_inference'.
2025-02-16 13:40:25 DEBUG    rasa.engine.graph  - Node 'run_MemoizationPolicy0' running 'MemoizationPolicy.predict_action_probabilities'.
2025-02-16 13:40:25 DEBUG    rasa.core.policies.memoization  - [debug    ] memoization.predict.actions    tracker_states=[{'user': {'intent': 'ask_architecture'}, 'prev_action': {'action_name': 'utter_architecture_response'}}, {'user': {'intent': 'ask_architecture'}, 'prev_action': {'action_name': 'action_listen'}}]
2025-02-16 13:40:25 DEBUG    rasa.core.policies.memoization  - There is no memorised next action
2025-02-16 13:40:25 DEBUG    rasa.engine.graph  - Node 'run_RulePolicy1' running 'RulePolicy.predict_action_probabilities'.
2025-02-16 13:40:25 DEBUG    rasa.core.policies.rule_policy  - [debug    ] rule_policy.actions.find       current_states=
[state 1] user intent: greet | previous action name: action_listen
[state 2] user intent: greet | previous action name: utter_greet
[state 3] user intent: ask_architecture | previous action name: action_listen
[state 4] user intent: ask_architecture | previous action name: utter_architecture_response
[state 5] user text: Как выбрать архитектуру ПО? | previous action name: action_listen
2025-02-16 13:40:25 DEBUG    rasa.core.policies.rule_policy  - There is no applicable rule.
2025-02-16 13:40:25 DEBUG    rasa.core.policies.rule_policy  - [debug    ] rule_policy.actions.find       current_states=
[state 1] user intent: greet | previous action name: action_listen
[state 2] user intent: greet | previous action name: utter_greet
[state 3] user intent: ask_architecture | previous action name: action_listen
[state 4] user intent: ask_architecture | previous action name: utter_architecture_response
[state 5] user intent: ask_architecture | previous action name: action_listen
2025-02-16 13:40:25 DEBUG    rasa.core.policies.rule_policy  - There is a rule for the next action 'utter_architecture_response'.
2025-02-16 13:40:25 DEBUG    rasa.engine.graph  - Node 'run_TEDPolicy2' running 'TEDPolicy.predict_action_probabilities'.
2025-02-16 13:40:25 DEBUG    rasa.core.policies.ted_policy  - TED predicted 'action_default_ask_affirmation' based on user intent.
2025-02-16 13:40:25 DEBUG    rasa.engine.graph  - Node 'select_prediction' running 'DefaultPolicyPredictionEnsemble.combine_predictions_from_kwargs'.
2025-02-16 13:40:25 DEBUG    rasa.core.policies.ensemble  - Made prediction using user intent.
2025-02-16 13:40:25 DEBUG    rasa.core.policies.ensemble  - Added `DefinePrevUserUtteredFeaturization(False)` event.
2025-02-16 13:40:25 DEBUG    rasa.core.policies.ensemble  - Predicted next action using RulePolicy.
2025-02-16 13:40:25 DEBUG    rasa.core.processor  - Predicted next action 'utter_architecture_response' with confidence 1.00.
2025-02-16 13:40:25 DEBUG    rasa.core.processor  - [debug    ] processor.actions.policy_prediction prediction_events=[<rasa.shared.core.events.DefinePrevUserUtteredFeaturization object at 0x756913253430>]
2025-02-16 13:40:25 DEBUG    rasa.core.processor  - [debug    ] processor.actions.log          action_name=utter_architecture_response rasa_events=[BotUttered('Архитектура ПО включает выбор структур, которые обеспечивают масштабируемость, гибкость и поддерживаемость приложения. Задайте конкретный вопрос по этой теме, и я помогу вам с информацией.', {"elements": null, "quick_replies": null, "buttons": null, "attachment": null, "image": null, "custom": null}, {"utter_action": "utter_architecture_response"}, 1739713225.9942927)]
2025-02-16 13:40:25 DEBUG    rasa.engine.runner.dask  - Running graph with inputs: {'__tracker__': <rasa.shared.core.trackers.DialogueStateTracker object at 0x75691cbb74f0>}, targets: ['select_prediction'] and ExecutionContext(model_id='5c3d6488cccb4651a05630fe40d5152e', should_add_diagnostic_data=False, is_finetuning=False, node_name=None).
2025-02-16 13:40:25 DEBUG    rasa.engine.graph  - Node 'rule_only_data_provider' running 'RuleOnlyDataProvider.provide'.
2025-02-16 13:40:25 DEBUG    rasa.engine.graph  - Node 'domain_provider' running 'DomainProvider.provide_inference'.
2025-02-16 13:40:25 DEBUG    rasa.engine.graph  - Node 'run_MemoizationPolicy0' running 'MemoizationPolicy.predict_action_probabilities'.
2025-02-16 13:40:25 DEBUG    rasa.core.policies.memoization  - [debug    ] memoization.predict.actions    tracker_states=[{'user': {'intent': 'ask_architecture'}, 'prev_action': {'action_name': 'action_listen'}}, {'user': {'intent': 'ask_architecture'}, 'prev_action': {'action_name': 'utter_architecture_response'}}]
2025-02-16 13:40:25 DEBUG    rasa.core.policies.memoization  - There is a memorised next action 'action_listen'
2025-02-16 13:40:25 DEBUG    rasa.engine.graph  - Node 'run_RulePolicy1' running 'RulePolicy.predict_action_probabilities'.
2025-02-16 13:40:25 DEBUG    rasa.core.policies.rule_policy  - [debug    ] rule_policy.actions.find       current_states=
[state 1] user intent: greet | previous action name: action_listen
[state 2] user intent: greet | previous action name: utter_greet
[state 3] user intent: ask_architecture | previous action name: action_listen
[state 4] user intent: ask_architecture | previous action name: utter_architecture_response
[state 5] user intent: ask_architecture | previous action name: action_listen
[state 6] user intent: ask_architecture | previous action name: utter_architecture_response
2025-02-16 13:40:25 DEBUG    rasa.core.policies.rule_policy  - There is a rule for the next action 'action_listen'.
2025-02-16 13:40:25 DEBUG    rasa.engine.graph  - Node 'run_TEDPolicy2' running 'TEDPolicy.predict_action_probabilities'.
2025-02-16 13:40:26 DEBUG    rasa.core.policies.ted_policy  - TED predicted 'action_default_ask_affirmation' based on user intent.
2025-02-16 13:40:26 DEBUG    rasa.engine.graph  - Node 'select_prediction' running 'DefaultPolicyPredictionEnsemble.combine_predictions_from_kwargs'.
2025-02-16 13:40:26 DEBUG    rasa.core.policies.ensemble  - Predicted next action using RulePolicy.
2025-02-16 13:40:26 DEBUG    rasa.core.processor  - Predicted next action 'action_listen' with confidence 1.00.
2025-02-16 13:40:26 DEBUG    rasa.core.processor  - [debug    ] processor.actions.policy_prediction prediction_events=[]
2025-02-16 13:40:26 DEBUG    rasa.core.processor  - [debug    ] processor.actions.log          action_name=action_listen rasa_events=[]
2025-02-16 13:40:26 DEBUG    rasa.core.tracker_store  - No event broker configured. Skipping streaming events.
2025-02-16 13:40:26 DEBUG    rasa.core.lock_store  - Deleted lock for conversation 'PractikumStudent'.
2025-02-16 13:43:04 DEBUG    rasa.core.lock_store  - Issuing ticket for conversation 'PractikumStudent'.
2025-02-16 13:43:04 DEBUG    rasa.core.lock_store  - Acquiring lock for conversation 'PractikumStudent'.
2025-02-16 13:43:04 DEBUG    rasa.core.lock_store  - Acquired lock for conversation 'PractikumStudent'.
2025-02-16 13:43:04 DEBUG    rasa.core.tracker_store  - Recreating tracker for id 'PractikumStudent'
2025-02-16 13:43:04 DEBUG    rasa.engine.runner.dask  - Running graph with inputs: {'__message__': [<rasa.core.channels.channel.UserMessage object at 0x756933b12c40>], '__tracker__': <rasa.shared.core.trackers.DialogueStateTracker object at 0x75691cbb74f0>}, targets: ['run_RegexMessageHandler'] and ExecutionContext(model_id='5c3d6488cccb4651a05630fe40d5152e', should_add_diagnostic_data=False, is_finetuning=False, node_name=None).
2025-02-16 13:43:04 DEBUG    rasa.engine.graph  - Node 'nlu_message_converter' running 'NLUMessageConverter.convert_user_message'.
2025-02-16 13:43:04 DEBUG    rasa.engine.graph  - Node 'run_WhitespaceTokenizer0' running 'WhitespaceTokenizer.process'.
2025-02-16 13:43:04 DEBUG    rasa.engine.graph  - Node 'run_RegexFeaturizer1' running 'RegexFeaturizer.process'.
2025-02-16 13:43:04 DEBUG    rasa.engine.graph  - Node 'run_LexicalSyntacticFeaturizer2' running 'LexicalSyntacticFeaturizer.process'.
2025-02-16 13:43:04 DEBUG    rasa.engine.graph  - Node 'run_CountVectorsFeaturizer3' running 'CountVectorsFeaturizer.process'.
2025-02-16 13:43:04 DEBUG    rasa.engine.graph  - Node 'run_LanguageModelFeaturizer4' running 'LanguageModelFeaturizer.process'.
2025-02-16 13:43:04 DEBUG    rasa.engine.graph  - Node 'run_DIETClassifier5' running 'DIETClassifier.process'.
2025-02-16 13:43:04 DEBUG    rasa.engine.graph  - Node 'run_EntitySynonymMapper6' running 'EntitySynonymMapper.process'.
2025-02-16 13:43:04 DEBUG    rasa.engine.graph  - Node 'run_ResponseSelector7' running 'ResponseSelector.process'.
2025-02-16 13:43:04 DEBUG    rasa.nlu.classifiers.diet_classifier  - There is no trained model for 'ResponseSelector': The component is either not trained or didn't receive enough training data.
2025-02-16 13:43:04 DEBUG    rasa.nlu.selectors.response_selector  - Adding following selector key to message property: default
2025-02-16 13:43:04 DEBUG    rasa.engine.graph  - Node 'domain_provider' running 'DomainProvider.provide_inference'.
2025-02-16 13:43:04 DEBUG    rasa.engine.graph  - Node 'run_RegexMessageHandler' running 'RegexMessageHandler.process'.
2025-02-16 13:43:04 DEBUG    rasa.core.processor  - [debug    ] processor.message.parse        parse_data_entities=[] parse_data_intent={'name': 'goodbye', 'confidence': 0.9801438450813293} parse_data_text=Пока
2025-02-16 13:43:04 DEBUG    rasa.core.processor  - Logged UserUtterance - tracker now has 22 events.
2025-02-16 13:43:04 DEBUG    rasa.core.actions.action  - Validating extracted slots: topic
2025-02-16 13:43:04 DEBUG    rasa.core.processor  - [debug    ] processor.extract.slots        action_extract_slot=action_extract_slots len_extraction_events=1 rasa_events=[SlotSet(key: topic, value: Пока)]
2025-02-16 13:43:04 DEBUG    rasa.engine.runner.dask  - Running graph with inputs: {'__tracker__': <rasa.shared.core.trackers.DialogueStateTracker object at 0x75691cbb74f0>}, targets: ['select_prediction'] and ExecutionContext(model_id='5c3d6488cccb4651a05630fe40d5152e', should_add_diagnostic_data=False, is_finetuning=False, node_name=None).
2025-02-16 13:43:04 DEBUG    rasa.engine.graph  - Node 'rule_only_data_provider' running 'RuleOnlyDataProvider.provide'.
2025-02-16 13:43:04 DEBUG    rasa.engine.graph  - Node 'domain_provider' running 'DomainProvider.provide_inference'.
2025-02-16 13:43:04 DEBUG    rasa.engine.graph  - Node 'run_MemoizationPolicy0' running 'MemoizationPolicy.predict_action_probabilities'.
2025-02-16 13:43:04 DEBUG    rasa.core.policies.memoization  - [debug    ] memoization.predict.actions    tracker_states=[{'user': {'intent': 'ask_architecture'}, 'prev_action': {'action_name': 'utter_architecture_response'}}, {'user': {'intent': 'goodbye'}, 'prev_action': {'action_name': 'action_listen'}}]
2025-02-16 13:43:04 DEBUG    rasa.core.policies.memoization  - There is no memorised next action
2025-02-16 13:43:04 DEBUG    rasa.engine.graph  - Node 'run_RulePolicy1' running 'RulePolicy.predict_action_probabilities'.
2025-02-16 13:43:04 DEBUG    rasa.core.policies.rule_policy  - [debug    ] rule_policy.actions.find       current_states=
[state 1] user intent: greet | previous action name: action_listen
[state 2] user intent: greet | previous action name: utter_greet
[state 3] user intent: ask_architecture | previous action name: action_listen
[state 4] user intent: ask_architecture | previous action name: utter_architecture_response
[state 5] user intent: ask_architecture | previous action name: action_listen
[state 6] user intent: ask_architecture | previous action name: utter_architecture_response
[state 7] user text: Пока | previous action name: action_listen
2025-02-16 13:43:04 DEBUG    rasa.core.policies.rule_policy  - There is no applicable rule.
2025-02-16 13:43:04 DEBUG    rasa.core.policies.rule_policy  - [debug    ] rule_policy.actions.find       current_states=
[state 1] user intent: greet | previous action name: action_listen
[state 2] user intent: greet | previous action name: utter_greet
[state 3] user intent: ask_architecture | previous action name: action_listen
[state 4] user intent: ask_architecture | previous action name: utter_architecture_response
[state 5] user intent: ask_architecture | previous action name: action_listen
[state 6] user intent: ask_architecture | previous action name: utter_architecture_response
[state 7] user intent: goodbye | previous action name: action_listen
2025-02-16 13:43:04 DEBUG    rasa.core.policies.rule_policy  - There is a rule for the next action 'utter_goodbye'.
2025-02-16 13:43:04 DEBUG    rasa.engine.graph  - Node 'run_TEDPolicy2' running 'TEDPolicy.predict_action_probabilities'.
2025-02-16 13:43:04 DEBUG    rasa.core.policies.ted_policy  - TED predicted 'utter_architecture_response' based on user intent.
2025-02-16 13:43:04 DEBUG    rasa.engine.graph  - Node 'select_prediction' running 'DefaultPolicyPredictionEnsemble.combine_predictions_from_kwargs'.
2025-02-16 13:43:04 DEBUG    rasa.core.policies.ensemble  - Made prediction using user intent.
2025-02-16 13:43:04 DEBUG    rasa.core.policies.ensemble  - Added `DefinePrevUserUtteredFeaturization(False)` event.
2025-02-16 13:43:04 DEBUG    rasa.core.policies.ensemble  - Predicted next action using RulePolicy.
2025-02-16 13:43:04 DEBUG    rasa.core.processor  - Predicted next action 'utter_goodbye' with confidence 1.00.
2025-02-16 13:43:04 DEBUG    rasa.core.processor  - [debug    ] processor.actions.policy_prediction prediction_events=[<rasa.shared.core.events.DefinePrevUserUtteredFeaturization object at 0x756913249280>]
2025-02-16 13:43:04 DEBUG    rasa.core.processor  - [debug    ] processor.actions.log          action_name=utter_goodbye rasa_events=[BotUttered('До свидания! Если появятся вопросы по архитектуре ПО, обращайтесь.', {"elements": null, "quick_replies": null, "buttons": null, "attachment": null, "image": null, "custom": null}, {"utter_action": "utter_goodbye"}, 1739713384.5814736)]
2025-02-16 13:43:04 DEBUG    rasa.engine.runner.dask  - Running graph with inputs: {'__tracker__': <rasa.shared.core.trackers.DialogueStateTracker object at 0x75691cbb74f0>}, targets: ['select_prediction'] and ExecutionContext(model_id='5c3d6488cccb4651a05630fe40d5152e', should_add_diagnostic_data=False, is_finetuning=False, node_name=None).
2025-02-16 13:43:04 DEBUG    rasa.engine.graph  - Node 'rule_only_data_provider' running 'RuleOnlyDataProvider.provide'.
2025-02-16 13:43:04 DEBUG    rasa.engine.graph  - Node 'domain_provider' running 'DomainProvider.provide_inference'.
2025-02-16 13:43:04 DEBUG    rasa.engine.graph  - Node 'run_MemoizationPolicy0' running 'MemoizationPolicy.predict_action_probabilities'.
2025-02-16 13:43:04 DEBUG    rasa.core.policies.memoization  - [debug    ] memoization.predict.actions    tracker_states=[{'user': {'intent': 'goodbye'}, 'prev_action': {'action_name': 'action_listen'}}, {'user': {'intent': 'goodbye'}, 'prev_action': {'action_name': 'utter_goodbye'}}]
2025-02-16 13:43:04 DEBUG    rasa.core.policies.memoization  - There is a memorised next action 'action_listen'
2025-02-16 13:43:04 DEBUG    rasa.engine.graph  - Node 'run_RulePolicy1' running 'RulePolicy.predict_action_probabilities'.
2025-02-16 13:43:04 DEBUG    rasa.core.policies.rule_policy  - [debug    ] rule_policy.actions.find       current_states=
[state 1] user intent: greet | previous action name: action_listen
[state 2] user intent: greet | previous action name: utter_greet
[state 3] user intent: ask_architecture | previous action name: action_listen
[state 4] user intent: ask_architecture | previous action name: utter_architecture_response
[state 5] user intent: ask_architecture | previous action name: action_listen
[state 6] user intent: ask_architecture | previous action name: utter_architecture_response
[state 7] user intent: goodbye | previous action name: action_listen
[state 8] user intent: goodbye | previous action name: utter_goodbye
2025-02-16 13:43:04 DEBUG    rasa.core.policies.rule_policy  - There is a rule for the next action 'action_listen'.
2025-02-16 13:43:04 DEBUG    rasa.engine.graph  - Node 'run_TEDPolicy2' running 'TEDPolicy.predict_action_probabilities'.
2025-02-16 13:43:04 DEBUG    rasa.core.policies.ted_policy  - TED predicted 'utter_acknowledge' based on user intent.
2025-02-16 13:43:04 DEBUG    rasa.engine.graph  - Node 'select_prediction' running 'DefaultPolicyPredictionEnsemble.combine_predictions_from_kwargs'.
2025-02-16 13:43:04 DEBUG    rasa.core.policies.ensemble  - Predicted next action using RulePolicy.
2025-02-16 13:43:04 DEBUG    rasa.core.processor  - Predicted next action 'action_listen' with confidence 1.00.
2025-02-16 13:43:04 DEBUG    rasa.core.processor  - [debug    ] processor.actions.policy_prediction prediction_events=[]
2025-02-16 13:43:04 DEBUG    rasa.core.processor  - [debug    ] processor.actions.log          action_name=action_listen rasa_events=[]
2025-02-16 13:43:04 DEBUG    rasa.core.tracker_store  - No event broker configured. Skipping streaming events.
2025-02-16 13:43:04 DEBUG    rasa.core.lock_store  - Deleted lock for conversation 'PractikumStudent'.