2025-02-16 18:41:43,388 [DEBUG]  Available web server routes: 
/conversations/<conversation_id:path>/messages     POST                           add_message
/conversations/<conversation_id:path>/tracker/events POST                           append_events
/webhooks/rasa                                     GET                            custom_webhook_RasaChatInput.health
/webhooks/rasa/webhook                             POST                           custom_webhook_RasaChatInput.receive
/webhooks/rest                                     GET                            custom_webhook_RestInput.health
/webhooks/rest/webhook                             POST                           custom_webhook_RestInput.receive
/model/test/intents                                POST                           evaluate_intents
/model/test/stories                                POST                           evaluate_stories
/conversations/<conversation_id:path>/execute      POST                           execute_action
/domain                                            GET                            get_domain
/                                                  GET                            hello
/model                                             PUT                            load_model
/model/parse                                       POST                           parse
/conversations/<conversation_id:path>/predict      POST                           predict
/conversations/<conversation_id:path>/tracker/events PUT                            replace_events
/conversations/<conversation_id:path>/story        GET                            retrieve_story
/conversations/<conversation_id:path>/tracker      GET                            retrieve_tracker
/status                                            GET                            status
/model/predict                                     POST                           tracker_predict
/model/train                                       POST                           train
/conversations/<conversation_id:path>/trigger_intent POST                           trigger_intent
/model                                             DELETE                         unload_model
/version                                           GET                            version
2025-02-16 18:41:43,388 [INFO ]  Starting Rasa server on http://0.0.0.0:5005
2025-02-16 18:41:43,388 [DEBUG]  Using the default number of Sanic workers (1).
2025-02-16 18:41:43,459 [DEBUG]  Skipping telemetry reporting: no license hash found.
2025-02-16 18:41:43,479 [DEBUG]  Connected to InMemoryTrackerStore.
2025-02-16 18:41:43,479 [DEBUG]  Connected to lock store 'InMemoryLockStore'.
2025-02-16 18:41:43,479 [DEBUG]  Instantiated NLG to 'TemplatedNaturalLanguageGenerator'.
2025-02-16 18:41:43,479 [INFO ]  Loading model models/20250216-180530-cloudy-tensor.tar.gz...
2025-02-16 18:41:43,527 [DEBUG]  Extracted model to '/tmp/tmpdxif6jxv'.
2025-02-16 18:41:43,530 [DEBUG]  Node 'nlu_message_converter' loading 'NLUMessageConverter.load' and kwargs: '{}'.
2025-02-16 18:41:43,530 [DEBUG]  Node 'run_WhitespaceTokenizer0' loading 'WhitespaceTokenizer.load' and kwargs: '{}'.
2025-02-16 18:41:43,531 [DEBUG]  Node 'run_RegexFeaturizer1' loading 'RegexFeaturizer.load' and kwargs: '{}'.
2025-02-16 18:41:43,531 [DEBUG]  Resource 'train_RegexFeaturizer1' was requested for reading.
2025-02-16 18:41:43,531 [DEBUG]  Node 'run_LexicalSyntacticFeaturizer2' loading 'LexicalSyntacticFeaturizer.load' and kwargs: '{}'.
2025-02-16 18:41:43,531 [DEBUG]  Resource 'train_LexicalSyntacticFeaturizer2' was requested for reading.
2025-02-16 18:41:43,531 [DEBUG]  Node 'run_CountVectorsFeaturizer3' loading 'CountVectorsFeaturizer.load' and kwargs: '{}'.
2025-02-16 18:41:43,531 [DEBUG]  Resource 'train_CountVectorsFeaturizer3' was requested for reading.
2025-02-16 18:41:43,532 [DEBUG]  Node 'run_LanguageModelFeaturizer4' loading 'LanguageModelFeaturizer.load' and kwargs: '{}'.
2025-02-16 18:41:43,954 [DEBUG]  Loading Tokenizer and Model for bert
2025-02-16 18:41:43,956 [DEBUG]  Starting new HTTPS connection (1): huggingface.co:443
2025-02-16 18:41:44,564 [DEBUG]  https://huggingface.co:443 "HEAD /bert-base-cased/resolve/main/tokenizer_config.json HTTP/1.1" 200 0
2025-02-16 18:41:44,767 [DEBUG]  https://huggingface.co:443 "HEAD /bert-base-cased/resolve/main/config.json HTTP/1.1" 200 0
2025-02-16 18:41:45,688 [DEBUG]  Node 'run_DIETClassifier5' loading 'DIETClassifier.load' and kwargs: '{}'.
2025-02-16 18:41:45,688 [DEBUG]  Resource 'train_DIETClassifier5' was requested for reading.
2025-02-16 18:41:45,689 [DEBUG]  Loading the model from /tmp/tmp3_6f1biw/train_DIETClassifier5/DIETClassifier.tf_model with finetune_mode=False...
2025-02-16 18:41:45,701 [DEBUG]  You specified 'DIET' to train entities, but no entities are present in the training data. Skipping training of entities.
2025-02-16 18:41:45,719 [DEBUG]  Following metrics will be logged during training: 
2025-02-16 18:41:45,719 [DEBUG]    t_loss (total loss)
2025-02-16 18:41:45,719 [DEBUG]    i_acc (intent acc)
2025-02-16 18:41:45,719 [DEBUG]    i_loss (intent loss)
2025-02-16 18:41:50,305 [DEBUG]  Finished loading the model.
2025-02-16 18:41:50,305 [DEBUG]  Node 'run_EntitySynonymMapper6' loading 'EntitySynonymMapper.load' and kwargs: '{}'.
2025-02-16 18:41:50,305 [DEBUG]  Resource 'train_EntitySynonymMapper6' was requested for reading.
2025-02-16 18:41:50,306 [DEBUG]  Failed to load ABCMeta from model storage. Resource 'train_EntitySynonymMapper6' doesn't exist.
2025-02-16 18:41:50,306 [DEBUG]  Node 'run_ResponseSelector7' loading 'ResponseSelector.load' and kwargs: '{}'.
2025-02-16 18:41:50,306 [DEBUG]  Resource 'train_ResponseSelector7' was requested for reading.
2025-02-16 18:41:50,306 [DEBUG]  Failed to load ABCMeta from model storage. Resource 'train_ResponseSelector7' doesn't exist.
2025-02-16 18:41:50,306 [DEBUG]  Resource 'train_ResponseSelector7' was requested for reading.
2025-02-16 18:41:50,306 [DEBUG]  Failed to load ResponseSelector from model storage. Resource 'train_ResponseSelector7' doesn't exist.
2025-02-16 18:41:50,306 [DEBUG]  Node 'run_RegexMessageHandler' loading 'RegexMessageHandler.load' and kwargs: '{}'.
2025-02-16 18:41:50,307 [DEBUG]  Node 'domain_provider' loading 'DomainProvider.load' and kwargs: '{}'.
2025-02-16 18:41:50,307 [DEBUG]  Resource 'domain_provider' was requested for reading.
2025-02-16 18:41:50,328 [DEBUG]  Node 'run_MemoizationPolicy0' loading 'MemoizationPolicy.load' and kwargs: '{}'.
2025-02-16 18:41:50,328 [DEBUG]  Resource 'train_MemoizationPolicy0' was requested for reading.
2025-02-16 18:41:50,329 [DEBUG]  Node 'run_RulePolicy1' loading 'RulePolicy.load' and kwargs: '{}'.
2025-02-16 18:41:50,329 [DEBUG]  Resource 'train_RulePolicy1' was requested for reading.
2025-02-16 18:41:50,330 [DEBUG]  Node 'run_TEDPolicy2' loading 'TEDPolicy.load' and kwargs: '{}'.
2025-02-16 18:41:50,330 [DEBUG]  Resource 'train_TEDPolicy2' was requested for reading.
2025-02-16 18:41:50,333 [DEBUG]  Loading the model from /tmp/tmp3_6f1biw/train_TEDPolicy2/ted_policy.tf_model with finetune_mode=False...
2025-02-16 18:41:56,591 [DEBUG]  Finished loading the model.
2025-02-16 18:41:56,591 [DEBUG]  Node 'rule_only_data_provider' loading 'RuleOnlyDataProvider.load' and kwargs: '{}'.
2025-02-16 18:41:56,591 [DEBUG]  Resource 'train_RulePolicy1' was requested for reading.
2025-02-16 18:41:56,591 [DEBUG]  Node 'select_prediction' loading 'DefaultPolicyPredictionEnsemble.load' and kwargs: '{}'.
2025-02-16 18:41:56,593 [INFO ]  Rasa server is up and running.
2025-02-16 18:41:56,593 [INFO ]  Enabling coroutine debugging. Loop id 93903613547408.
2025-02-16 18:42:18,489 [DEBUG]  Issuing ticket for conversation 'PractikumStudent'.
2025-02-16 18:42:18,489 [DEBUG]  Acquiring lock for conversation 'PractikumStudent'.
2025-02-16 18:42:18,489 [DEBUG]  Acquired lock for conversation 'PractikumStudent'.
2025-02-16 18:42:18,489 [DEBUG]  Could not find tracker for conversation ID 'PractikumStudent'.
2025-02-16 18:42:18,489 [DEBUG]  No event broker configured. Skipping streaming events.
2025-02-16 18:42:18,489 [DEBUG]  Starting a new session for conversation ID 'PractikumStudent'.
2025-02-16 18:42:18,491 [DEBUG]  [[32m[1mdebug    [0m] [1mprocessor.actions.policy_prediction[0m [36mprediction_events[0m=[35m[][0m
2025-02-16 18:42:18,491 [DEBUG]  [[32m[1mdebug    [0m] [1mprocessor.actions.log         [0m [36maction_name[0m=[35maction_session_start[0m [36mrasa_events[0m=[35m[<rasa.shared.core.events.SessionStarted object at 0x7dcc2eb13880>, ActionExecuted(action: action_listen, policy: None, confidence: None)][0m
2025-02-16 18:42:18,491 [DEBUG]  [[32m[1mdebug    [0m] [1mprocessor.slots.log           [0m [36mslot_values[0m=[35m	topic: None
	session_started_metadata: None[0m
2025-02-16 18:42:18,491 [DEBUG]  Running graph with inputs: {'__message__': [<rasa.core.channels.channel.UserMessage object at 0x7dcc3c073af0>], '__tracker__': <rasa.shared.core.trackers.DialogueStateTracker object at 0x7dcc2fff07f0>}, targets: ['run_RegexMessageHandler'] and ExecutionContext(model_id='0f939feccc084ddd861b7dd0198aa6b8', should_add_diagnostic_data=False, is_finetuning=False, node_name=None).
2025-02-16 18:42:18,492 [DEBUG]  Node 'nlu_message_converter' running 'NLUMessageConverter.convert_user_message'.
2025-02-16 18:42:18,492 [DEBUG]  Node 'run_WhitespaceTokenizer0' running 'WhitespaceTokenizer.process'.
2025-02-16 18:42:18,493 [DEBUG]  Node 'run_RegexFeaturizer1' running 'RegexFeaturizer.process'.
2025-02-16 18:42:18,493 [DEBUG]  Node 'run_LexicalSyntacticFeaturizer2' running 'LexicalSyntacticFeaturizer.process'.
2025-02-16 18:42:18,494 [DEBUG]  Node 'run_CountVectorsFeaturizer3' running 'CountVectorsFeaturizer.process'.
2025-02-16 18:42:18,495 [DEBUG]  Node 'run_LanguageModelFeaturizer4' running 'LanguageModelFeaturizer.process'.
2025-02-16 18:42:18,670 [DEBUG]  Node 'run_DIETClassifier5' running 'DIETClassifier.process'.
2025-02-16 18:42:18,760 [DEBUG]  Node 'run_EntitySynonymMapper6' running 'EntitySynonymMapper.process'.
2025-02-16 18:42:18,760 [DEBUG]  Node 'run_ResponseSelector7' running 'ResponseSelector.process'.
2025-02-16 18:42:18,760 [DEBUG]  There is no trained model for 'ResponseSelector': The component is either not trained or didn't receive enough training data.
2025-02-16 18:42:18,760 [DEBUG]  Adding following selector key to message property: default
2025-02-16 18:42:18,760 [DEBUG]  Node 'domain_provider' running 'DomainProvider.provide_inference'.
2025-02-16 18:42:18,760 [DEBUG]  Node 'run_RegexMessageHandler' running 'RegexMessageHandler.process'.
2025-02-16 18:42:18,761 [DEBUG]  [[32m[1mdebug    [0m] [1mprocessor.message.parse       [0m [36mparse_data_entities[0m=[35m[][0m [36mparse_data_intent[0m=[35m{'name': 'greet', 'confidence': 0.9949694275856018}[0m [36mparse_data_text[0m=[35mПривет![0m
2025-02-16 18:42:18,761 [DEBUG]  Logged UserUtterance - tracker now has 4 events.
2025-02-16 18:42:18,762 [DEBUG]  Validating extracted slots: topic
2025-02-16 18:42:18,762 [DEBUG]  [[32m[1mdebug    [0m] [1mprocessor.extract.slots       [0m [36maction_extract_slot[0m=[35maction_extract_slots[0m [36mlen_extraction_events[0m=[35m1[0m [36mrasa_events[0m=[35m[SlotSet(key: topic, value: Привет!)][0m
2025-02-16 18:42:18,762 [DEBUG]  Running graph with inputs: {'__tracker__': <rasa.shared.core.trackers.DialogueStateTracker object at 0x7dcc2fff07f0>}, targets: ['select_prediction'] and ExecutionContext(model_id='0f939feccc084ddd861b7dd0198aa6b8', should_add_diagnostic_data=False, is_finetuning=False, node_name=None).
2025-02-16 18:42:18,762 [DEBUG]  Node 'rule_only_data_provider' running 'RuleOnlyDataProvider.provide'.
2025-02-16 18:42:18,762 [DEBUG]  Node 'domain_provider' running 'DomainProvider.provide_inference'.
2025-02-16 18:42:18,762 [DEBUG]  Node 'run_MemoizationPolicy0' running 'MemoizationPolicy.predict_action_probabilities'.
2025-02-16 18:42:18,763 [DEBUG]  [[32m[1mdebug    [0m] [1mmemoization.predict.actions   [0m [36mtracker_states[0m=[35m[{}, {'user': {'intent': 'greet'}, 'prev_action': {'action_name': 'action_listen'}}][0m
2025-02-16 18:42:18,763 [DEBUG]  There is a memorised next action 'utter_greet'
2025-02-16 18:42:18,763 [DEBUG]  Node 'run_RulePolicy1' running 'RulePolicy.predict_action_probabilities'.
2025-02-16 18:42:18,763 [DEBUG]  [[32m[1mdebug    [0m] [1mrule_policy.actions.find      [0m [36mcurrent_states[0m=[35m
[state 1] user text: Привет! | previous action name: action_listen[0m
2025-02-16 18:42:18,764 [DEBUG]  There is no applicable rule.
2025-02-16 18:42:18,764 [DEBUG]  [[32m[1mdebug    [0m] [1mrule_policy.actions.find      [0m [36mcurrent_states[0m=[35m
[state 1] user intent: greet | previous action name: action_listen[0m
2025-02-16 18:42:18,765 [DEBUG]  There is a rule for the next action 'utter_greet'.
2025-02-16 18:42:18,765 [DEBUG]  Node 'run_TEDPolicy2' running 'TEDPolicy.predict_action_probabilities'.
2025-02-16 18:42:18,768 [DEBUG]  TED predicted 'utter_greet' based on user intent.
2025-02-16 18:42:18,769 [DEBUG]  Node 'select_prediction' running 'DefaultPolicyPredictionEnsemble.combine_predictions_from_kwargs'.
2025-02-16 18:42:18,769 [DEBUG]  Made prediction using user intent.
2025-02-16 18:42:18,769 [DEBUG]  Added `DefinePrevUserUtteredFeaturization(False)` event.
2025-02-16 18:42:18,769 [DEBUG]  Predicted next action using RulePolicy.
2025-02-16 18:42:18,769 [DEBUG]  Predicted next action 'utter_greet' with confidence 1.00.
2025-02-16 18:42:18,770 [DEBUG]  [[32m[1mdebug    [0m] [1mprocessor.actions.policy_prediction[0m [36mprediction_events[0m=[35m[<rasa.shared.core.events.DefinePrevUserUtteredFeaturization object at 0x7dcc3f547520>][0m
2025-02-16 18:42:18,770 [DEBUG]  [[32m[1mdebug    [0m] [1mprocessor.actions.log         [0m [36maction_name[0m=[35mutter_greet[0m [36mrasa_events[0m=[35m[BotUttered('Привет! Чем могу помочь в области архитектуры программного обеспечения?', {"elements": null, "quick_replies": null, "buttons": null, "attachment": null, "image": null, "custom": null}, {"utter_action": "utter_greet"}, 1739720538.7700279)][0m
2025-02-16 18:42:18,770 [DEBUG]  Running graph with inputs: {'__tracker__': <rasa.shared.core.trackers.DialogueStateTracker object at 0x7dcc2fff07f0>}, targets: ['select_prediction'] and ExecutionContext(model_id='0f939feccc084ddd861b7dd0198aa6b8', should_add_diagnostic_data=False, is_finetuning=False, node_name=None).
2025-02-16 18:42:18,770 [DEBUG]  Node 'rule_only_data_provider' running 'RuleOnlyDataProvider.provide'.
2025-02-16 18:42:18,770 [DEBUG]  Node 'domain_provider' running 'DomainProvider.provide_inference'.
2025-02-16 18:42:18,771 [DEBUG]  Node 'run_MemoizationPolicy0' running 'MemoizationPolicy.predict_action_probabilities'.
2025-02-16 18:42:18,771 [DEBUG]  [[32m[1mdebug    [0m] [1mmemoization.predict.actions   [0m [36mtracker_states[0m=[35m[{'user': {'intent': 'greet'}, 'prev_action': {'action_name': 'action_listen'}}, {'user': {'intent': 'greet'}, 'prev_action': {'action_name': 'utter_greet'}}][0m
2025-02-16 18:42:18,771 [DEBUG]  There is a memorised next action 'action_listen'
2025-02-16 18:42:18,771 [DEBUG]  Node 'run_RulePolicy1' running 'RulePolicy.predict_action_probabilities'.
2025-02-16 18:42:18,771 [DEBUG]  [[32m[1mdebug    [0m] [1mrule_policy.actions.find      [0m [36mcurrent_states[0m=[35m
[state 1] user intent: greet | previous action name: action_listen
[state 2] user intent: greet | previous action name: utter_greet[0m
2025-02-16 18:42:18,771 [DEBUG]  There is a rule for the next action 'action_listen'.
2025-02-16 18:42:18,771 [DEBUG]  Node 'run_TEDPolicy2' running 'TEDPolicy.predict_action_probabilities'.
2025-02-16 18:42:18,775 [DEBUG]  TED predicted 'action_listen' based on user intent.
2025-02-16 18:42:18,775 [DEBUG]  Node 'select_prediction' running 'DefaultPolicyPredictionEnsemble.combine_predictions_from_kwargs'.
2025-02-16 18:42:18,775 [DEBUG]  Predicted next action using RulePolicy.
2025-02-16 18:42:18,776 [DEBUG]  Predicted next action 'action_listen' with confidence 1.00.
2025-02-16 18:42:18,776 [DEBUG]  [[32m[1mdebug    [0m] [1mprocessor.actions.policy_prediction[0m [36mprediction_events[0m=[35m[][0m
2025-02-16 18:42:18,776 [DEBUG]  [[32m[1mdebug    [0m] [1mprocessor.actions.log         [0m [36maction_name[0m=[35maction_listen[0m [36mrasa_events[0m=[35m[][0m
2025-02-16 18:42:18,776 [DEBUG]  No event broker configured. Skipping streaming events.
2025-02-16 18:42:18,776 [DEBUG]  Deleted lock for conversation 'PractikumStudent'.
2025-02-16 18:42:33,589 [DEBUG]  Issuing ticket for conversation 'PractikumStudent'.
2025-02-16 18:42:33,589 [DEBUG]  Acquiring lock for conversation 'PractikumStudent'.
2025-02-16 18:42:33,589 [DEBUG]  Acquired lock for conversation 'PractikumStudent'.
2025-02-16 18:42:33,589 [DEBUG]  Recreating tracker for id 'PractikumStudent'
2025-02-16 18:42:33,590 [DEBUG]  Running graph with inputs: {'__message__': [<rasa.core.channels.channel.UserMessage object at 0x7dcc5b1a4cd0>], '__tracker__': <rasa.shared.core.trackers.DialogueStateTracker object at 0x7dcc3f547520>}, targets: ['run_RegexMessageHandler'] and ExecutionContext(model_id='0f939feccc084ddd861b7dd0198aa6b8', should_add_diagnostic_data=False, is_finetuning=False, node_name=None).
2025-02-16 18:42:33,591 [DEBUG]  Node 'nlu_message_converter' running 'NLUMessageConverter.convert_user_message'.
2025-02-16 18:42:33,591 [DEBUG]  Node 'run_WhitespaceTokenizer0' running 'WhitespaceTokenizer.process'.
2025-02-16 18:42:33,591 [DEBUG]  Node 'run_RegexFeaturizer1' running 'RegexFeaturizer.process'.
2025-02-16 18:42:33,592 [DEBUG]  Node 'run_LexicalSyntacticFeaturizer2' running 'LexicalSyntacticFeaturizer.process'.
2025-02-16 18:42:33,593 [DEBUG]  Node 'run_CountVectorsFeaturizer3' running 'CountVectorsFeaturizer.process'.
2025-02-16 18:42:33,594 [DEBUG]  Node 'run_LanguageModelFeaturizer4' running 'LanguageModelFeaturizer.process'.
2025-02-16 18:42:33,763 [DEBUG]  Node 'run_DIETClassifier5' running 'DIETClassifier.process'.
2025-02-16 18:42:33,767 [DEBUG]  Node 'run_EntitySynonymMapper6' running 'EntitySynonymMapper.process'.
2025-02-16 18:42:33,767 [DEBUG]  Node 'run_ResponseSelector7' running 'ResponseSelector.process'.
2025-02-16 18:42:33,767 [DEBUG]  There is no trained model for 'ResponseSelector': The component is either not trained or didn't receive enough training data.
2025-02-16 18:42:33,767 [DEBUG]  Adding following selector key to message property: default
2025-02-16 18:42:33,767 [DEBUG]  Node 'domain_provider' running 'DomainProvider.provide_inference'.
2025-02-16 18:42:33,768 [DEBUG]  Node 'run_RegexMessageHandler' running 'RegexMessageHandler.process'.
2025-02-16 18:42:33,768 [DEBUG]  [[32m[1mdebug    [0m] [1mprocessor.message.parse       [0m [36mparse_data_entities[0m=[35m[][0m [36mparse_data_intent[0m=[35m{'name': 'ask_architecture', 'confidence': 0.9998106360435486}[0m [36mparse_data_text[0m=[35mЧто такое микросервисная архитектура?[0m
2025-02-16 18:42:33,768 [DEBUG]  Logged UserUtterance - tracker now has 10 events.
2025-02-16 18:42:33,768 [DEBUG]  Validating extracted slots: topic
2025-02-16 18:42:33,768 [DEBUG]  [[32m[1mdebug    [0m] [1mprocessor.extract.slots       [0m [36maction_extract_slot[0m=[35maction_extract_slots[0m [36mlen_extraction_events[0m=[35m1[0m [36mrasa_events[0m=[35m[SlotSet(key: topic, value: Что такое микросервисная архитектура?)][0m
2025-02-16 18:42:33,768 [DEBUG]  Running graph with inputs: {'__tracker__': <rasa.shared.core.trackers.DialogueStateTracker object at 0x7dcc3f547520>}, targets: ['select_prediction'] and ExecutionContext(model_id='0f939feccc084ddd861b7dd0198aa6b8', should_add_diagnostic_data=False, is_finetuning=False, node_name=None).
2025-02-16 18:42:33,769 [DEBUG]  Node 'rule_only_data_provider' running 'RuleOnlyDataProvider.provide'.
2025-02-16 18:42:33,769 [DEBUG]  Node 'domain_provider' running 'DomainProvider.provide_inference'.
2025-02-16 18:42:33,769 [DEBUG]  Node 'run_MemoizationPolicy0' running 'MemoizationPolicy.predict_action_probabilities'.
2025-02-16 18:42:33,769 [DEBUG]  [[32m[1mdebug    [0m] [1mmemoization.predict.actions   [0m [36mtracker_states[0m=[35m[{'user': {'intent': 'greet'}, 'prev_action': {'action_name': 'utter_greet'}}, {'user': {'intent': 'ask_architecture'}, 'prev_action': {'action_name': 'action_listen'}}][0m
2025-02-16 18:42:33,770 [DEBUG]  There is a memorised next action 'utter_architecture_response'
2025-02-16 18:42:33,770 [DEBUG]  Node 'run_RulePolicy1' running 'RulePolicy.predict_action_probabilities'.
2025-02-16 18:42:33,770 [DEBUG]  [[32m[1mdebug    [0m] [1mrule_policy.actions.find      [0m [36mcurrent_states[0m=[35m
[state 1] user intent: greet | previous action name: action_listen
[state 2] user intent: greet | previous action name: utter_greet
[state 3] user text: Что такое микросервисная архитектура? | previous action name: action_listen[0m
2025-02-16 18:42:33,770 [DEBUG]  There is no applicable rule.
2025-02-16 18:42:33,771 [DEBUG]  [[32m[1mdebug    [0m] [1mrule_policy.actions.find      [0m [36mcurrent_states[0m=[35m
[state 1] user intent: greet | previous action name: action_listen
[state 2] user intent: greet | previous action name: utter_greet
[state 3] user intent: ask_architecture | previous action name: action_listen[0m
2025-02-16 18:42:33,771 [DEBUG]  There is a rule for the next action 'utter_architecture_response'.
2025-02-16 18:42:33,771 [DEBUG]  Node 'run_TEDPolicy2' running 'TEDPolicy.predict_action_probabilities'.
2025-02-16 18:42:33,776 [DEBUG]  TED predicted 'utter_architecture_response' based on user intent.
2025-02-16 18:42:33,776 [DEBUG]  Node 'select_prediction' running 'DefaultPolicyPredictionEnsemble.combine_predictions_from_kwargs'.
2025-02-16 18:42:33,776 [DEBUG]  Made prediction using user intent.
2025-02-16 18:42:33,776 [DEBUG]  Added `DefinePrevUserUtteredFeaturization(False)` event.
2025-02-16 18:42:33,776 [DEBUG]  Predicted next action using RulePolicy.
2025-02-16 18:42:33,777 [DEBUG]  Predicted next action 'utter_architecture_response' with confidence 1.00.
2025-02-16 18:42:33,778 [DEBUG]  [[32m[1mdebug    [0m] [1mprocessor.actions.policy_prediction[0m [36mprediction_events[0m=[35m[<rasa.shared.core.events.DefinePrevUserUtteredFeaturization object at 0x7dcc2f5e9630>][0m
2025-02-16 18:42:33,778 [DEBUG]  [[32m[1mdebug    [0m] [1mprocessor.actions.log         [0m [36maction_name[0m=[35mutter_architecture_response[0m [36mrasa_events[0m=[35m[BotUttered('Архитектура ПО включает выбор структур, которые обеспечивают масштабируемость, гибкость и поддерживаемость приложения. Задайте конкретный вопрос по этой теме, и я помогу вам с информацией.', {"elements": null, "quick_replies": null, "buttons": null, "attachment": null, "image": null, "custom": null}, {"utter_action": "utter_architecture_response"}, 1739720553.7780755)][0m
2025-02-16 18:42:33,778 [DEBUG]  Running graph with inputs: {'__tracker__': <rasa.shared.core.trackers.DialogueStateTracker object at 0x7dcc3f547520>}, targets: ['select_prediction'] and ExecutionContext(model_id='0f939feccc084ddd861b7dd0198aa6b8', should_add_diagnostic_data=False, is_finetuning=False, node_name=None).
2025-02-16 18:42:33,779 [DEBUG]  Node 'rule_only_data_provider' running 'RuleOnlyDataProvider.provide'.
2025-02-16 18:42:33,779 [DEBUG]  Node 'domain_provider' running 'DomainProvider.provide_inference'.
2025-02-16 18:42:33,779 [DEBUG]  Node 'run_MemoizationPolicy0' running 'MemoizationPolicy.predict_action_probabilities'.
2025-02-16 18:42:33,779 [DEBUG]  [[32m[1mdebug    [0m] [1mmemoization.predict.actions   [0m [36mtracker_states[0m=[35m[{'user': {'intent': 'ask_architecture'}, 'prev_action': {'action_name': 'action_listen'}}, {'user': {'intent': 'ask_architecture'}, 'prev_action': {'action_name': 'utter_architecture_response'}}][0m
2025-02-16 18:42:33,779 [DEBUG]  There is a memorised next action 'action_listen'
2025-02-16 18:42:33,779 [DEBUG]  Node 'run_RulePolicy1' running 'RulePolicy.predict_action_probabilities'.
2025-02-16 18:42:33,780 [DEBUG]  [[32m[1mdebug    [0m] [1mrule_policy.actions.find      [0m [36mcurrent_states[0m=[35m
[state 1] user intent: greet | previous action name: action_listen
[state 2] user intent: greet | previous action name: utter_greet
[state 3] user intent: ask_architecture | previous action name: action_listen
[state 4] user intent: ask_architecture | previous action name: utter_architecture_response[0m
2025-02-16 18:42:33,780 [DEBUG]  There is a rule for the next action 'action_listen'.
2025-02-16 18:42:33,780 [DEBUG]  Node 'run_TEDPolicy2' running 'TEDPolicy.predict_action_probabilities'.
2025-02-16 18:42:33,784 [DEBUG]  TED predicted 'action_listen' based on user intent.
2025-02-16 18:42:33,784 [DEBUG]  Node 'select_prediction' running 'DefaultPolicyPredictionEnsemble.combine_predictions_from_kwargs'.
2025-02-16 18:42:33,784 [DEBUG]  Predicted next action using RulePolicy.
2025-02-16 18:42:33,785 [DEBUG]  Predicted next action 'action_listen' with confidence 1.00.
2025-02-16 18:42:33,785 [DEBUG]  [[32m[1mdebug    [0m] [1mprocessor.actions.policy_prediction[0m [36mprediction_events[0m=[35m[][0m
2025-02-16 18:42:33,785 [DEBUG]  [[32m[1mdebug    [0m] [1mprocessor.actions.log         [0m [36maction_name[0m=[35maction_listen[0m [36mrasa_events[0m=[35m[][0m
2025-02-16 18:42:33,785 [DEBUG]  No event broker configured. Skipping streaming events.
2025-02-16 18:42:33,785 [DEBUG]  Deleted lock for conversation 'PractikumStudent'.
2025-02-16 18:42:37,104 [DEBUG]  Issuing ticket for conversation 'PractikumStudent'.
2025-02-16 18:42:37,104 [DEBUG]  Acquiring lock for conversation 'PractikumStudent'.
2025-02-16 18:42:37,104 [DEBUG]  Acquired lock for conversation 'PractikumStudent'.
2025-02-16 18:42:37,104 [DEBUG]  Recreating tracker for id 'PractikumStudent'
2025-02-16 18:42:37,106 [DEBUG]  Running graph with inputs: {'__message__': [<rasa.core.channels.channel.UserMessage object at 0x7dcc2e11b190>], '__tracker__': <rasa.shared.core.trackers.DialogueStateTracker object at 0x7dcc3f5472b0>}, targets: ['run_RegexMessageHandler'] and ExecutionContext(model_id='0f939feccc084ddd861b7dd0198aa6b8', should_add_diagnostic_data=False, is_finetuning=False, node_name=None).
2025-02-16 18:42:37,107 [DEBUG]  Node 'nlu_message_converter' running 'NLUMessageConverter.convert_user_message'.
2025-02-16 18:42:37,108 [DEBUG]  Node 'run_WhitespaceTokenizer0' running 'WhitespaceTokenizer.process'.
2025-02-16 18:42:37,108 [DEBUG]  Node 'run_RegexFeaturizer1' running 'RegexFeaturizer.process'.
2025-02-16 18:42:37,108 [DEBUG]  Node 'run_LexicalSyntacticFeaturizer2' running 'LexicalSyntacticFeaturizer.process'.
2025-02-16 18:42:37,109 [DEBUG]  Node 'run_CountVectorsFeaturizer3' running 'CountVectorsFeaturizer.process'.
2025-02-16 18:42:37,110 [DEBUG]  Node 'run_LanguageModelFeaturizer4' running 'LanguageModelFeaturizer.process'.
2025-02-16 18:42:37,264 [DEBUG]  Node 'run_DIETClassifier5' running 'DIETClassifier.process'.
2025-02-16 18:42:37,267 [DEBUG]  Node 'run_EntitySynonymMapper6' running 'EntitySynonymMapper.process'.
2025-02-16 18:42:37,267 [DEBUG]  Node 'run_ResponseSelector7' running 'ResponseSelector.process'.
2025-02-16 18:42:37,267 [DEBUG]  There is no trained model for 'ResponseSelector': The component is either not trained or didn't receive enough training data.
2025-02-16 18:42:37,267 [DEBUG]  Adding following selector key to message property: default
2025-02-16 18:42:37,267 [DEBUG]  Node 'domain_provider' running 'DomainProvider.provide_inference'.
2025-02-16 18:42:37,268 [DEBUG]  Node 'run_RegexMessageHandler' running 'RegexMessageHandler.process'.
2025-02-16 18:42:37,268 [DEBUG]  [[32m[1mdebug    [0m] [1mprocessor.message.parse       [0m [36mparse_data_entities[0m=[35m[][0m [36mparse_data_intent[0m=[35m{'name': 'goodbye', 'confidence': 0.9960997104644775}[0m [36mparse_data_text[0m=[35mпока[0m
2025-02-16 18:42:37,268 [DEBUG]  Logged UserUtterance - tracker now has 16 events.
2025-02-16 18:42:37,268 [DEBUG]  Validating extracted slots: topic
2025-02-16 18:42:37,268 [DEBUG]  [[32m[1mdebug    [0m] [1mprocessor.extract.slots       [0m [36maction_extract_slot[0m=[35maction_extract_slots[0m [36mlen_extraction_events[0m=[35m1[0m [36mrasa_events[0m=[35m[SlotSet(key: topic, value: пока)][0m
2025-02-16 18:42:37,268 [DEBUG]  Running graph with inputs: {'__tracker__': <rasa.shared.core.trackers.DialogueStateTracker object at 0x7dcc3f5472b0>}, targets: ['select_prediction'] and ExecutionContext(model_id='0f939feccc084ddd861b7dd0198aa6b8', should_add_diagnostic_data=False, is_finetuning=False, node_name=None).
2025-02-16 18:42:37,269 [DEBUG]  Node 'rule_only_data_provider' running 'RuleOnlyDataProvider.provide'.
2025-02-16 18:42:37,269 [DEBUG]  Node 'domain_provider' running 'DomainProvider.provide_inference'.
2025-02-16 18:42:37,269 [DEBUG]  Node 'run_MemoizationPolicy0' running 'MemoizationPolicy.predict_action_probabilities'.
2025-02-16 18:42:37,269 [DEBUG]  [[32m[1mdebug    [0m] [1mmemoization.predict.actions   [0m [36mtracker_states[0m=[35m[{'user': {'intent': 'ask_architecture'}, 'prev_action': {'action_name': 'utter_architecture_response'}}, {'user': {'intent': 'goodbye'}, 'prev_action': {'action_name': 'action_listen'}}][0m
2025-02-16 18:42:37,269 [DEBUG]  There is no memorised next action
2025-02-16 18:42:37,269 [DEBUG]  Node 'run_RulePolicy1' running 'RulePolicy.predict_action_probabilities'.
2025-02-16 18:42:37,270 [DEBUG]  [[32m[1mdebug    [0m] [1mrule_policy.actions.find      [0m [36mcurrent_states[0m=[35m
[state 1] user intent: greet | previous action name: action_listen
[state 2] user intent: greet | previous action name: utter_greet
[state 3] user intent: ask_architecture | previous action name: action_listen
[state 4] user intent: ask_architecture | previous action name: utter_architecture_response
[state 5] user text: пока | previous action name: action_listen[0m
2025-02-16 18:42:37,270 [DEBUG]  There is no applicable rule.
2025-02-16 18:42:37,271 [DEBUG]  [[32m[1mdebug    [0m] [1mrule_policy.actions.find      [0m [36mcurrent_states[0m=[35m
[state 1] user intent: greet | previous action name: action_listen
[state 2] user intent: greet | previous action name: utter_greet
[state 3] user intent: ask_architecture | previous action name: action_listen
[state 4] user intent: ask_architecture | previous action name: utter_architecture_response
[state 5] user intent: goodbye | previous action name: action_listen[0m
2025-02-16 18:42:37,271 [DEBUG]  There is a rule for the next action 'utter_goodbye'.
2025-02-16 18:42:37,271 [DEBUG]  Node 'run_TEDPolicy2' running 'TEDPolicy.predict_action_probabilities'.
2025-02-16 18:42:37,276 [DEBUG]  TED predicted 'utter_goodbye' based on user intent.
2025-02-16 18:42:37,277 [DEBUG]  Node 'select_prediction' running 'DefaultPolicyPredictionEnsemble.combine_predictions_from_kwargs'.
2025-02-16 18:42:37,277 [DEBUG]  Made prediction using user intent.
2025-02-16 18:42:37,277 [DEBUG]  Added `DefinePrevUserUtteredFeaturization(False)` event.
2025-02-16 18:42:37,277 [DEBUG]  Predicted next action using RulePolicy.
2025-02-16 18:42:37,277 [DEBUG]  Predicted next action 'utter_goodbye' with confidence 1.00.
2025-02-16 18:42:37,278 [DEBUG]  [[32m[1mdebug    [0m] [1mprocessor.actions.policy_prediction[0m [36mprediction_events[0m=[35m[<rasa.shared.core.events.DefinePrevUserUtteredFeaturization object at 0x7dcc2f564d00>][0m
2025-02-16 18:42:37,278 [DEBUG]  [[32m[1mdebug    [0m] [1mprocessor.actions.log         [0m [36maction_name[0m=[35mutter_goodbye[0m [36mrasa_events[0m=[35m[BotUttered('До свидания! Если появятся вопросы по архитектуре ПО, обращайтесь.', {"elements": null, "quick_replies": null, "buttons": null, "attachment": null, "image": null, "custom": null}, {"utter_action": "utter_goodbye"}, 1739720557.277961)][0m
2025-02-16 18:42:37,278 [DEBUG]  Running graph with inputs: {'__tracker__': <rasa.shared.core.trackers.DialogueStateTracker object at 0x7dcc3f5472b0>}, targets: ['select_prediction'] and ExecutionContext(model_id='0f939feccc084ddd861b7dd0198aa6b8', should_add_diagnostic_data=False, is_finetuning=False, node_name=None).
2025-02-16 18:42:37,278 [DEBUG]  Node 'rule_only_data_provider' running 'RuleOnlyDataProvider.provide'.
2025-02-16 18:42:37,279 [DEBUG]  Node 'domain_provider' running 'DomainProvider.provide_inference'.
2025-02-16 18:42:37,279 [DEBUG]  Node 'run_MemoizationPolicy0' running 'MemoizationPolicy.predict_action_probabilities'.
2025-02-16 18:42:37,279 [DEBUG]  [[32m[1mdebug    [0m] [1mmemoization.predict.actions   [0m [36mtracker_states[0m=[35m[{'user': {'intent': 'goodbye'}, 'prev_action': {'action_name': 'action_listen'}}, {'user': {'intent': 'goodbye'}, 'prev_action': {'action_name': 'utter_goodbye'}}][0m
2025-02-16 18:42:37,279 [DEBUG]  There is a memorised next action 'action_listen'
2025-02-16 18:42:37,279 [DEBUG]  Node 'run_RulePolicy1' running 'RulePolicy.predict_action_probabilities'.
2025-02-16 18:42:37,280 [DEBUG]  [[32m[1mdebug    [0m] [1mrule_policy.actions.find      [0m [36mcurrent_states[0m=[35m
[state 1] user intent: greet | previous action name: action_listen
[state 2] user intent: greet | previous action name: utter_greet
[state 3] user intent: ask_architecture | previous action name: action_listen
[state 4] user intent: ask_architecture | previous action name: utter_architecture_response
[state 5] user intent: goodbye | previous action name: action_listen
[state 6] user intent: goodbye | previous action name: utter_goodbye[0m
2025-02-16 18:42:37,280 [DEBUG]  There is a rule for the next action 'action_listen'.
2025-02-16 18:42:37,280 [DEBUG]  Node 'run_TEDPolicy2' running 'TEDPolicy.predict_action_probabilities'.
2025-02-16 18:42:37,285 [DEBUG]  TED predicted 'action_listen' based on user intent.
2025-02-16 18:42:37,285 [DEBUG]  Node 'select_prediction' running 'DefaultPolicyPredictionEnsemble.combine_predictions_from_kwargs'.
2025-02-16 18:42:37,286 [DEBUG]  Predicted next action using RulePolicy.
2025-02-16 18:42:37,286 [DEBUG]  Predicted next action 'action_listen' with confidence 1.00.
2025-02-16 18:42:37,286 [DEBUG]  [[32m[1mdebug    [0m] [1mprocessor.actions.policy_prediction[0m [36mprediction_events[0m=[35m[][0m
2025-02-16 18:42:37,287 [DEBUG]  [[32m[1mdebug    [0m] [1mprocessor.actions.log         [0m [36maction_name[0m=[35maction_listen[0m [36mrasa_events[0m=[35m[][0m
2025-02-16 18:42:37,287 [DEBUG]  No event broker configured. Skipping streaming events.
2025-02-16 18:42:37,287 [DEBUG]  Deleted lock for conversation 'PractikumStudent'.
