2024-11-22 20:31:13,305 [DEBUG]  Available web server routes: 
/conversations/<conversation_id:path>/messages     POST                           add_message
/conversations/<conversation_id:path>/tracker/events POST                           append_events
/webhooks/rasa                                     GET                            custom_webhook_RasaChatInput.health
/webhooks/rasa/webhook                             POST                           custom_webhook_RasaChatInput.receive
/webhooks/rest                                     GET                            custom_webhook_RestInput.health
/webhooks/rest/webhook                             POST                           custom_webhook_RestInput.receive
/model/test/intents                                POST                           evaluate_intents
/model/test/stories                                POST                           evaluate_stories
/conversations/<conversation_id:path>/execute      POST                           execute_action
/domain                                            GET                            get_domain
/                                                  GET                            hello
/model                                             PUT                            load_model
/model/parse                                       POST                           parse
/conversations/<conversation_id:path>/predict      POST                           predict
/conversations/<conversation_id:path>/tracker/events PUT                            replace_events
/conversations/<conversation_id:path>/story        GET                            retrieve_story
/conversations/<conversation_id:path>/tracker      GET                            retrieve_tracker
/status                                            GET                            status
/model/predict                                     POST                           tracker_predict
/model/train                                       POST                           train
/conversations/<conversation_id:path>/trigger_intent POST                           trigger_intent
/model                                             DELETE                         unload_model
/version                                           GET                            version
2024-11-22 20:31:13,305 [INFO ]  Starting Rasa server on http://127.0.0.1:5005
2024-11-22 20:31:13,305 [DEBUG]  Using the default number of Sanic workers (1).
2024-11-22 20:31:13,540 [DEBUG]  Skipping telemetry reporting: no license hash found.
2024-11-22 20:31:13,558 [DEBUG]  Connected to InMemoryTrackerStore.
2024-11-22 20:31:13,559 [DEBUG]  Connected to lock store 'InMemoryLockStore'.
2024-11-22 20:31:13,559 [DEBUG]  Instantiated NLG to 'TemplatedNaturalLanguageGenerator'.
2024-11-22 20:31:13,559 [INFO ]  Loading model models/20241122-201121-greasy-cube.tar.gz...
2024-11-22 20:31:13,749 [DEBUG]  Extracted model to '/tmp/tmpzy1fhard'.
2024-11-22 20:31:13,750 [DEBUG]  Node 'nlu_message_converter' loading 'NLUMessageConverter.load' and kwargs: '{}'.
2024-11-22 20:31:13,750 [DEBUG]  Node 'run_WhitespaceTokenizer0' loading 'WhitespaceTokenizer.load' and kwargs: '{}'.
2024-11-22 20:31:13,752 [DEBUG]  Node 'run_RegexFeaturizer1' loading 'RegexFeaturizer.load' and kwargs: '{}'.
2024-11-22 20:31:13,752 [DEBUG]  Resource 'train_RegexFeaturizer1' was requested for reading.
2024-11-22 20:31:13,752 [DEBUG]  Node 'run_LexicalSyntacticFeaturizer2' loading 'LexicalSyntacticFeaturizer.load' and kwargs: '{}'.
2024-11-22 20:31:13,752 [DEBUG]  Resource 'train_LexicalSyntacticFeaturizer2' was requested for reading.
2024-11-22 20:31:13,753 [DEBUG]  Node 'run_CountVectorsFeaturizer3' loading 'CountVectorsFeaturizer.load' and kwargs: '{}'.
2024-11-22 20:31:13,753 [DEBUG]  Resource 'train_CountVectorsFeaturizer3' was requested for reading.
2024-11-22 20:31:13,754 [DEBUG]  Node 'run_CountVectorsFeaturizer4' loading 'CountVectorsFeaturizer.load' and kwargs: '{}'.
2024-11-22 20:31:13,754 [DEBUG]  Resource 'train_CountVectorsFeaturizer4' was requested for reading.
2024-11-22 20:31:13,755 [DEBUG]  Node 'run_LanguageModelFeaturizer5' loading 'LanguageModelFeaturizer.load' and kwargs: '{}'.
2024-11-22 20:31:13,961 [DEBUG]  Loading Tokenizer and Model for bert
2024-11-22 20:31:13,963 [DEBUG]  Starting new HTTPS connection (1): huggingface.co:443
2024-11-22 20:31:14,587 [DEBUG]  https://huggingface.co:443 "HEAD /bert-base-cased/resolve/main/tokenizer_config.json HTTP/11" 200 0
2024-11-22 20:31:14,885 [DEBUG]  https://huggingface.co:443 "HEAD /bert-base-cased/resolve/main/config.json HTTP/11" 200 0
2024-11-22 20:31:15,931 [DEBUG]  Node 'run_DIETClassifier6' loading 'DIETClassifier.load' and kwargs: '{}'.
2024-11-22 20:31:15,931 [DEBUG]  Resource 'train_DIETClassifier6' was requested for reading.
2024-11-22 20:31:15,932 [DEBUG]  Loading the model from /tmp/tmpzj4mwh4u/train_DIETClassifier6/DIETClassifier.tf_model with finetune_mode=False...
2024-11-22 20:31:15,949 [DEBUG]  You specified 'DIET' to train entities, but no entities are present in the training data. Skipping training of entities.
2024-11-22 20:31:15,975 [DEBUG]  Following metrics will be logged during training: 
2024-11-22 20:31:15,975 [DEBUG]    t_loss (total loss)
2024-11-22 20:31:15,975 [DEBUG]    i_acc (intent acc)
2024-11-22 20:31:15,975 [DEBUG]    i_loss (intent loss)
2024-11-22 20:31:22,389 [DEBUG]  Finished loading the model.
2024-11-22 20:31:22,390 [DEBUG]  Node 'run_EntitySynonymMapper7' loading 'EntitySynonymMapper.load' and kwargs: '{}'.
2024-11-22 20:31:22,390 [DEBUG]  Resource 'train_EntitySynonymMapper7' was requested for reading.
2024-11-22 20:31:22,390 [DEBUG]  Failed to load ABCMeta from model storage. Resource 'train_EntitySynonymMapper7' doesn't exist.
2024-11-22 20:31:22,390 [DEBUG]  Node 'run_ResponseSelector8' loading 'ResponseSelector.load' and kwargs: '{}'.
2024-11-22 20:31:22,390 [DEBUG]  Resource 'train_ResponseSelector8' was requested for reading.
2024-11-22 20:31:22,390 [DEBUG]  Failed to load ABCMeta from model storage. Resource 'train_ResponseSelector8' doesn't exist.
2024-11-22 20:31:22,390 [DEBUG]  Resource 'train_ResponseSelector8' was requested for reading.
2024-11-22 20:31:22,390 [DEBUG]  Failed to load ResponseSelector from model storage. Resource 'train_ResponseSelector8' doesn't exist.
2024-11-22 20:31:22,390 [DEBUG]  Node 'run_FallbackClassifier9' loading 'FallbackClassifier.load' and kwargs: '{}'.
2024-11-22 20:31:22,391 [DEBUG]  Node 'run_RegexMessageHandler' loading 'RegexMessageHandler.load' and kwargs: '{}'.
2024-11-22 20:31:22,391 [DEBUG]  Node 'domain_provider' loading 'DomainProvider.load' and kwargs: '{}'.
2024-11-22 20:31:22,391 [DEBUG]  Resource 'domain_provider' was requested for reading.
2024-11-22 20:31:22,415 [DEBUG]  Node 'run_MemoizationPolicy0' loading 'MemoizationPolicy.load' and kwargs: '{}'.
2024-11-22 20:31:22,415 [DEBUG]  Resource 'train_MemoizationPolicy0' was requested for reading.
2024-11-22 20:31:22,416 [DEBUG]  Node 'run_RulePolicy1' loading 'RulePolicy.load' and kwargs: '{}'.
2024-11-22 20:31:22,416 [DEBUG]  Resource 'train_RulePolicy1' was requested for reading.
2024-11-22 20:31:22,416 [DEBUG]  Node 'run_TEDPolicy2' loading 'TEDPolicy.load' and kwargs: '{}'.
2024-11-22 20:31:22,416 [DEBUG]  Resource 'train_TEDPolicy2' was requested for reading.
2024-11-22 20:31:22,417 [DEBUG]  Loading the model from /tmp/tmpzj4mwh4u/train_TEDPolicy2/ted_policy.tf_model with finetune_mode=False...
2024-11-22 20:31:29,502 [DEBUG]  Finished loading the model.
2024-11-22 20:31:29,502 [DEBUG]  Node 'rule_only_data_provider' loading 'RuleOnlyDataProvider.load' and kwargs: '{}'.
2024-11-22 20:31:29,502 [DEBUG]  Resource 'train_RulePolicy1' was requested for reading.
2024-11-22 20:31:29,502 [DEBUG]  Node 'select_prediction' loading 'DefaultPolicyPredictionEnsemble.load' and kwargs: '{}'.
2024-11-22 20:31:29,509 [INFO ]  Rasa server is up and running.
2024-11-22 20:31:29,509 [INFO ]  Enabling coroutine debugging. Loop id 94782969314176.
2024-11-22 20:31:39,061 [DEBUG]  Issuing ticket for conversation 'PractikumStudent'.
2024-11-22 20:31:39,061 [DEBUG]  Acquiring lock for conversation 'PractikumStudent'.
2024-11-22 20:31:39,061 [DEBUG]  Acquired lock for conversation 'PractikumStudent'.
2024-11-22 20:31:39,061 [DEBUG]  Could not find tracker for conversation ID 'PractikumStudent'.
2024-11-22 20:31:39,062 [DEBUG]  No event broker configured. Skipping streaming events.
2024-11-22 20:31:39,062 [DEBUG]  Starting a new session for conversation ID 'PractikumStudent'.
2024-11-22 20:31:39,063 [DEBUG]  [[32m[1mdebug    [0m] [1mprocessor.actions.policy_prediction[0m [36mprediction_events[0m=[35m[][0m
2024-11-22 20:31:39,063 [DEBUG]  [[32m[1mdebug    [0m] [1mprocessor.actions.log         [0m [36maction_name[0m=[35maction_session_start[0m [36mrasa_events[0m=[35m[<rasa.shared.core.events.SessionStarted object at 0x7fbc4c3a2230>, ActionExecuted(action: action_listen, policy: None, confidence: None)][0m
2024-11-22 20:31:39,063 [DEBUG]  [[32m[1mdebug    [0m] [1mprocessor.slots.log           [0m [36mslot_values[0m=[35m	session_started_metadata: None[0m
2024-11-22 20:31:39,063 [DEBUG]  Running graph with inputs: {'__message__': [<rasa.core.channels.channel.UserMessage object at 0x7fbd08148dc0>], '__tracker__': <rasa.shared.core.trackers.DialogueStateTracker object at 0x7fbc402bb6a0>}, targets: ['run_RegexMessageHandler'] and ExecutionContext(model_id='894f0fd685a04724b1b8849199c1a78d', should_add_diagnostic_data=False, is_finetuning=False, node_name=None).
2024-11-22 20:31:39,064 [DEBUG]  Node 'nlu_message_converter' running 'NLUMessageConverter.convert_user_message'.
2024-11-22 20:31:39,064 [DEBUG]  Node 'run_WhitespaceTokenizer0' running 'WhitespaceTokenizer.process'.
2024-11-22 20:31:39,065 [DEBUG]  Node 'run_RegexFeaturizer1' running 'RegexFeaturizer.process'.
2024-11-22 20:31:39,065 [DEBUG]  Node 'run_LexicalSyntacticFeaturizer2' running 'LexicalSyntacticFeaturizer.process'.
2024-11-22 20:31:39,065 [DEBUG]  Node 'run_CountVectorsFeaturizer3' running 'CountVectorsFeaturizer.process'.
2024-11-22 20:31:39,066 [DEBUG]  Node 'run_CountVectorsFeaturizer4' running 'CountVectorsFeaturizer.process'.
2024-11-22 20:31:39,066 [DEBUG]  Node 'run_LanguageModelFeaturizer5' running 'LanguageModelFeaturizer.process'.
2024-11-22 20:31:39,228 [DEBUG]  Node 'run_DIETClassifier6' running 'DIETClassifier.process'.
2024-11-22 20:31:39,392 [DEBUG]  Node 'run_EntitySynonymMapper7' running 'EntitySynonymMapper.process'.
2024-11-22 20:31:39,393 [DEBUG]  Node 'run_ResponseSelector8' running 'ResponseSelector.process'.
2024-11-22 20:31:39,393 [DEBUG]  There is no trained model for 'ResponseSelector': The component is either not trained or didn't receive enough training data.
2024-11-22 20:31:39,393 [DEBUG]  Adding following selector key to message property: default
2024-11-22 20:31:39,393 [DEBUG]  Node 'run_FallbackClassifier9' running 'FallbackClassifier.process'.
2024-11-22 20:31:39,393 [DEBUG]  Node 'domain_provider' running 'DomainProvider.provide_inference'.
2024-11-22 20:31:39,393 [DEBUG]  Node 'run_RegexMessageHandler' running 'RegexMessageHandler.process'.
2024-11-22 20:31:39,393 [DEBUG]  [[32m[1mdebug    [0m] [1mprocessor.message.parse       [0m [36mparse_data_entities[0m=[35m[][0m [36mparse_data_intent[0m=[35m{'name': 'greet', 'confidence': 0.9999921321868896}[0m [36mparse_data_text[0m=[35mПривет![0m
2024-11-22 20:31:39,393 [DEBUG]  Logged UserUtterance - tracker now has 4 events.
2024-11-22 20:31:39,394 [DEBUG]  Validating extracted slots: 
2024-11-22 20:31:39,394 [DEBUG]  [[32m[1mdebug    [0m] [1mprocessor.extract.slots       [0m [36maction_extract_slot[0m=[35maction_extract_slots[0m [36mlen_extraction_events[0m=[35m0[0m [36mrasa_events[0m=[35m[][0m
2024-11-22 20:31:39,394 [DEBUG]  Running graph with inputs: {'__tracker__': <rasa.shared.core.trackers.DialogueStateTracker object at 0x7fbc402bb6a0>}, targets: ['select_prediction'] and ExecutionContext(model_id='894f0fd685a04724b1b8849199c1a78d', should_add_diagnostic_data=False, is_finetuning=False, node_name=None).
2024-11-22 20:31:39,394 [DEBUG]  Node 'rule_only_data_provider' running 'RuleOnlyDataProvider.provide'.
2024-11-22 20:31:39,394 [DEBUG]  Node 'domain_provider' running 'DomainProvider.provide_inference'.
2024-11-22 20:31:39,394 [DEBUG]  Node 'run_MemoizationPolicy0' running 'MemoizationPolicy.predict_action_probabilities'.
2024-11-22 20:31:39,394 [DEBUG]  [[32m[1mdebug    [0m] [1mmemoization.predict.actions   [0m [36mtracker_states[0m=[35m[{}, {'user': {'intent': 'greet'}, 'prev_action': {'action_name': 'action_listen'}}][0m
2024-11-22 20:31:39,395 [DEBUG]  There is a memorised next action 'utter_greet'
2024-11-22 20:31:39,395 [DEBUG]  Node 'run_RulePolicy1' running 'RulePolicy.predict_action_probabilities'.
2024-11-22 20:31:39,395 [DEBUG]  [[32m[1mdebug    [0m] [1mrule_policy.actions.find      [0m [36mcurrent_states[0m=[35m
[state 1] user text: Привет! | previous action name: action_listen[0m
2024-11-22 20:31:39,395 [DEBUG]  There is no applicable rule.
2024-11-22 20:31:39,395 [DEBUG]  [[32m[1mdebug    [0m] [1mrule_policy.actions.find      [0m [36mcurrent_states[0m=[35m
[state 1] user intent: greet | previous action name: action_listen[0m
2024-11-22 20:31:39,395 [DEBUG]  There is no applicable rule.
2024-11-22 20:31:39,395 [DEBUG]  Node 'run_TEDPolicy2' running 'TEDPolicy.predict_action_probabilities'.
2024-11-22 20:31:39,398 [DEBUG]  TED predicted 'utter_greet' based on user intent.
2024-11-22 20:31:39,398 [DEBUG]  Node 'select_prediction' running 'DefaultPolicyPredictionEnsemble.combine_predictions_from_kwargs'.
2024-11-22 20:31:39,398 [DEBUG]  Made prediction using user intent.
2024-11-22 20:31:39,398 [DEBUG]  Added `DefinePrevUserUtteredFeaturization(False)` event.
2024-11-22 20:31:39,398 [DEBUG]  Predicted next action using MemoizationPolicy.
2024-11-22 20:31:39,398 [DEBUG]  Predicted next action 'utter_greet' with confidence 1.00.
2024-11-22 20:31:39,398 [DEBUG]  [[32m[1mdebug    [0m] [1mprocessor.actions.policy_prediction[0m [36mprediction_events[0m=[35m[<rasa.shared.core.events.DefinePrevUserUtteredFeaturization object at 0x7fbc4c454670>][0m
2024-11-22 20:31:39,399 [DEBUG]  [[32m[1mdebug    [0m] [1mprocessor.actions.log         [0m [36maction_name[0m=[35mutter_greet[0m [36mrasa_events[0m=[35m[BotUttered('Привет! Чем могу помочь в области архитектуры программного  обеспечения?', {"elements": null, "quick_replies": null, "buttons": null, "attachment": null, "image": null, "custom": null}, {"utter_action": "utter_greet"}, 1732278699.3987901)][0m
2024-11-22 20:31:39,399 [DEBUG]  Running graph with inputs: {'__tracker__': <rasa.shared.core.trackers.DialogueStateTracker object at 0x7fbc402bb6a0>}, targets: ['select_prediction'] and ExecutionContext(model_id='894f0fd685a04724b1b8849199c1a78d', should_add_diagnostic_data=False, is_finetuning=False, node_name=None).
2024-11-22 20:31:39,399 [DEBUG]  Node 'rule_only_data_provider' running 'RuleOnlyDataProvider.provide'.
2024-11-22 20:31:39,399 [DEBUG]  Node 'domain_provider' running 'DomainProvider.provide_inference'.
2024-11-22 20:31:39,399 [DEBUG]  Node 'run_MemoizationPolicy0' running 'MemoizationPolicy.predict_action_probabilities'.
2024-11-22 20:31:39,399 [DEBUG]  [[32m[1mdebug    [0m] [1mmemoization.predict.actions   [0m [36mtracker_states[0m=[35m[{'user': {'intent': 'greet'}, 'prev_action': {'action_name': 'action_listen'}}, {'user': {'intent': 'greet'}, 'prev_action': {'action_name': 'utter_greet'}}][0m
2024-11-22 20:31:39,399 [DEBUG]  There is a memorised next action 'action_listen'
2024-11-22 20:31:39,399 [DEBUG]  Node 'run_RulePolicy1' running 'RulePolicy.predict_action_probabilities'.
2024-11-22 20:31:39,400 [DEBUG]  [[32m[1mdebug    [0m] [1mrule_policy.actions.find      [0m [36mcurrent_states[0m=[35m
[state 1] user intent: greet | previous action name: action_listen
[state 2] user intent: greet | previous action name: utter_greet[0m
2024-11-22 20:31:39,400 [DEBUG]  There is no applicable rule.
2024-11-22 20:31:39,400 [DEBUG]  Node 'run_TEDPolicy2' running 'TEDPolicy.predict_action_probabilities'.
2024-11-22 20:31:39,402 [DEBUG]  TED predicted 'action_listen' based on user intent.
2024-11-22 20:31:39,402 [DEBUG]  Node 'select_prediction' running 'DefaultPolicyPredictionEnsemble.combine_predictions_from_kwargs'.
2024-11-22 20:31:39,402 [DEBUG]  Predicted next action using MemoizationPolicy.
2024-11-22 20:31:39,402 [DEBUG]  Predicted next action 'action_listen' with confidence 1.00.
2024-11-22 20:31:39,402 [DEBUG]  [[32m[1mdebug    [0m] [1mprocessor.actions.policy_prediction[0m [36mprediction_events[0m=[35m[][0m
2024-11-22 20:31:39,402 [DEBUG]  [[32m[1mdebug    [0m] [1mprocessor.actions.log         [0m [36maction_name[0m=[35maction_listen[0m [36mrasa_events[0m=[35m[][0m
2024-11-22 20:31:39,402 [DEBUG]  No event broker configured. Skipping streaming events.
2024-11-22 20:31:39,403 [DEBUG]  Deleted lock for conversation 'PractikumStudent'.
2024-11-22 20:32:05,889 [DEBUG]  Issuing ticket for conversation 'PractikumStudent'.
2024-11-22 20:32:05,890 [DEBUG]  Acquiring lock for conversation 'PractikumStudent'.
2024-11-22 20:32:05,890 [DEBUG]  Acquired lock for conversation 'PractikumStudent'.
2024-11-22 20:32:05,890 [DEBUG]  Recreating tracker for id 'PractikumStudent'
2024-11-22 20:32:05,893 [DEBUG]  Running graph with inputs: {'__message__': [<rasa.core.channels.channel.UserMessage object at 0x7fbc379c7880>], '__tracker__': <rasa.shared.core.trackers.DialogueStateTracker object at 0x7fbc4c4545b0>}, targets: ['run_RegexMessageHandler'] and ExecutionContext(model_id='894f0fd685a04724b1b8849199c1a78d', should_add_diagnostic_data=False, is_finetuning=False, node_name=None).
2024-11-22 20:32:05,893 [DEBUG]  Node 'nlu_message_converter' running 'NLUMessageConverter.convert_user_message'.
2024-11-22 20:32:05,894 [DEBUG]  Node 'run_WhitespaceTokenizer0' running 'WhitespaceTokenizer.process'.
2024-11-22 20:32:05,894 [DEBUG]  Node 'run_RegexFeaturizer1' running 'RegexFeaturizer.process'.
2024-11-22 20:32:05,895 [DEBUG]  Node 'run_LexicalSyntacticFeaturizer2' running 'LexicalSyntacticFeaturizer.process'.
2024-11-22 20:32:05,895 [DEBUG]  Node 'run_CountVectorsFeaturizer3' running 'CountVectorsFeaturizer.process'.
2024-11-22 20:32:05,897 [DEBUG]  Node 'run_CountVectorsFeaturizer4' running 'CountVectorsFeaturizer.process'.
2024-11-22 20:32:05,898 [DEBUG]  Node 'run_LanguageModelFeaturizer5' running 'LanguageModelFeaturizer.process'.
2024-11-22 20:32:06,129 [DEBUG]  Node 'run_DIETClassifier6' running 'DIETClassifier.process'.
2024-11-22 20:32:06,136 [DEBUG]  Node 'run_EntitySynonymMapper7' running 'EntitySynonymMapper.process'.
2024-11-22 20:32:06,136 [DEBUG]  Node 'run_ResponseSelector8' running 'ResponseSelector.process'.
2024-11-22 20:32:06,136 [DEBUG]  There is no trained model for 'ResponseSelector': The component is either not trained or didn't receive enough training data.
2024-11-22 20:32:06,136 [DEBUG]  Adding following selector key to message property: default
2024-11-22 20:32:06,136 [DEBUG]  Node 'run_FallbackClassifier9' running 'FallbackClassifier.process'.
2024-11-22 20:32:06,136 [DEBUG]  Node 'domain_provider' running 'DomainProvider.provide_inference'.
2024-11-22 20:32:06,136 [DEBUG]  Node 'run_RegexMessageHandler' running 'RegexMessageHandler.process'.
2024-11-22 20:32:06,137 [DEBUG]  [[32m[1mdebug    [0m] [1mprocessor.message.parse       [0m [36mparse_data_entities[0m=[35m[][0m [36mparse_data_intent[0m=[35m{'name': 'ask_architecture', 'confidence': 0.9999945163726807}[0m [36mparse_data_text[0m=[35mЧто такое архитектура ПО?[0m
2024-11-22 20:32:06,137 [DEBUG]  Logged UserUtterance - tracker now has 9 events.
2024-11-22 20:32:06,137 [DEBUG]  Validating extracted slots: 
2024-11-22 20:32:06,137 [DEBUG]  [[32m[1mdebug    [0m] [1mprocessor.extract.slots       [0m [36maction_extract_slot[0m=[35maction_extract_slots[0m [36mlen_extraction_events[0m=[35m0[0m [36mrasa_events[0m=[35m[][0m
2024-11-22 20:32:06,137 [DEBUG]  Running graph with inputs: {'__tracker__': <rasa.shared.core.trackers.DialogueStateTracker object at 0x7fbc4c4545b0>}, targets: ['select_prediction'] and ExecutionContext(model_id='894f0fd685a04724b1b8849199c1a78d', should_add_diagnostic_data=False, is_finetuning=False, node_name=None).
2024-11-22 20:32:06,138 [DEBUG]  Node 'rule_only_data_provider' running 'RuleOnlyDataProvider.provide'.
2024-11-22 20:32:06,138 [DEBUG]  Node 'domain_provider' running 'DomainProvider.provide_inference'.
2024-11-22 20:32:06,138 [DEBUG]  Node 'run_MemoizationPolicy0' running 'MemoizationPolicy.predict_action_probabilities'.
2024-11-22 20:32:06,138 [DEBUG]  [[32m[1mdebug    [0m] [1mmemoization.predict.actions   [0m [36mtracker_states[0m=[35m[{'user': {'intent': 'greet'}, 'prev_action': {'action_name': 'utter_greet'}}, {'user': {'intent': 'ask_architecture'}, 'prev_action': {'action_name': 'action_listen'}}][0m
2024-11-22 20:32:06,138 [DEBUG]  There is a memorised next action 'utter_architecture_response'
2024-11-22 20:32:06,139 [DEBUG]  Node 'run_RulePolicy1' running 'RulePolicy.predict_action_probabilities'.
2024-11-22 20:32:06,139 [DEBUG]  [[32m[1mdebug    [0m] [1mrule_policy.actions.find      [0m [36mcurrent_states[0m=[35m
[state 1] user intent: greet | previous action name: action_listen
[state 2] user intent: greet | previous action name: utter_greet
[state 3] user text: Что такое архитектура ПО? | previous action name: action_listen[0m
2024-11-22 20:32:06,139 [DEBUG]  There is no applicable rule.
2024-11-22 20:32:06,139 [DEBUG]  [[32m[1mdebug    [0m] [1mrule_policy.actions.find      [0m [36mcurrent_states[0m=[35m
[state 1] user intent: greet | previous action name: action_listen
[state 2] user intent: greet | previous action name: utter_greet
[state 3] user intent: ask_architecture | previous action name: action_listen[0m
2024-11-22 20:32:06,139 [DEBUG]  There is no applicable rule.
2024-11-22 20:32:06,139 [DEBUG]  Node 'run_TEDPolicy2' running 'TEDPolicy.predict_action_probabilities'.
2024-11-22 20:32:06,143 [DEBUG]  TED predicted 'utter_architecture_response' based on user intent.
2024-11-22 20:32:06,143 [DEBUG]  Node 'select_prediction' running 'DefaultPolicyPredictionEnsemble.combine_predictions_from_kwargs'.
2024-11-22 20:32:06,144 [DEBUG]  Made prediction using user intent.
2024-11-22 20:32:06,144 [DEBUG]  Added `DefinePrevUserUtteredFeaturization(False)` event.
2024-11-22 20:32:06,144 [DEBUG]  Predicted next action using MemoizationPolicy.
2024-11-22 20:32:06,144 [DEBUG]  Predicted next action 'utter_architecture_response' with confidence 1.00.
2024-11-22 20:32:06,144 [DEBUG]  [[32m[1mdebug    [0m] [1mprocessor.actions.policy_prediction[0m [36mprediction_events[0m=[35m[<rasa.shared.core.events.DefinePrevUserUtteredFeaturization object at 0x7fbc4c3a2710>][0m
2024-11-22 20:32:06,144 [DEBUG]  [[32m[1mdebug    [0m] [1mprocessor.actions.log         [0m [36maction_name[0m=[35mutter_architecture_response[0m [36mrasa_events[0m=[35m[BotUttered('Архитектура программного обеспечения представляет собой совокупность  важнейших решений об организации программной системы. Она включает  выбор структурных элементов и их интерфейсов, поведение этих  элементов при сотрудничестве, а также архитектурный стиль,  определяющий общую организацию системы. Архитектура помогает  упростить коммуникацию среди разработчиков, фиксирует проектные  решения и предоставляет информацию о системе эксплуатационному  персоналу. Она также способствует повторному использованию компонентов  и шаблонов проекта в других системах. Однако общепринятого определения  архитектуры программного обеспечения не существует, и этот аспект  проектирования остается сочетанием науки и искусства, зависящим от  конкретных потребностей и целей каждой системы.', {"elements": null, "quick_replies": null, "buttons": null, "attachment": null, "image": null, "custom": null}, {"utter_action": "utter_architecture_response"}, 1732278726.1445796)][0m
2024-11-22 20:32:06,145 [DEBUG]  Running graph with inputs: {'__tracker__': <rasa.shared.core.trackers.DialogueStateTracker object at 0x7fbc4c4545b0>}, targets: ['select_prediction'] and ExecutionContext(model_id='894f0fd685a04724b1b8849199c1a78d', should_add_diagnostic_data=False, is_finetuning=False, node_name=None).
2024-11-22 20:32:06,145 [DEBUG]  Node 'rule_only_data_provider' running 'RuleOnlyDataProvider.provide'.
2024-11-22 20:32:06,145 [DEBUG]  Node 'domain_provider' running 'DomainProvider.provide_inference'.
2024-11-22 20:32:06,145 [DEBUG]  Node 'run_MemoizationPolicy0' running 'MemoizationPolicy.predict_action_probabilities'.
2024-11-22 20:32:06,145 [DEBUG]  [[32m[1mdebug    [0m] [1mmemoization.predict.actions   [0m [36mtracker_states[0m=[35m[{'user': {'intent': 'ask_architecture'}, 'prev_action': {'action_name': 'action_listen'}}, {'user': {'intent': 'ask_architecture'}, 'prev_action': {'action_name': 'utter_architecture_response'}}][0m
2024-11-22 20:32:06,146 [DEBUG]  There is a memorised next action 'action_listen'
2024-11-22 20:32:06,146 [DEBUG]  Node 'run_RulePolicy1' running 'RulePolicy.predict_action_probabilities'.
2024-11-22 20:32:06,146 [DEBUG]  [[32m[1mdebug    [0m] [1mrule_policy.actions.find      [0m [36mcurrent_states[0m=[35m
[state 1] user intent: greet | previous action name: action_listen
[state 2] user intent: greet | previous action name: utter_greet
[state 3] user intent: ask_architecture | previous action name: action_listen
[state 4] user intent: ask_architecture | previous action name: utter_architecture_response[0m
2024-11-22 20:32:06,146 [DEBUG]  There is no applicable rule.
2024-11-22 20:32:06,146 [DEBUG]  Node 'run_TEDPolicy2' running 'TEDPolicy.predict_action_probabilities'.
2024-11-22 20:32:06,149 [DEBUG]  TED predicted 'action_listen' based on user intent.
2024-11-22 20:32:06,150 [DEBUG]  Node 'select_prediction' running 'DefaultPolicyPredictionEnsemble.combine_predictions_from_kwargs'.
2024-11-22 20:32:06,150 [DEBUG]  Predicted next action using MemoizationPolicy.
2024-11-22 20:32:06,150 [DEBUG]  Predicted next action 'action_listen' with confidence 1.00.
2024-11-22 20:32:06,150 [DEBUG]  [[32m[1mdebug    [0m] [1mprocessor.actions.policy_prediction[0m [36mprediction_events[0m=[35m[][0m
2024-11-22 20:32:06,150 [DEBUG]  [[32m[1mdebug    [0m] [1mprocessor.actions.log         [0m [36maction_name[0m=[35maction_listen[0m [36mrasa_events[0m=[35m[][0m
2024-11-22 20:32:06,150 [DEBUG]  No event broker configured. Skipping streaming events.
2024-11-22 20:32:06,150 [DEBUG]  Deleted lock for conversation 'PractikumStudent'.
2024-11-22 20:32:21,800 [DEBUG]  Issuing ticket for conversation 'PractikumStudent'.
2024-11-22 20:32:21,801 [DEBUG]  Acquiring lock for conversation 'PractikumStudent'.
2024-11-22 20:32:21,801 [DEBUG]  Acquired lock for conversation 'PractikumStudent'.
2024-11-22 20:32:21,802 [DEBUG]  Recreating tracker for id 'PractikumStudent'
2024-11-22 20:32:21,805 [DEBUG]  Running graph with inputs: {'__message__': [<rasa.core.channels.channel.UserMessage object at 0x7fbc4032b850>], '__tracker__': <rasa.shared.core.trackers.DialogueStateTracker object at 0x7fbc4c4545b0>}, targets: ['run_RegexMessageHandler'] and ExecutionContext(model_id='894f0fd685a04724b1b8849199c1a78d', should_add_diagnostic_data=False, is_finetuning=False, node_name=None).
2024-11-22 20:32:21,806 [DEBUG]  Node 'nlu_message_converter' running 'NLUMessageConverter.convert_user_message'.
2024-11-22 20:32:21,807 [DEBUG]  Node 'run_WhitespaceTokenizer0' running 'WhitespaceTokenizer.process'.
2024-11-22 20:32:21,807 [DEBUG]  Node 'run_RegexFeaturizer1' running 'RegexFeaturizer.process'.
2024-11-22 20:32:21,807 [DEBUG]  Node 'run_LexicalSyntacticFeaturizer2' running 'LexicalSyntacticFeaturizer.process'.
2024-11-22 20:32:21,808 [DEBUG]  Node 'run_CountVectorsFeaturizer3' running 'CountVectorsFeaturizer.process'.
2024-11-22 20:32:21,810 [DEBUG]  Node 'run_CountVectorsFeaturizer4' running 'CountVectorsFeaturizer.process'.
2024-11-22 20:32:21,812 [DEBUG]  Node 'run_LanguageModelFeaturizer5' running 'LanguageModelFeaturizer.process'.
2024-11-22 20:32:22,149 [DEBUG]  Node 'run_DIETClassifier6' running 'DIETClassifier.process'.
2024-11-22 20:32:22,158 [DEBUG]  Node 'run_EntitySynonymMapper7' running 'EntitySynonymMapper.process'.
2024-11-22 20:32:22,158 [DEBUG]  Node 'run_ResponseSelector8' running 'ResponseSelector.process'.
2024-11-22 20:32:22,159 [DEBUG]  There is no trained model for 'ResponseSelector': The component is either not trained or didn't receive enough training data.
2024-11-22 20:32:22,159 [DEBUG]  Adding following selector key to message property: default
2024-11-22 20:32:22,159 [DEBUG]  Node 'run_FallbackClassifier9' running 'FallbackClassifier.process'.
2024-11-22 20:32:22,159 [DEBUG]  Node 'domain_provider' running 'DomainProvider.provide_inference'.
2024-11-22 20:32:22,159 [DEBUG]  Node 'run_RegexMessageHandler' running 'RegexMessageHandler.process'.
2024-11-22 20:32:22,160 [DEBUG]  [[32m[1mdebug    [0m] [1mprocessor.message.parse       [0m [36mparse_data_entities[0m=[35m[][0m [36mparse_data_intent[0m=[35m{'name': 'request_info', 'confidence': 1.0}[0m [36mparse_data_text[0m=[35mЧуть подробнее, пожалуйста![0m
2024-11-22 20:32:22,160 [DEBUG]  Logged UserUtterance - tracker now has 14 events.
2024-11-22 20:32:22,160 [DEBUG]  Validating extracted slots: 
2024-11-22 20:32:22,160 [DEBUG]  [[32m[1mdebug    [0m] [1mprocessor.extract.slots       [0m [36maction_extract_slot[0m=[35maction_extract_slots[0m [36mlen_extraction_events[0m=[35m0[0m [36mrasa_events[0m=[35m[][0m
2024-11-22 20:32:22,161 [DEBUG]  Running graph with inputs: {'__tracker__': <rasa.shared.core.trackers.DialogueStateTracker object at 0x7fbc4c4545b0>}, targets: ['select_prediction'] and ExecutionContext(model_id='894f0fd685a04724b1b8849199c1a78d', should_add_diagnostic_data=False, is_finetuning=False, node_name=None).
2024-11-22 20:32:22,161 [DEBUG]  Node 'rule_only_data_provider' running 'RuleOnlyDataProvider.provide'.
2024-11-22 20:32:22,161 [DEBUG]  Node 'domain_provider' running 'DomainProvider.provide_inference'.
2024-11-22 20:32:22,161 [DEBUG]  Node 'run_MemoizationPolicy0' running 'MemoizationPolicy.predict_action_probabilities'.
2024-11-22 20:32:22,162 [DEBUG]  [[32m[1mdebug    [0m] [1mmemoization.predict.actions   [0m [36mtracker_states[0m=[35m[{'user': {'intent': 'ask_architecture'}, 'prev_action': {'action_name': 'utter_architecture_response'}}, {'user': {'intent': 'request_info'}, 'prev_action': {'action_name': 'action_listen'}}][0m
2024-11-22 20:32:22,162 [DEBUG]  There is a memorised next action 'utter_ask_ensure'
2024-11-22 20:32:22,162 [DEBUG]  Node 'run_RulePolicy1' running 'RulePolicy.predict_action_probabilities'.
2024-11-22 20:32:22,163 [DEBUG]  [[32m[1mdebug    [0m] [1mrule_policy.actions.find      [0m [36mcurrent_states[0m=[35m
[state 1] user intent: greet | previous action name: action_listen
[state 2] user intent: greet | previous action name: utter_greet
[state 3] user intent: ask_architecture | previous action name: action_listen
[state 4] user intent: ask_architecture | previous action name: utter_architecture_response
[state 5] user text: Чуть подробнее, пожалуйста! | previous action name: action_listen[0m
2024-11-22 20:32:22,163 [DEBUG]  There is no applicable rule.
2024-11-22 20:32:22,164 [DEBUG]  [[32m[1mdebug    [0m] [1mrule_policy.actions.find      [0m [36mcurrent_states[0m=[35m
[state 1] user intent: greet | previous action name: action_listen
[state 2] user intent: greet | previous action name: utter_greet
[state 3] user intent: ask_architecture | previous action name: action_listen
[state 4] user intent: ask_architecture | previous action name: utter_architecture_response
[state 5] user intent: request_info | previous action name: action_listen[0m
2024-11-22 20:32:22,164 [DEBUG]  There is no applicable rule.
2024-11-22 20:32:22,164 [DEBUG]  Node 'run_TEDPolicy2' running 'TEDPolicy.predict_action_probabilities'.
2024-11-22 20:32:22,171 [DEBUG]  TED predicted 'utter_ask_ensure' based on user intent.
2024-11-22 20:32:22,171 [DEBUG]  Node 'select_prediction' running 'DefaultPolicyPredictionEnsemble.combine_predictions_from_kwargs'.
2024-11-22 20:32:22,171 [DEBUG]  Made prediction using user intent.
2024-11-22 20:32:22,171 [DEBUG]  Added `DefinePrevUserUtteredFeaturization(False)` event.
2024-11-22 20:32:22,172 [DEBUG]  Predicted next action using MemoizationPolicy.
2024-11-22 20:32:22,172 [DEBUG]  Predicted next action 'utter_ask_ensure' with confidence 1.00.
2024-11-22 20:32:22,173 [DEBUG]  [[32m[1mdebug    [0m] [1mprocessor.actions.policy_prediction[0m [36mprediction_events[0m=[35m[<rasa.shared.core.events.DefinePrevUserUtteredFeaturization object at 0x7fbc4c3a1e70>][0m
2024-11-22 20:32:22,173 [DEBUG]  [[32m[1mdebug    [0m] [1mprocessor.actions.log         [0m [36maction_name[0m=[35mutter_ask_ensure[0m [36mrasa_events[0m=[35m[BotUttered('Уверен, что не боишься узнать нечто ужасное?', {"elements": null, "quick_replies": null, "buttons": null, "attachment": null, "image": null, "custom": null}, {"utter_action": "utter_ask_ensure"}, 1732278742.1728451)][0m
2024-11-22 20:32:22,174 [DEBUG]  Running graph with inputs: {'__tracker__': <rasa.shared.core.trackers.DialogueStateTracker object at 0x7fbc4c4545b0>}, targets: ['select_prediction'] and ExecutionContext(model_id='894f0fd685a04724b1b8849199c1a78d', should_add_diagnostic_data=False, is_finetuning=False, node_name=None).
2024-11-22 20:32:22,174 [DEBUG]  Node 'rule_only_data_provider' running 'RuleOnlyDataProvider.provide'.
2024-11-22 20:32:22,174 [DEBUG]  Node 'domain_provider' running 'DomainProvider.provide_inference'.
2024-11-22 20:32:22,175 [DEBUG]  Node 'run_MemoizationPolicy0' running 'MemoizationPolicy.predict_action_probabilities'.
2024-11-22 20:32:22,175 [DEBUG]  [[32m[1mdebug    [0m] [1mmemoization.predict.actions   [0m [36mtracker_states[0m=[35m[{'user': {'intent': 'request_info'}, 'prev_action': {'action_name': 'action_listen'}}, {'user': {'intent': 'request_info'}, 'prev_action': {'action_name': 'utter_ask_ensure'}}][0m
2024-11-22 20:32:22,176 [DEBUG]  There is a memorised next action 'action_listen'
2024-11-22 20:32:22,176 [DEBUG]  Node 'run_RulePolicy1' running 'RulePolicy.predict_action_probabilities'.
2024-11-22 20:32:22,177 [DEBUG]  [[32m[1mdebug    [0m] [1mrule_policy.actions.find      [0m [36mcurrent_states[0m=[35m
[state 1] user intent: greet | previous action name: action_listen
[state 2] user intent: greet | previous action name: utter_greet
[state 3] user intent: ask_architecture | previous action name: action_listen
[state 4] user intent: ask_architecture | previous action name: utter_architecture_response
[state 5] user intent: request_info | previous action name: action_listen
[state 6] user intent: request_info | previous action name: utter_ask_ensure[0m
2024-11-22 20:32:22,177 [DEBUG]  There is no applicable rule.
2024-11-22 20:32:22,177 [DEBUG]  Node 'run_TEDPolicy2' running 'TEDPolicy.predict_action_probabilities'.
2024-11-22 20:32:22,183 [DEBUG]  TED predicted 'action_listen' based on user intent.
2024-11-22 20:32:22,183 [DEBUG]  Node 'select_prediction' running 'DefaultPolicyPredictionEnsemble.combine_predictions_from_kwargs'.
2024-11-22 20:32:22,184 [DEBUG]  Predicted next action using MemoizationPolicy.
2024-11-22 20:32:22,184 [DEBUG]  Predicted next action 'action_listen' with confidence 1.00.
2024-11-22 20:32:22,184 [DEBUG]  [[32m[1mdebug    [0m] [1mprocessor.actions.policy_prediction[0m [36mprediction_events[0m=[35m[][0m
2024-11-22 20:32:22,184 [DEBUG]  [[32m[1mdebug    [0m] [1mprocessor.actions.log         [0m [36maction_name[0m=[35maction_listen[0m [36mrasa_events[0m=[35m[][0m
2024-11-22 20:32:22,185 [DEBUG]  No event broker configured. Skipping streaming events.
2024-11-22 20:32:22,185 [DEBUG]  Deleted lock for conversation 'PractikumStudent'.
2024-11-22 20:32:31,250 [DEBUG]  Issuing ticket for conversation 'PractikumStudent'.
2024-11-22 20:32:31,250 [DEBUG]  Acquiring lock for conversation 'PractikumStudent'.
2024-11-22 20:32:31,251 [DEBUG]  Acquired lock for conversation 'PractikumStudent'.
2024-11-22 20:32:31,251 [DEBUG]  Recreating tracker for id 'PractikumStudent'
2024-11-22 20:32:31,257 [DEBUG]  Running graph with inputs: {'__message__': [<rasa.core.channels.channel.UserMessage object at 0x7fbc4032b850>], '__tracker__': <rasa.shared.core.trackers.DialogueStateTracker object at 0x7fbc4c4545b0>}, targets: ['run_RegexMessageHandler'] and ExecutionContext(model_id='894f0fd685a04724b1b8849199c1a78d', should_add_diagnostic_data=False, is_finetuning=False, node_name=None).
2024-11-22 20:32:31,259 [DEBUG]  Node 'nlu_message_converter' running 'NLUMessageConverter.convert_user_message'.
2024-11-22 20:32:31,259 [DEBUG]  Node 'run_WhitespaceTokenizer0' running 'WhitespaceTokenizer.process'.
2024-11-22 20:32:31,260 [DEBUG]  Node 'run_RegexFeaturizer1' running 'RegexFeaturizer.process'.
2024-11-22 20:32:31,260 [DEBUG]  Node 'run_LexicalSyntacticFeaturizer2' running 'LexicalSyntacticFeaturizer.process'.
2024-11-22 20:32:31,261 [DEBUG]  Node 'run_CountVectorsFeaturizer3' running 'CountVectorsFeaturizer.process'.
2024-11-22 20:32:31,263 [DEBUG]  Node 'run_CountVectorsFeaturizer4' running 'CountVectorsFeaturizer.process'.
2024-11-22 20:32:31,265 [DEBUG]  Node 'run_LanguageModelFeaturizer5' running 'LanguageModelFeaturizer.process'.
2024-11-22 20:32:31,534 [DEBUG]  Node 'run_DIETClassifier6' running 'DIETClassifier.process'.
2024-11-22 20:32:31,540 [DEBUG]  Node 'run_EntitySynonymMapper7' running 'EntitySynonymMapper.process'.
2024-11-22 20:32:31,541 [DEBUG]  Node 'run_ResponseSelector8' running 'ResponseSelector.process'.
2024-11-22 20:32:31,541 [DEBUG]  There is no trained model for 'ResponseSelector': The component is either not trained or didn't receive enough training data.
2024-11-22 20:32:31,541 [DEBUG]  Adding following selector key to message property: default
2024-11-22 20:32:31,541 [DEBUG]  Node 'run_FallbackClassifier9' running 'FallbackClassifier.process'.
2024-11-22 20:32:31,541 [DEBUG]  Node 'domain_provider' running 'DomainProvider.provide_inference'.
2024-11-22 20:32:31,541 [DEBUG]  Node 'run_RegexMessageHandler' running 'RegexMessageHandler.process'.
2024-11-22 20:32:31,541 [DEBUG]  [[32m[1mdebug    [0m] [1mprocessor.message.parse       [0m [36mparse_data_entities[0m=[35m[][0m [36mparse_data_intent[0m=[35m{'name': 'affirm', 'confidence': 0.998663067817688}[0m [36mparse_data_text[0m=[35mДа, я уверен![0m
2024-11-22 20:32:31,542 [DEBUG]  Logged UserUtterance - tracker now has 19 events.
2024-11-22 20:32:31,542 [DEBUG]  Validating extracted slots: 
2024-11-22 20:32:31,542 [DEBUG]  [[32m[1mdebug    [0m] [1mprocessor.extract.slots       [0m [36maction_extract_slot[0m=[35maction_extract_slots[0m [36mlen_extraction_events[0m=[35m0[0m [36mrasa_events[0m=[35m[][0m
2024-11-22 20:32:31,542 [DEBUG]  Running graph with inputs: {'__tracker__': <rasa.shared.core.trackers.DialogueStateTracker object at 0x7fbc4c4545b0>}, targets: ['select_prediction'] and ExecutionContext(model_id='894f0fd685a04724b1b8849199c1a78d', should_add_diagnostic_data=False, is_finetuning=False, node_name=None).
2024-11-22 20:32:31,543 [DEBUG]  Node 'rule_only_data_provider' running 'RuleOnlyDataProvider.provide'.
2024-11-22 20:32:31,543 [DEBUG]  Node 'domain_provider' running 'DomainProvider.provide_inference'.
2024-11-22 20:32:31,543 [DEBUG]  Node 'run_MemoizationPolicy0' running 'MemoizationPolicy.predict_action_probabilities'.
2024-11-22 20:32:31,544 [DEBUG]  [[32m[1mdebug    [0m] [1mmemoization.predict.actions   [0m [36mtracker_states[0m=[35m[{'user': {'intent': 'request_info'}, 'prev_action': {'action_name': 'utter_ask_ensure'}}, {'user': {'intent': 'affirm'}, 'prev_action': {'action_name': 'action_listen'}}][0m
2024-11-22 20:32:31,544 [DEBUG]  There is a memorised next action 'utter_sacred_knowledge'
2024-11-22 20:32:31,544 [DEBUG]  Node 'run_RulePolicy1' running 'RulePolicy.predict_action_probabilities'.
2024-11-22 20:32:31,545 [DEBUG]  [[32m[1mdebug    [0m] [1mrule_policy.actions.find      [0m [36mcurrent_states[0m=[35m
[state 1] user intent: greet | previous action name: action_listen
[state 2] user intent: greet | previous action name: utter_greet
[state 3] user intent: ask_architecture | previous action name: action_listen
[state 4] user intent: ask_architecture | previous action name: utter_architecture_response
[state 5] user intent: request_info | previous action name: action_listen
[state 6] user intent: request_info | previous action name: utter_ask_ensure
[state 7] user text: Да, я уверен! | previous action name: action_listen[0m
2024-11-22 20:32:31,545 [DEBUG]  There is no applicable rule.
2024-11-22 20:32:31,545 [DEBUG]  [[32m[1mdebug    [0m] [1mrule_policy.actions.find      [0m [36mcurrent_states[0m=[35m
[state 1] user intent: greet | previous action name: action_listen
[state 2] user intent: greet | previous action name: utter_greet
[state 3] user intent: ask_architecture | previous action name: action_listen
[state 4] user intent: ask_architecture | previous action name: utter_architecture_response
[state 5] user intent: request_info | previous action name: action_listen
[state 6] user intent: request_info | previous action name: utter_ask_ensure
[state 7] user intent: affirm | previous action name: action_listen[0m
2024-11-22 20:32:31,545 [DEBUG]  There is no applicable rule.
2024-11-22 20:32:31,545 [DEBUG]  Node 'run_TEDPolicy2' running 'TEDPolicy.predict_action_probabilities'.
2024-11-22 20:32:31,550 [DEBUG]  TED predicted 'utter_read_books' based on user intent.
2024-11-22 20:32:31,550 [DEBUG]  Node 'select_prediction' running 'DefaultPolicyPredictionEnsemble.combine_predictions_from_kwargs'.
2024-11-22 20:32:31,550 [DEBUG]  Made prediction using user intent.
2024-11-22 20:32:31,550 [DEBUG]  Added `DefinePrevUserUtteredFeaturization(False)` event.
2024-11-22 20:32:31,550 [DEBUG]  Predicted next action using MemoizationPolicy.
2024-11-22 20:32:31,551 [DEBUG]  Predicted next action 'utter_sacred_knowledge' with confidence 1.00.
2024-11-22 20:32:31,551 [DEBUG]  [[32m[1mdebug    [0m] [1mprocessor.actions.policy_prediction[0m [36mprediction_events[0m=[35m[<rasa.shared.core.events.DefinePrevUserUtteredFeaturization object at 0x7fbc4c3a0070>][0m
2024-11-22 20:32:31,551 [DEBUG]  [[32m[1mdebug    [0m] [1mprocessor.actions.log         [0m [36maction_name[0m=[35mutter_sacred_knowledge[0m [36mrasa_events[0m=[35m[BotUttered('Архитектура программного обеспечения — это то, что труднее всего  изменить, не сломав что-то.', {"elements": null, "quick_replies": null, "buttons": null, "attachment": null, "image": null, "custom": null}, {"utter_action": "utter_sacred_knowledge"}, 1732278751.5514412)][0m
2024-11-22 20:32:31,552 [DEBUG]  Running graph with inputs: {'__tracker__': <rasa.shared.core.trackers.DialogueStateTracker object at 0x7fbc4c4545b0>}, targets: ['select_prediction'] and ExecutionContext(model_id='894f0fd685a04724b1b8849199c1a78d', should_add_diagnostic_data=False, is_finetuning=False, node_name=None).
2024-11-22 20:32:31,552 [DEBUG]  Node 'rule_only_data_provider' running 'RuleOnlyDataProvider.provide'.
2024-11-22 20:32:31,552 [DEBUG]  Node 'domain_provider' running 'DomainProvider.provide_inference'.
2024-11-22 20:32:31,552 [DEBUG]  Node 'run_MemoizationPolicy0' running 'MemoizationPolicy.predict_action_probabilities'.
2024-11-22 20:32:31,553 [DEBUG]  [[32m[1mdebug    [0m] [1mmemoization.predict.actions   [0m [36mtracker_states[0m=[35m[{'user': {'intent': 'affirm'}, 'prev_action': {'action_name': 'action_listen'}}, {'user': {'intent': 'affirm'}, 'prev_action': {'action_name': 'utter_sacred_knowledge'}}][0m
2024-11-22 20:32:31,553 [DEBUG]  There is a memorised next action 'utter_still_questions'
2024-11-22 20:32:31,553 [DEBUG]  Node 'run_RulePolicy1' running 'RulePolicy.predict_action_probabilities'.
2024-11-22 20:32:31,554 [DEBUG]  [[32m[1mdebug    [0m] [1mrule_policy.actions.find      [0m [36mcurrent_states[0m=[35m
[state 1] user intent: greet | previous action name: action_listen
[state 2] user intent: greet | previous action name: utter_greet
[state 3] user intent: ask_architecture | previous action name: action_listen
[state 4] user intent: ask_architecture | previous action name: utter_architecture_response
[state 5] user intent: request_info | previous action name: action_listen
[state 6] user intent: request_info | previous action name: utter_ask_ensure
[state 7] user intent: affirm | previous action name: action_listen
[state 8] user intent: affirm | previous action name: utter_sacred_knowledge[0m
2024-11-22 20:32:31,554 [DEBUG]  There is no applicable rule.
2024-11-22 20:32:31,554 [DEBUG]  Node 'run_TEDPolicy2' running 'TEDPolicy.predict_action_probabilities'.
2024-11-22 20:32:31,558 [DEBUG]  TED predicted 'utter_still_questions' based on user intent.
2024-11-22 20:32:31,558 [DEBUG]  Node 'select_prediction' running 'DefaultPolicyPredictionEnsemble.combine_predictions_from_kwargs'.
2024-11-22 20:32:31,558 [DEBUG]  Predicted next action using MemoizationPolicy.
2024-11-22 20:32:31,558 [DEBUG]  Predicted next action 'utter_still_questions' with confidence 1.00.
2024-11-22 20:32:31,559 [DEBUG]  [[32m[1mdebug    [0m] [1mprocessor.actions.policy_prediction[0m [36mprediction_events[0m=[35m[][0m
2024-11-22 20:32:31,559 [DEBUG]  [[32m[1mdebug    [0m] [1mprocessor.actions.log         [0m [36maction_name[0m=[35mutter_still_questions[0m [36mrasa_events[0m=[35m[BotUttered('Остались вопросы?', {"elements": null, "quick_replies": null, "buttons": null, "attachment": null, "image": null, "custom": null}, {"utter_action": "utter_still_questions"}, 1732278751.5591693)][0m
2024-11-22 20:32:31,559 [DEBUG]  Running graph with inputs: {'__tracker__': <rasa.shared.core.trackers.DialogueStateTracker object at 0x7fbc4c4545b0>}, targets: ['select_prediction'] and ExecutionContext(model_id='894f0fd685a04724b1b8849199c1a78d', should_add_diagnostic_data=False, is_finetuning=False, node_name=None).
2024-11-22 20:32:31,560 [DEBUG]  Node 'rule_only_data_provider' running 'RuleOnlyDataProvider.provide'.
2024-11-22 20:32:31,560 [DEBUG]  Node 'domain_provider' running 'DomainProvider.provide_inference'.
2024-11-22 20:32:31,560 [DEBUG]  Node 'run_MemoizationPolicy0' running 'MemoizationPolicy.predict_action_probabilities'.
2024-11-22 20:32:31,560 [DEBUG]  [[32m[1mdebug    [0m] [1mmemoization.predict.actions   [0m [36mtracker_states[0m=[35m[{'user': {'intent': 'affirm'}, 'prev_action': {'action_name': 'utter_sacred_knowledge'}}, {'user': {'intent': 'affirm'}, 'prev_action': {'action_name': 'utter_still_questions'}}][0m
2024-11-22 20:32:31,560 [DEBUG]  There is a memorised next action 'action_listen'
2024-11-22 20:32:31,561 [DEBUG]  Node 'run_RulePolicy1' running 'RulePolicy.predict_action_probabilities'.
2024-11-22 20:32:31,561 [DEBUG]  [[32m[1mdebug    [0m] [1mrule_policy.actions.find      [0m [36mcurrent_states[0m=[35m
[state 1] user intent: greet | previous action name: action_listen
[state 2] user intent: greet | previous action name: utter_greet
[state 3] user intent: ask_architecture | previous action name: action_listen
[state 4] user intent: ask_architecture | previous action name: utter_architecture_response
[state 5] user intent: request_info | previous action name: action_listen
[state 6] user intent: request_info | previous action name: utter_ask_ensure
[state 7] user intent: affirm | previous action name: action_listen
[state 8] user intent: affirm | previous action name: utter_sacred_knowledge
[state 9] user intent: affirm | previous action name: utter_still_questions[0m
2024-11-22 20:32:31,561 [DEBUG]  There is no applicable rule.
2024-11-22 20:32:31,561 [DEBUG]  Node 'run_TEDPolicy2' running 'TEDPolicy.predict_action_probabilities'.
2024-11-22 20:32:31,565 [DEBUG]  TED predicted 'action_listen' based on user intent.
2024-11-22 20:32:31,565 [DEBUG]  Node 'select_prediction' running 'DefaultPolicyPredictionEnsemble.combine_predictions_from_kwargs'.
2024-11-22 20:32:31,565 [DEBUG]  Predicted next action using MemoizationPolicy.
2024-11-22 20:32:31,565 [DEBUG]  Predicted next action 'action_listen' with confidence 1.00.
2024-11-22 20:32:31,566 [DEBUG]  [[32m[1mdebug    [0m] [1mprocessor.actions.policy_prediction[0m [36mprediction_events[0m=[35m[][0m
2024-11-22 20:32:31,566 [DEBUG]  [[32m[1mdebug    [0m] [1mprocessor.actions.log         [0m [36maction_name[0m=[35maction_listen[0m [36mrasa_events[0m=[35m[][0m
2024-11-22 20:32:31,566 [DEBUG]  No event broker configured. Skipping streaming events.
2024-11-22 20:32:31,566 [DEBUG]  Deleted lock for conversation 'PractikumStudent'.
2024-11-22 20:32:42,124 [DEBUG]  Issuing ticket for conversation 'PractikumStudent'.
2024-11-22 20:32:42,125 [DEBUG]  Acquiring lock for conversation 'PractikumStudent'.
2024-11-22 20:32:42,125 [DEBUG]  Acquired lock for conversation 'PractikumStudent'.
2024-11-22 20:32:42,125 [DEBUG]  Recreating tracker for id 'PractikumStudent'
2024-11-22 20:32:42,132 [DEBUG]  Running graph with inputs: {'__message__': [<rasa.core.channels.channel.UserMessage object at 0x7fbc4032b850>], '__tracker__': <rasa.shared.core.trackers.DialogueStateTracker object at 0x7fbc4c4545b0>}, targets: ['run_RegexMessageHandler'] and ExecutionContext(model_id='894f0fd685a04724b1b8849199c1a78d', should_add_diagnostic_data=False, is_finetuning=False, node_name=None).
2024-11-22 20:32:42,133 [DEBUG]  Node 'nlu_message_converter' running 'NLUMessageConverter.convert_user_message'.
2024-11-22 20:32:42,133 [DEBUG]  Node 'run_WhitespaceTokenizer0' running 'WhitespaceTokenizer.process'.
2024-11-22 20:32:42,134 [DEBUG]  Node 'run_RegexFeaturizer1' running 'RegexFeaturizer.process'.
2024-11-22 20:32:42,134 [DEBUG]  Node 'run_LexicalSyntacticFeaturizer2' running 'LexicalSyntacticFeaturizer.process'.
2024-11-22 20:32:42,135 [DEBUG]  Node 'run_CountVectorsFeaturizer3' running 'CountVectorsFeaturizer.process'.
2024-11-22 20:32:42,136 [DEBUG]  Node 'run_CountVectorsFeaturizer4' running 'CountVectorsFeaturizer.process'.
2024-11-22 20:32:42,138 [DEBUG]  Node 'run_LanguageModelFeaturizer5' running 'LanguageModelFeaturizer.process'.
2024-11-22 20:32:42,333 [DEBUG]  Node 'run_DIETClassifier6' running 'DIETClassifier.process'.
2024-11-22 20:32:42,338 [DEBUG]  Node 'run_EntitySynonymMapper7' running 'EntitySynonymMapper.process'.
2024-11-22 20:32:42,338 [DEBUG]  Node 'run_ResponseSelector8' running 'ResponseSelector.process'.
2024-11-22 20:32:42,338 [DEBUG]  There is no trained model for 'ResponseSelector': The component is either not trained or didn't receive enough training data.
2024-11-22 20:32:42,338 [DEBUG]  Adding following selector key to message property: default
2024-11-22 20:32:42,338 [DEBUG]  Node 'run_FallbackClassifier9' running 'FallbackClassifier.process'.
2024-11-22 20:32:42,338 [DEBUG]  Node 'domain_provider' running 'DomainProvider.provide_inference'.
2024-11-22 20:32:42,338 [DEBUG]  Node 'run_RegexMessageHandler' running 'RegexMessageHandler.process'.
2024-11-22 20:32:42,338 [DEBUG]  [[32m[1mdebug    [0m] [1mprocessor.message.parse       [0m [36mparse_data_entities[0m=[35m[][0m [36mparse_data_intent[0m=[35m{'name': 'affirm', 'confidence': 0.9997472167015076}[0m [36mparse_data_text[0m=[35mЯсно.[0m
2024-11-22 20:32:42,338 [DEBUG]  Logged UserUtterance - tracker now has 26 events.
2024-11-22 20:32:42,338 [DEBUG]  Validating extracted slots: 
2024-11-22 20:32:42,339 [DEBUG]  [[32m[1mdebug    [0m] [1mprocessor.extract.slots       [0m [36maction_extract_slot[0m=[35maction_extract_slots[0m [36mlen_extraction_events[0m=[35m0[0m [36mrasa_events[0m=[35m[][0m
2024-11-22 20:32:42,339 [DEBUG]  Running graph with inputs: {'__tracker__': <rasa.shared.core.trackers.DialogueStateTracker object at 0x7fbc4c4545b0>}, targets: ['select_prediction'] and ExecutionContext(model_id='894f0fd685a04724b1b8849199c1a78d', should_add_diagnostic_data=False, is_finetuning=False, node_name=None).
2024-11-22 20:32:42,339 [DEBUG]  Node 'rule_only_data_provider' running 'RuleOnlyDataProvider.provide'.
2024-11-22 20:32:42,339 [DEBUG]  Node 'domain_provider' running 'DomainProvider.provide_inference'.
2024-11-22 20:32:42,339 [DEBUG]  Node 'run_MemoizationPolicy0' running 'MemoizationPolicy.predict_action_probabilities'.
2024-11-22 20:32:42,339 [DEBUG]  [[32m[1mdebug    [0m] [1mmemoization.predict.actions   [0m [36mtracker_states[0m=[35m[{'user': {'intent': 'affirm'}, 'prev_action': {'action_name': 'utter_still_questions'}}, {'user': {'intent': 'affirm'}, 'prev_action': {'action_name': 'action_listen'}}][0m
2024-11-22 20:32:42,339 [DEBUG]  There is a memorised next action 'utter_read_books'
2024-11-22 20:32:42,339 [DEBUG]  Node 'run_RulePolicy1' running 'RulePolicy.predict_action_probabilities'.
2024-11-22 20:32:42,340 [DEBUG]  [[32m[1mdebug    [0m] [1mrule_policy.actions.find      [0m [36mcurrent_states[0m=[35m
[state 1] user intent: greet | previous action name: action_listen
[state 2] user intent: greet | previous action name: utter_greet
[state 3] user intent: ask_architecture | previous action name: action_listen
[state 4] user intent: ask_architecture | previous action name: utter_architecture_response
[state 5] user intent: request_info | previous action name: action_listen
[state 6] user intent: request_info | previous action name: utter_ask_ensure
[state 7] user intent: affirm | previous action name: action_listen
[state 8] user intent: affirm | previous action name: utter_sacred_knowledge
[state 9] user intent: affirm | previous action name: utter_still_questions
[state 10] user text: Ясно. | previous action name: action_listen[0m
2024-11-22 20:32:42,340 [DEBUG]  There is no applicable rule.
2024-11-22 20:32:42,340 [DEBUG]  [[32m[1mdebug    [0m] [1mrule_policy.actions.find      [0m [36mcurrent_states[0m=[35m
[state 1] user intent: greet | previous action name: action_listen
[state 2] user intent: greet | previous action name: utter_greet
[state 3] user intent: ask_architecture | previous action name: action_listen
[state 4] user intent: ask_architecture | previous action name: utter_architecture_response
[state 5] user intent: request_info | previous action name: action_listen
[state 6] user intent: request_info | previous action name: utter_ask_ensure
[state 7] user intent: affirm | previous action name: action_listen
[state 8] user intent: affirm | previous action name: utter_sacred_knowledge
[state 9] user intent: affirm | previous action name: utter_still_questions
[state 10] user intent: affirm | previous action name: action_listen[0m
2024-11-22 20:32:42,340 [DEBUG]  There is no applicable rule.
2024-11-22 20:32:42,340 [DEBUG]  Node 'run_TEDPolicy2' running 'TEDPolicy.predict_action_probabilities'.
2024-11-22 20:32:42,342 [DEBUG]  TED predicted 'utter_read_books' based on user intent.
2024-11-22 20:32:42,342 [DEBUG]  Node 'select_prediction' running 'DefaultPolicyPredictionEnsemble.combine_predictions_from_kwargs'.
2024-11-22 20:32:42,342 [DEBUG]  Made prediction using user intent.
2024-11-22 20:32:42,343 [DEBUG]  Added `DefinePrevUserUtteredFeaturization(False)` event.
2024-11-22 20:32:42,343 [DEBUG]  Predicted next action using MemoizationPolicy.
2024-11-22 20:32:42,343 [DEBUG]  Predicted next action 'utter_read_books' with confidence 1.00.
2024-11-22 20:32:42,343 [DEBUG]  [[32m[1mdebug    [0m] [1mprocessor.actions.policy_prediction[0m [36mprediction_events[0m=[35m[<rasa.shared.core.events.DefinePrevUserUtteredFeaturization object at 0x7fbc40224fa0>][0m
2024-11-22 20:32:42,343 [DEBUG]  [[32m[1mdebug    [0m] [1mprocessor.actions.log         [0m [36maction_name[0m=[35mutter_read_books[0m [36mrasa_events[0m=[35m[BotUttered('Читай книжки!', {"elements": null, "quick_replies": null, "buttons": null, "attachment": null, "image": null, "custom": null}, {"utter_action": "utter_read_books"}, 1732278762.3433344)][0m
2024-11-22 20:32:42,343 [DEBUG]  Running graph with inputs: {'__tracker__': <rasa.shared.core.trackers.DialogueStateTracker object at 0x7fbc4c4545b0>}, targets: ['select_prediction'] and ExecutionContext(model_id='894f0fd685a04724b1b8849199c1a78d', should_add_diagnostic_data=False, is_finetuning=False, node_name=None).
2024-11-22 20:32:42,343 [DEBUG]  Node 'rule_only_data_provider' running 'RuleOnlyDataProvider.provide'.
2024-11-22 20:32:42,343 [DEBUG]  Node 'domain_provider' running 'DomainProvider.provide_inference'.
2024-11-22 20:32:42,343 [DEBUG]  Node 'run_MemoizationPolicy0' running 'MemoizationPolicy.predict_action_probabilities'.
2024-11-22 20:32:42,344 [DEBUG]  [[32m[1mdebug    [0m] [1mmemoization.predict.actions   [0m [36mtracker_states[0m=[35m[{'user': {'intent': 'affirm'}, 'prev_action': {'action_name': 'action_listen'}}, {'user': {'intent': 'affirm'}, 'prev_action': {'action_name': 'utter_read_books'}}][0m
2024-11-22 20:32:42,344 [DEBUG]  There is a memorised next action 'action_listen'
2024-11-22 20:32:42,344 [DEBUG]  Node 'run_RulePolicy1' running 'RulePolicy.predict_action_probabilities'.
2024-11-22 20:32:42,344 [DEBUG]  [[32m[1mdebug    [0m] [1mrule_policy.actions.find      [0m [36mcurrent_states[0m=[35m
[state 1] user intent: greet | previous action name: action_listen
[state 2] user intent: greet | previous action name: utter_greet
[state 3] user intent: ask_architecture | previous action name: action_listen
[state 4] user intent: ask_architecture | previous action name: utter_architecture_response
[state 5] user intent: request_info | previous action name: action_listen
[state 6] user intent: request_info | previous action name: utter_ask_ensure
[state 7] user intent: affirm | previous action name: action_listen
[state 8] user intent: affirm | previous action name: utter_sacred_knowledge
[state 9] user intent: affirm | previous action name: utter_still_questions
[state 10] user intent: affirm | previous action name: action_listen
[state 11] user intent: affirm | previous action name: utter_read_books[0m
2024-11-22 20:32:42,344 [DEBUG]  There is no applicable rule.
2024-11-22 20:32:42,344 [DEBUG]  Node 'run_TEDPolicy2' running 'TEDPolicy.predict_action_probabilities'.
2024-11-22 20:32:42,346 [DEBUG]  TED predicted 'action_listen' based on user intent.
2024-11-22 20:32:42,346 [DEBUG]  Node 'select_prediction' running 'DefaultPolicyPredictionEnsemble.combine_predictions_from_kwargs'.
2024-11-22 20:32:42,346 [DEBUG]  Predicted next action using MemoizationPolicy.
2024-11-22 20:32:42,346 [DEBUG]  Predicted next action 'action_listen' with confidence 1.00.
2024-11-22 20:32:42,347 [DEBUG]  [[32m[1mdebug    [0m] [1mprocessor.actions.policy_prediction[0m [36mprediction_events[0m=[35m[][0m
2024-11-22 20:32:42,347 [DEBUG]  [[32m[1mdebug    [0m] [1mprocessor.actions.log         [0m [36maction_name[0m=[35maction_listen[0m [36mrasa_events[0m=[35m[][0m
2024-11-22 20:32:42,347 [DEBUG]  No event broker configured. Skipping streaming events.
2024-11-22 20:32:42,347 [DEBUG]  Deleted lock for conversation 'PractikumStudent'.
2024-11-22 20:32:52,367 [DEBUG]  Issuing ticket for conversation 'PractikumStudent'.
2024-11-22 20:32:52,367 [DEBUG]  Acquiring lock for conversation 'PractikumStudent'.
2024-11-22 20:32:52,367 [DEBUG]  Acquired lock for conversation 'PractikumStudent'.
2024-11-22 20:32:52,368 [DEBUG]  Recreating tracker for id 'PractikumStudent'
2024-11-22 20:32:52,376 [DEBUG]  Running graph with inputs: {'__message__': [<rasa.core.channels.channel.UserMessage object at 0x7fbc4032b850>], '__tracker__': <rasa.shared.core.trackers.DialogueStateTracker object at 0x7fbc4c4545b0>}, targets: ['run_RegexMessageHandler'] and ExecutionContext(model_id='894f0fd685a04724b1b8849199c1a78d', should_add_diagnostic_data=False, is_finetuning=False, node_name=None).
2024-11-22 20:32:52,377 [DEBUG]  Node 'nlu_message_converter' running 'NLUMessageConverter.convert_user_message'.
2024-11-22 20:32:52,377 [DEBUG]  Node 'run_WhitespaceTokenizer0' running 'WhitespaceTokenizer.process'.
2024-11-22 20:32:52,378 [DEBUG]  Node 'run_RegexFeaturizer1' running 'RegexFeaturizer.process'.
2024-11-22 20:32:52,379 [DEBUG]  Node 'run_LexicalSyntacticFeaturizer2' running 'LexicalSyntacticFeaturizer.process'.
2024-11-22 20:32:52,380 [DEBUG]  Node 'run_CountVectorsFeaturizer3' running 'CountVectorsFeaturizer.process'.
2024-11-22 20:32:52,382 [DEBUG]  Node 'run_CountVectorsFeaturizer4' running 'CountVectorsFeaturizer.process'.
2024-11-22 20:32:52,384 [DEBUG]  Node 'run_LanguageModelFeaturizer5' running 'LanguageModelFeaturizer.process'.
2024-11-22 20:32:52,742 [DEBUG]  Node 'run_DIETClassifier6' running 'DIETClassifier.process'.
2024-11-22 20:32:52,756 [DEBUG]  Node 'run_EntitySynonymMapper7' running 'EntitySynonymMapper.process'.
2024-11-22 20:32:52,757 [DEBUG]  Node 'run_ResponseSelector8' running 'ResponseSelector.process'.
2024-11-22 20:32:52,757 [DEBUG]  There is no trained model for 'ResponseSelector': The component is either not trained or didn't receive enough training data.
2024-11-22 20:32:52,757 [DEBUG]  Adding following selector key to message property: default
2024-11-22 20:32:52,758 [DEBUG]  Node 'run_FallbackClassifier9' running 'FallbackClassifier.process'.
2024-11-22 20:32:52,758 [DEBUG]  Node 'domain_provider' running 'DomainProvider.provide_inference'.
2024-11-22 20:32:52,758 [DEBUG]  Node 'run_RegexMessageHandler' running 'RegexMessageHandler.process'.
2024-11-22 20:32:52,759 [DEBUG]  [[32m[1mdebug    [0m] [1mprocessor.message.parse       [0m [36mparse_data_entities[0m=[35m[][0m [36mparse_data_intent[0m=[35m{'name': 'goodbye', 'confidence': 0.9999998807907104}[0m [36mparse_data_text[0m=[35mПока![0m
2024-11-22 20:32:52,760 [DEBUG]  Logged UserUtterance - tracker now has 31 events.
2024-11-22 20:32:52,760 [DEBUG]  Validating extracted slots: 
2024-11-22 20:32:52,760 [DEBUG]  [[32m[1mdebug    [0m] [1mprocessor.extract.slots       [0m [36maction_extract_slot[0m=[35maction_extract_slots[0m [36mlen_extraction_events[0m=[35m0[0m [36mrasa_events[0m=[35m[][0m
2024-11-22 20:32:52,761 [DEBUG]  Running graph with inputs: {'__tracker__': <rasa.shared.core.trackers.DialogueStateTracker object at 0x7fbc4c4545b0>}, targets: ['select_prediction'] and ExecutionContext(model_id='894f0fd685a04724b1b8849199c1a78d', should_add_diagnostic_data=False, is_finetuning=False, node_name=None).
2024-11-22 20:32:52,762 [DEBUG]  Node 'rule_only_data_provider' running 'RuleOnlyDataProvider.provide'.
2024-11-22 20:32:52,762 [DEBUG]  Node 'domain_provider' running 'DomainProvider.provide_inference'.
2024-11-22 20:32:52,762 [DEBUG]  Node 'run_MemoizationPolicy0' running 'MemoizationPolicy.predict_action_probabilities'.
2024-11-22 20:32:52,763 [DEBUG]  [[32m[1mdebug    [0m] [1mmemoization.predict.actions   [0m [36mtracker_states[0m=[35m[{'user': {'intent': 'affirm'}, 'prev_action': {'action_name': 'utter_read_books'}}, {'user': {'intent': 'goodbye'}, 'prev_action': {'action_name': 'action_listen'}}][0m
2024-11-22 20:32:52,764 [DEBUG]  There is a memorised next action 'utter_goodbye'
2024-11-22 20:32:52,764 [DEBUG]  Node 'run_RulePolicy1' running 'RulePolicy.predict_action_probabilities'.
2024-11-22 20:32:52,765 [DEBUG]  [[32m[1mdebug    [0m] [1mrule_policy.actions.find      [0m [36mcurrent_states[0m=[35m
[state 1] user intent: greet | previous action name: action_listen
[state 2] user intent: greet | previous action name: utter_greet
[state 3] user intent: ask_architecture | previous action name: action_listen
[state 4] user intent: ask_architecture | previous action name: utter_architecture_response
[state 5] user intent: request_info | previous action name: action_listen
[state 6] user intent: request_info | previous action name: utter_ask_ensure
[state 7] user intent: affirm | previous action name: action_listen
[state 8] user intent: affirm | previous action name: utter_sacred_knowledge
[state 9] user intent: affirm | previous action name: utter_still_questions
[state 10] user intent: affirm | previous action name: action_listen
[state 11] user intent: affirm | previous action name: utter_read_books
[state 12] user text: Пока! | previous action name: action_listen[0m
2024-11-22 20:32:52,765 [DEBUG]  There is no applicable rule.
2024-11-22 20:32:52,766 [DEBUG]  [[32m[1mdebug    [0m] [1mrule_policy.actions.find      [0m [36mcurrent_states[0m=[35m
[state 1] user intent: greet | previous action name: action_listen
[state 2] user intent: greet | previous action name: utter_greet
[state 3] user intent: ask_architecture | previous action name: action_listen
[state 4] user intent: ask_architecture | previous action name: utter_architecture_response
[state 5] user intent: request_info | previous action name: action_listen
[state 6] user intent: request_info | previous action name: utter_ask_ensure
[state 7] user intent: affirm | previous action name: action_listen
[state 8] user intent: affirm | previous action name: utter_sacred_knowledge
[state 9] user intent: affirm | previous action name: utter_still_questions
[state 10] user intent: affirm | previous action name: action_listen
[state 11] user intent: affirm | previous action name: utter_read_books
[state 12] user intent: goodbye | previous action name: action_listen[0m
2024-11-22 20:32:52,766 [DEBUG]  There is a rule for the next action 'utter_goodbye'.
2024-11-22 20:32:52,767 [DEBUG]  Node 'run_TEDPolicy2' running 'TEDPolicy.predict_action_probabilities'.
2024-11-22 20:32:52,775 [DEBUG]  TED predicted 'utter_goodbye' based on user intent.
2024-11-22 20:32:52,775 [DEBUG]  Node 'select_prediction' running 'DefaultPolicyPredictionEnsemble.combine_predictions_from_kwargs'.
2024-11-22 20:32:52,775 [DEBUG]  Made prediction using user intent.
2024-11-22 20:32:52,775 [DEBUG]  Added `DefinePrevUserUtteredFeaturization(False)` event.
2024-11-22 20:32:52,776 [DEBUG]  Predicted next action using RulePolicy.
2024-11-22 20:32:52,776 [DEBUG]  Predicted next action 'utter_goodbye' with confidence 1.00.
2024-11-22 20:32:52,777 [DEBUG]  [[32m[1mdebug    [0m] [1mprocessor.actions.policy_prediction[0m [36mprediction_events[0m=[35m[<rasa.shared.core.events.DefinePrevUserUtteredFeaturization object at 0x7fbc4c3a1ff0>][0m
2024-11-22 20:32:52,777 [DEBUG]  [[32m[1mdebug    [0m] [1mprocessor.actions.log         [0m [36maction_name[0m=[35mutter_goodbye[0m [36mrasa_events[0m=[35m[BotUttered('До скорого!', {"elements": null, "quick_replies": null, "buttons": null, "attachment": null, "image": null, "custom": null}, {"utter_action": "utter_goodbye"}, 1732278772.7769163)][0m
2024-11-22 20:32:52,778 [DEBUG]  Running graph with inputs: {'__tracker__': <rasa.shared.core.trackers.DialogueStateTracker object at 0x7fbc4c4545b0>}, targets: ['select_prediction'] and ExecutionContext(model_id='894f0fd685a04724b1b8849199c1a78d', should_add_diagnostic_data=False, is_finetuning=False, node_name=None).
2024-11-22 20:32:52,778 [DEBUG]  Node 'rule_only_data_provider' running 'RuleOnlyDataProvider.provide'.
2024-11-22 20:32:52,778 [DEBUG]  Node 'domain_provider' running 'DomainProvider.provide_inference'.
2024-11-22 20:32:52,779 [DEBUG]  Node 'run_MemoizationPolicy0' running 'MemoizationPolicy.predict_action_probabilities'.
2024-11-22 20:32:52,780 [DEBUG]  [[32m[1mdebug    [0m] [1mmemoization.predict.actions   [0m [36mtracker_states[0m=[35m[{'user': {'intent': 'goodbye'}, 'prev_action': {'action_name': 'action_listen'}}, {'user': {'intent': 'goodbye'}, 'prev_action': {'action_name': 'utter_goodbye'}}][0m
2024-11-22 20:32:52,780 [DEBUG]  There is a memorised next action 'action_listen'
2024-11-22 20:32:52,780 [DEBUG]  Node 'run_RulePolicy1' running 'RulePolicy.predict_action_probabilities'.
2024-11-22 20:32:52,782 [DEBUG]  [[32m[1mdebug    [0m] [1mrule_policy.actions.find      [0m [36mcurrent_states[0m=[35m
[state 1] user intent: greet | previous action name: action_listen
[state 2] user intent: greet | previous action name: utter_greet
[state 3] user intent: ask_architecture | previous action name: action_listen
[state 4] user intent: ask_architecture | previous action name: utter_architecture_response
[state 5] user intent: request_info | previous action name: action_listen
[state 6] user intent: request_info | previous action name: utter_ask_ensure
[state 7] user intent: affirm | previous action name: action_listen
[state 8] user intent: affirm | previous action name: utter_sacred_knowledge
[state 9] user intent: affirm | previous action name: utter_still_questions
[state 10] user intent: affirm | previous action name: action_listen
[state 11] user intent: affirm | previous action name: utter_read_books
[state 12] user intent: goodbye | previous action name: action_listen
[state 13] user intent: goodbye | previous action name: utter_goodbye[0m
2024-11-22 20:32:52,782 [DEBUG]  There is a rule for the next action 'action_listen'.
2024-11-22 20:32:52,783 [DEBUG]  Node 'run_TEDPolicy2' running 'TEDPolicy.predict_action_probabilities'.
2024-11-22 20:32:52,791 [DEBUG]  TED predicted 'action_listen' based on user intent.
2024-11-22 20:32:52,791 [DEBUG]  Node 'select_prediction' running 'DefaultPolicyPredictionEnsemble.combine_predictions_from_kwargs'.
2024-11-22 20:32:52,792 [DEBUG]  Predicted next action using RulePolicy.
2024-11-22 20:32:52,792 [DEBUG]  Predicted next action 'action_listen' with confidence 1.00.
2024-11-22 20:32:52,792 [DEBUG]  [[32m[1mdebug    [0m] [1mprocessor.actions.policy_prediction[0m [36mprediction_events[0m=[35m[][0m
2024-11-22 20:32:52,793 [DEBUG]  [[32m[1mdebug    [0m] [1mprocessor.actions.log         [0m [36maction_name[0m=[35maction_listen[0m [36mrasa_events[0m=[35m[][0m
2024-11-22 20:32:52,793 [DEBUG]  No event broker configured. Skipping streaming events.
2024-11-22 20:32:52,794 [DEBUG]  Deleted lock for conversation 'PractikumStudent'.
