2025-02-19 12:40:44,281 [DEBUG]  Available web server routes: 
/conversations/<conversation_id:path>/messages     POST                           add_message
/conversations/<conversation_id:path>/tracker/events POST                           append_events
/webhooks/rasa                                     GET                            custom_webhook_RasaChatInput.health
/webhooks/rasa/webhook                             POST                           custom_webhook_RasaChatInput.receive
/webhooks/rest                                     GET                            custom_webhook_RestInput.health
/webhooks/rest/webhook                             POST                           custom_webhook_RestInput.receive
/model/test/intents                                POST                           evaluate_intents
/model/test/stories                                POST                           evaluate_stories
/conversations/<conversation_id:path>/execute      POST                           execute_action
/domain                                            GET                            get_domain
/                                                  GET                            hello
/model                                             PUT                            load_model
/model/parse                                       POST                           parse
/conversations/<conversation_id:path>/predict      POST                           predict
/conversations/<conversation_id:path>/tracker/events PUT                            replace_events
/conversations/<conversation_id:path>/story        GET                            retrieve_story
/conversations/<conversation_id:path>/tracker      GET                            retrieve_tracker
/status                                            GET                            status
/model/predict                                     POST                           tracker_predict
/model/train                                       POST                           train
/conversations/<conversation_id:path>/trigger_intent POST                           trigger_intent
/model                                             DELETE                         unload_model
/version                                           GET                            version
2025-02-19 12:40:44,287 [INFO ]  Starting Rasa server on http://0.0.0.0:5005
2025-02-19 12:40:44,288 [DEBUG]  Using the default number of Sanic workers (1).
2025-02-19 12:40:44,517 [DEBUG]  Skipping telemetry reporting: no license hash found.
2025-02-19 12:40:44,598 [DEBUG]  Connected to InMemoryTrackerStore.
2025-02-19 12:40:44,598 [DEBUG]  Connected to lock store 'InMemoryLockStore'.
2025-02-19 12:40:44,599 [DEBUG]  Instantiated NLG to 'TemplatedNaturalLanguageGenerator'.
2025-02-19 12:40:44,600 [INFO ]  Loading model models\20250219-122503-concurrent-blowfish.tar.gz...
2025-02-19 12:40:44,758 [DEBUG]  Extracted model to 'C:\Users\DMITRY~1.SOK\AppData\Local\Temp\tmpiw27ttlq'.
2025-02-19 12:40:44,771 [DEBUG]  Node 'nlu_message_converter' loading 'NLUMessageConverter.load' and kwargs: '{}'.
2025-02-19 12:40:44,772 [DEBUG]  Node 'run_WhitespaceTokenizer0' loading 'WhitespaceTokenizer.load' and kwargs: '{}'.
2025-02-19 12:40:44,776 [DEBUG]  Node 'run_RegexFeaturizer1' loading 'RegexFeaturizer.load' and kwargs: '{}'.
2025-02-19 12:40:44,776 [DEBUG]  Resource 'train_RegexFeaturizer1' was requested for reading.
2025-02-19 12:40:44,777 [DEBUG]  Node 'run_LexicalSyntacticFeaturizer2' loading 'LexicalSyntacticFeaturizer.load' and kwargs: '{}'.
2025-02-19 12:40:44,778 [DEBUG]  Resource 'train_LexicalSyntacticFeaturizer2' was requested for reading.
2025-02-19 12:40:44,779 [DEBUG]  Node 'run_CountVectorsFeaturizer3' loading 'CountVectorsFeaturizer.load' and kwargs: '{}'.
2025-02-19 12:40:44,780 [DEBUG]  Resource 'train_CountVectorsFeaturizer3' was requested for reading.
2025-02-19 12:40:44,781 [DEBUG]  Node 'run_LanguageModelFeaturizer4' loading 'LanguageModelFeaturizer.load' and kwargs: '{}'.
2025-02-19 12:40:46,013 [DEBUG]  Loading Tokenizer and Model for bert
2025-02-19 12:40:46,018 [DEBUG]  Starting new HTTPS connection (1): huggingface.co:443
2025-02-19 12:40:46,381 [DEBUG]  https://huggingface.co:443 "HEAD /bert-base-cased/resolve/main/tokenizer_config.json HTTP/1.1" 200 0
2025-02-19 12:40:46,622 [DEBUG]  https://huggingface.co:443 "HEAD /bert-base-cased/resolve/main/config.json HTTP/1.1" 200 0
2025-02-19 12:40:48,999 [DEBUG]  Node 'run_DIETClassifier5' loading 'DIETClassifier.load' and kwargs: '{}'.
2025-02-19 12:40:49,000 [DEBUG]  Resource 'train_DIETClassifier5' was requested for reading.
2025-02-19 12:40:49,003 [DEBUG]  Loading the model from C:\Users\DMITRY~1.SOK\AppData\Local\Temp\tmprtx8ulzy\train_DIETClassifier5\DIETClassifier.tf_model with finetune_mode=False...
2025-02-19 12:40:49,024 [DEBUG]  You specified 'DIET' to train entities, but no entities are present in the training data. Skipping training of entities.
2025-02-19 12:40:49,061 [DEBUG]  Following metrics will be logged during training: 
2025-02-19 12:40:49,061 [DEBUG]    t_loss (total loss)
2025-02-19 12:40:49,062 [DEBUG]    i_acc (intent acc)
2025-02-19 12:40:49,062 [DEBUG]    i_loss (intent loss)
2025-02-19 12:40:58,777 [DEBUG]  Finished loading the model.
2025-02-19 12:40:58,778 [DEBUG]  Node 'run_EntitySynonymMapper6' loading 'EntitySynonymMapper.load' and kwargs: '{}'.
2025-02-19 12:40:58,779 [DEBUG]  Resource 'train_EntitySynonymMapper6' was requested for reading.
2025-02-19 12:40:58,780 [DEBUG]  Failed to load ABCMeta from model storage. Resource 'train_EntitySynonymMapper6' doesn't exist.
2025-02-19 12:40:58,781 [DEBUG]  Node 'run_ResponseSelector7' loading 'ResponseSelector.load' and kwargs: '{}'.
2025-02-19 12:40:58,781 [DEBUG]  Resource 'train_ResponseSelector7' was requested for reading.
2025-02-19 12:40:58,782 [DEBUG]  Failed to load ABCMeta from model storage. Resource 'train_ResponseSelector7' doesn't exist.
2025-02-19 12:40:58,783 [DEBUG]  Resource 'train_ResponseSelector7' was requested for reading.
2025-02-19 12:40:58,784 [DEBUG]  Failed to load ResponseSelector from model storage. Resource 'train_ResponseSelector7' doesn't exist.
2025-02-19 12:40:58,785 [DEBUG]  Node 'run_RegexMessageHandler' loading 'RegexMessageHandler.load' and kwargs: '{}'.
2025-02-19 12:40:58,786 [DEBUG]  Node 'domain_provider' loading 'DomainProvider.load' and kwargs: '{}'.
2025-02-19 12:40:58,786 [DEBUG]  Resource 'domain_provider' was requested for reading.
2025-02-19 12:40:58,836 [DEBUG]  Node 'run_MemoizationPolicy0' loading 'MemoizationPolicy.load' and kwargs: '{}'.
2025-02-19 12:40:58,838 [DEBUG]  Resource 'train_MemoizationPolicy0' was requested for reading.
2025-02-19 12:40:58,841 [DEBUG]  Node 'run_RulePolicy1' loading 'RulePolicy.load' and kwargs: '{}'.
2025-02-19 12:40:58,842 [DEBUG]  Resource 'train_RulePolicy1' was requested for reading.
2025-02-19 12:40:58,846 [DEBUG]  Node 'run_TEDPolicy2' loading 'TEDPolicy.load' and kwargs: '{}'.
2025-02-19 12:40:58,847 [DEBUG]  Resource 'train_TEDPolicy2' was requested for reading.
2025-02-19 12:40:58,874 [DEBUG]  Loading the model from C:\Users\DMITRY~1.SOK\AppData\Local\Temp\tmprtx8ulzy\train_TEDPolicy2\ted_policy.tf_model with finetune_mode=False...
2025-02-19 12:41:18,579 [DEBUG]  Finished loading the model.
2025-02-19 12:41:18,580 [DEBUG]  Node 'rule_only_data_provider' loading 'RuleOnlyDataProvider.load' and kwargs: '{}'.
2025-02-19 12:41:18,580 [DEBUG]  Resource 'train_RulePolicy1' was requested for reading.
2025-02-19 12:41:18,582 [DEBUG]  Node 'select_prediction' loading 'DefaultPolicyPredictionEnsemble.load' and kwargs: '{}'.
2025-02-19 12:41:18,597 [INFO ]  Rasa server is up and running.
2025-02-19 12:41:18,600 [INFO ]  Enabling coroutine debugging. Loop id 2203422779872.
2025-02-19 12:42:25,514 [DEBUG]  Issuing ticket for conversation 'PractikumStudent'.
2025-02-19 12:42:25,514 [DEBUG]  Acquiring lock for conversation 'PractikumStudent'.
2025-02-19 12:42:25,515 [DEBUG]  Acquired lock for conversation 'PractikumStudent'.
2025-02-19 12:42:25,515 [DEBUG]  Could not find tracker for conversation ID 'PractikumStudent'.
2025-02-19 12:42:25,516 [DEBUG]  No event broker configured. Skipping streaming events.
2025-02-19 12:42:25,516 [DEBUG]  Starting a new session for conversation ID 'PractikumStudent'.
2025-02-19 12:42:25,520 [DEBUG]  [[32m[1mdebug    [0m] [1mprocessor.actions.policy_prediction[0m [36mprediction_events[0m=[35m[][0m
2025-02-19 12:42:25,521 [DEBUG]  [[32m[1mdebug    [0m] [1mprocessor.actions.log         [0m [36maction_name[0m=[35maction_session_start[0m [36mrasa_events[0m=[35m[<rasa.shared.core.events.SessionStarted object at 0x000002012C6927A0>, ActionExecuted(action: action_listen, policy: None, confidence: None)][0m
2025-02-19 12:42:25,522 [DEBUG]  [[32m[1mdebug    [0m] [1mprocessor.slots.log           [0m [36mslot_values[0m=[35m	topic: None
	session_started_metadata: None[0m
2025-02-19 12:42:25,523 [DEBUG]  Running graph with inputs: {'__message__': [<rasa.core.channels.channel.UserMessage object at 0x000002012C6902E0>], '__tracker__': <rasa.shared.core.trackers.DialogueStateTracker object at 0x000002012C692740>}, targets: ['run_RegexMessageHandler'] and ExecutionContext(model_id='dd78ef21af3f43db90b4fbcf43e8b3a0', should_add_diagnostic_data=False, is_finetuning=False, node_name=None).
2025-02-19 12:42:25,525 [DEBUG]  Node 'nlu_message_converter' running 'NLUMessageConverter.convert_user_message'.
2025-02-19 12:42:25,526 [DEBUG]  Node 'run_WhitespaceTokenizer0' running 'WhitespaceTokenizer.process'.
2025-02-19 12:42:25,528 [DEBUG]  Node 'run_RegexFeaturizer1' running 'RegexFeaturizer.process'.
2025-02-19 12:42:25,528 [DEBUG]  Node 'run_LexicalSyntacticFeaturizer2' running 'LexicalSyntacticFeaturizer.process'.
2025-02-19 12:42:25,530 [DEBUG]  Node 'run_CountVectorsFeaturizer3' running 'CountVectorsFeaturizer.process'.
2025-02-19 12:42:25,531 [DEBUG]  Node 'run_LanguageModelFeaturizer4' running 'LanguageModelFeaturizer.process'.
2025-02-19 12:42:25,829 [DEBUG]  Node 'run_DIETClassifier5' running 'DIETClassifier.process'.
2025-02-19 12:42:26,031 [DEBUG]  Node 'run_EntitySynonymMapper6' running 'EntitySynonymMapper.process'.
2025-02-19 12:42:26,033 [DEBUG]  Node 'run_ResponseSelector7' running 'ResponseSelector.process'.
2025-02-19 12:42:26,033 [DEBUG]  There is no trained model for 'ResponseSelector': The component is either not trained or didn't receive enough training data.
2025-02-19 12:42:26,033 [DEBUG]  Adding following selector key to message property: default
2025-02-19 12:42:26,034 [DEBUG]  Node 'domain_provider' running 'DomainProvider.provide_inference'.
2025-02-19 12:42:26,035 [DEBUG]  Node 'run_RegexMessageHandler' running 'RegexMessageHandler.process'.
2025-02-19 12:42:26,036 [DEBUG]  [[32m[1mdebug    [0m] [1mprocessor.message.parse       [0m [36mparse_data_entities[0m=[35m[][0m [36mparse_data_intent[0m=[35m{'name': 'greet', 'confidence': 0.999932050704956}[0m [36mparse_data_text[0m=[35mПривет[0m
2025-02-19 12:42:26,037 [DEBUG]  Logged UserUtterance - tracker now has 4 events.
2025-02-19 12:42:26,040 [DEBUG]  Validating extracted slots: topic
2025-02-19 12:42:26,042 [DEBUG]  [[32m[1mdebug    [0m] [1mprocessor.extract.slots       [0m [36maction_extract_slot[0m=[35maction_extract_slots[0m [36mlen_extraction_events[0m=[35m1[0m [36mrasa_events[0m=[35m[SlotSet(key: topic, value: Привет)][0m
2025-02-19 12:42:26,043 [DEBUG]  Running graph with inputs: {'__tracker__': <rasa.shared.core.trackers.DialogueStateTracker object at 0x000002012C692740>}, targets: ['select_prediction'] and ExecutionContext(model_id='dd78ef21af3f43db90b4fbcf43e8b3a0', should_add_diagnostic_data=False, is_finetuning=False, node_name=None).
2025-02-19 12:42:26,047 [DEBUG]  Node 'rule_only_data_provider' running 'RuleOnlyDataProvider.provide'.
2025-02-19 12:42:26,047 [DEBUG]  Node 'domain_provider' running 'DomainProvider.provide_inference'.
2025-02-19 12:42:26,048 [DEBUG]  Node 'run_MemoizationPolicy0' running 'MemoizationPolicy.predict_action_probabilities'.
2025-02-19 12:42:26,050 [DEBUG]  [[32m[1mdebug    [0m] [1mmemoization.predict.actions   [0m [36mtracker_states[0m=[35m[{}, {'user': {'intent': 'greet'}, 'prev_action': {'action_name': 'action_listen'}}][0m
2025-02-19 12:42:26,051 [DEBUG]  There is a memorised next action 'utter_greet'
2025-02-19 12:42:26,052 [DEBUG]  Node 'run_RulePolicy1' running 'RulePolicy.predict_action_probabilities'.
2025-02-19 12:42:26,053 [DEBUG]  [[32m[1mdebug    [0m] [1mrule_policy.actions.find      [0m [36mcurrent_states[0m=[35m
[state 1] user text: Привет | previous action name: action_listen[0m
2025-02-19 12:42:26,054 [DEBUG]  There is no applicable rule.
2025-02-19 12:42:26,055 [DEBUG]  [[32m[1mdebug    [0m] [1mrule_policy.actions.find      [0m [36mcurrent_states[0m=[35m
[state 1] user intent: greet | previous action name: action_listen[0m
2025-02-19 12:42:26,056 [DEBUG]  There is a rule for the next action 'utter_greet'.
2025-02-19 12:42:26,056 [DEBUG]  Node 'run_TEDPolicy2' running 'TEDPolicy.predict_action_probabilities'.
2025-02-19 12:42:26,062 [DEBUG]  TED predicted 'utter_greet' based on user intent.
2025-02-19 12:42:26,063 [DEBUG]  Node 'select_prediction' running 'DefaultPolicyPredictionEnsemble.combine_predictions_from_kwargs'.
2025-02-19 12:42:26,063 [DEBUG]  Made prediction using user intent.
2025-02-19 12:42:26,064 [DEBUG]  Added `DefinePrevUserUtteredFeaturization(False)` event.
2025-02-19 12:42:26,064 [DEBUG]  Predicted next action using RulePolicy.
2025-02-19 12:42:26,065 [DEBUG]  Predicted next action 'utter_greet' with confidence 1.00.
2025-02-19 12:42:26,066 [DEBUG]  [[32m[1mdebug    [0m] [1mprocessor.actions.policy_prediction[0m [36mprediction_events[0m=[35m[<rasa.shared.core.events.DefinePrevUserUtteredFeaturization object at 0x0000020133F83F40>][0m
2025-02-19 12:42:26,067 [DEBUG]  [[32m[1mdebug    [0m] [1mprocessor.actions.log         [0m [36maction_name[0m=[35mutter_greet[0m [36mrasa_events[0m=[35m[BotUttered('Привет! Чем могу помочь в области архитектуры программного обеспечения?', {"elements": null, "quick_replies": null, "buttons": null, "attachment": null, "image": null, "custom": null}, {"utter_action": "utter_greet"}, 1739958146.0669782)][0m
2025-02-19 12:42:26,068 [DEBUG]  Running graph with inputs: {'__tracker__': <rasa.shared.core.trackers.DialogueStateTracker object at 0x000002012C692740>}, targets: ['select_prediction'] and ExecutionContext(model_id='dd78ef21af3f43db90b4fbcf43e8b3a0', should_add_diagnostic_data=False, is_finetuning=False, node_name=None).
2025-02-19 12:42:26,069 [DEBUG]  Node 'rule_only_data_provider' running 'RuleOnlyDataProvider.provide'.
2025-02-19 12:42:26,070 [DEBUG]  Node 'domain_provider' running 'DomainProvider.provide_inference'.
2025-02-19 12:42:26,070 [DEBUG]  Node 'run_MemoizationPolicy0' running 'MemoizationPolicy.predict_action_probabilities'.
2025-02-19 12:42:26,071 [DEBUG]  [[32m[1mdebug    [0m] [1mmemoization.predict.actions   [0m [36mtracker_states[0m=[35m[{'user': {'intent': 'greet'}, 'prev_action': {'action_name': 'action_listen'}}, {'user': {'intent': 'greet'}, 'prev_action': {'action_name': 'utter_greet'}}][0m
2025-02-19 12:42:26,072 [DEBUG]  There is a memorised next action 'action_listen'
2025-02-19 12:42:26,072 [DEBUG]  Node 'run_RulePolicy1' running 'RulePolicy.predict_action_probabilities'.
2025-02-19 12:42:26,073 [DEBUG]  [[32m[1mdebug    [0m] [1mrule_policy.actions.find      [0m [36mcurrent_states[0m=[35m
[state 1] user intent: greet | previous action name: action_listen
[state 2] user intent: greet | previous action name: utter_greet[0m
2025-02-19 12:42:26,075 [DEBUG]  There is a rule for the next action 'action_listen'.
2025-02-19 12:42:26,076 [DEBUG]  Node 'run_TEDPolicy2' running 'TEDPolicy.predict_action_probabilities'.
2025-02-19 12:42:26,082 [DEBUG]  TED predicted 'action_listen' based on user intent.
2025-02-19 12:42:26,082 [DEBUG]  Node 'select_prediction' running 'DefaultPolicyPredictionEnsemble.combine_predictions_from_kwargs'.
2025-02-19 12:42:26,084 [DEBUG]  Predicted next action using RulePolicy.
2025-02-19 12:42:26,084 [DEBUG]  Predicted next action 'action_listen' with confidence 1.00.
2025-02-19 12:42:26,084 [DEBUG]  [[32m[1mdebug    [0m] [1mprocessor.actions.policy_prediction[0m [36mprediction_events[0m=[35m[][0m
2025-02-19 12:42:26,085 [DEBUG]  [[32m[1mdebug    [0m] [1mprocessor.actions.log         [0m [36maction_name[0m=[35maction_listen[0m [36mrasa_events[0m=[35m[][0m
2025-02-19 12:42:26,086 [DEBUG]  No event broker configured. Skipping streaming events.
2025-02-19 12:42:26,086 [DEBUG]  Deleted lock for conversation 'PractikumStudent'.
2025-02-19 12:42:42,169 [DEBUG]  Issuing ticket for conversation 'PractikumStudent'.
2025-02-19 12:42:42,170 [DEBUG]  Acquiring lock for conversation 'PractikumStudent'.
2025-02-19 12:42:42,170 [DEBUG]  Acquired lock for conversation 'PractikumStudent'.
2025-02-19 12:42:42,171 [DEBUG]  Recreating tracker for id 'PractikumStudent'
2025-02-19 12:42:42,174 [DEBUG]  Running graph with inputs: {'__message__': [<rasa.core.channels.channel.UserMessage object at 0x000002012C690F10>], '__tracker__': <rasa.shared.core.trackers.DialogueStateTracker object at 0x000002012C692EF0>}, targets: ['run_RegexMessageHandler'] and ExecutionContext(model_id='dd78ef21af3f43db90b4fbcf43e8b3a0', should_add_diagnostic_data=False, is_finetuning=False, node_name=None).
2025-02-19 12:42:42,176 [DEBUG]  Node 'nlu_message_converter' running 'NLUMessageConverter.convert_user_message'.
2025-02-19 12:42:42,177 [DEBUG]  Node 'run_WhitespaceTokenizer0' running 'WhitespaceTokenizer.process'.
2025-02-19 12:42:42,179 [DEBUG]  Node 'run_RegexFeaturizer1' running 'RegexFeaturizer.process'.
2025-02-19 12:42:42,180 [DEBUG]  Node 'run_LexicalSyntacticFeaturizer2' running 'LexicalSyntacticFeaturizer.process'.
2025-02-19 12:42:42,181 [DEBUG]  Node 'run_CountVectorsFeaturizer3' running 'CountVectorsFeaturizer.process'.
2025-02-19 12:42:42,183 [DEBUG]  Node 'run_LanguageModelFeaturizer4' running 'LanguageModelFeaturizer.process'.
2025-02-19 12:42:42,471 [DEBUG]  Node 'run_DIETClassifier5' running 'DIETClassifier.process'.
2025-02-19 12:42:42,477 [DEBUG]  Node 'run_EntitySynonymMapper6' running 'EntitySynonymMapper.process'.
2025-02-19 12:42:42,478 [DEBUG]  Node 'run_ResponseSelector7' running 'ResponseSelector.process'.
2025-02-19 12:42:42,478 [DEBUG]  There is no trained model for 'ResponseSelector': The component is either not trained or didn't receive enough training data.
2025-02-19 12:42:42,479 [DEBUG]  Adding following selector key to message property: default
2025-02-19 12:42:42,480 [DEBUG]  Node 'domain_provider' running 'DomainProvider.provide_inference'.
2025-02-19 12:42:42,480 [DEBUG]  Node 'run_RegexMessageHandler' running 'RegexMessageHandler.process'.
2025-02-19 12:42:42,481 [DEBUG]  [[32m[1mdebug    [0m] [1mprocessor.message.parse       [0m [36mparse_data_entities[0m=[35m[][0m [36mparse_data_intent[0m=[35m{'name': 'ask_architecture', 'confidence': 0.9683222770690918}[0m [36mparse_data_text[0m=[35mРасскажите об архитектуре ПО[0m
2025-02-19 12:42:42,482 [DEBUG]  Logged UserUtterance - tracker now has 10 events.
2025-02-19 12:42:42,483 [DEBUG]  Validating extracted slots: topic
2025-02-19 12:42:42,483 [DEBUG]  [[32m[1mdebug    [0m] [1mprocessor.extract.slots       [0m [36maction_extract_slot[0m=[35maction_extract_slots[0m [36mlen_extraction_events[0m=[35m1[0m [36mrasa_events[0m=[35m[SlotSet(key: topic, value: Расскажите об архитектуре ПО)][0m
2025-02-19 12:42:42,485 [DEBUG]  Running graph with inputs: {'__tracker__': <rasa.shared.core.trackers.DialogueStateTracker object at 0x000002012C692EF0>}, targets: ['select_prediction'] and ExecutionContext(model_id='dd78ef21af3f43db90b4fbcf43e8b3a0', should_add_diagnostic_data=False, is_finetuning=False, node_name=None).
2025-02-19 12:42:42,486 [DEBUG]  Node 'rule_only_data_provider' running 'RuleOnlyDataProvider.provide'.
2025-02-19 12:42:42,487 [DEBUG]  Node 'domain_provider' running 'DomainProvider.provide_inference'.
2025-02-19 12:42:42,488 [DEBUG]  Node 'run_MemoizationPolicy0' running 'MemoizationPolicy.predict_action_probabilities'.
2025-02-19 12:42:42,489 [DEBUG]  [[32m[1mdebug    [0m] [1mmemoization.predict.actions   [0m [36mtracker_states[0m=[35m[{'user': {'intent': 'greet'}, 'prev_action': {'action_name': 'utter_greet'}}, {'user': {'intent': 'ask_architecture'}, 'prev_action': {'action_name': 'action_listen'}}][0m
2025-02-19 12:42:42,490 [DEBUG]  There is a memorised next action 'utter_architecture_response'
2025-02-19 12:42:42,490 [DEBUG]  Node 'run_RulePolicy1' running 'RulePolicy.predict_action_probabilities'.
2025-02-19 12:42:42,491 [DEBUG]  [[32m[1mdebug    [0m] [1mrule_policy.actions.find      [0m [36mcurrent_states[0m=[35m
[state 1] user intent: greet | previous action name: action_listen
[state 2] user intent: greet | previous action name: utter_greet
[state 3] user text: Расскажите об архитектуре ПО | previous action name: action_listen[0m
2025-02-19 12:42:42,493 [DEBUG]  There is no applicable rule.
2025-02-19 12:42:42,494 [DEBUG]  [[32m[1mdebug    [0m] [1mrule_policy.actions.find      [0m [36mcurrent_states[0m=[35m
[state 1] user intent: greet | previous action name: action_listen
[state 2] user intent: greet | previous action name: utter_greet
[state 3] user intent: ask_architecture | previous action name: action_listen[0m
2025-02-19 12:42:42,497 [DEBUG]  There is a rule for the next action 'utter_architecture_response'.
2025-02-19 12:42:42,498 [DEBUG]  Node 'run_TEDPolicy2' running 'TEDPolicy.predict_action_probabilities'.
2025-02-19 12:42:42,504 [DEBUG]  TED predicted 'utter_architecture_response' based on user intent.
2025-02-19 12:42:42,504 [DEBUG]  Node 'select_prediction' running 'DefaultPolicyPredictionEnsemble.combine_predictions_from_kwargs'.
2025-02-19 12:42:42,505 [DEBUG]  Made prediction using user intent.
2025-02-19 12:42:42,505 [DEBUG]  Added `DefinePrevUserUtteredFeaturization(False)` event.
2025-02-19 12:42:42,506 [DEBUG]  Predicted next action using RulePolicy.
2025-02-19 12:42:42,507 [DEBUG]  Predicted next action 'utter_architecture_response' with confidence 1.00.
2025-02-19 12:42:42,508 [DEBUG]  [[32m[1mdebug    [0m] [1mprocessor.actions.policy_prediction[0m [36mprediction_events[0m=[35m[<rasa.shared.core.events.DefinePrevUserUtteredFeaturization object at 0x0000020133F80820>][0m
2025-02-19 12:42:42,509 [DEBUG]  [[32m[1mdebug    [0m] [1mprocessor.actions.log         [0m [36maction_name[0m=[35mutter_architecture_response[0m [36mrasa_events[0m=[35m[BotUttered('Архитектура ПО включает выбор структур, которые обеспечивают масштабируемость, гибкость и поддерживаемость приложения. Задайте конкретный вопрос по этой теме, и я помогу вам с информацией.', {"elements": null, "quick_replies": null, "buttons": null, "attachment": null, "image": null, "custom": null}, {"utter_action": "utter_architecture_response"}, 1739958162.5086732)][0m
2025-02-19 12:42:42,511 [DEBUG]  Running graph with inputs: {'__tracker__': <rasa.shared.core.trackers.DialogueStateTracker object at 0x000002012C692EF0>}, targets: ['select_prediction'] and ExecutionContext(model_id='dd78ef21af3f43db90b4fbcf43e8b3a0', should_add_diagnostic_data=False, is_finetuning=False, node_name=None).
2025-02-19 12:42:42,512 [DEBUG]  Node 'rule_only_data_provider' running 'RuleOnlyDataProvider.provide'.
2025-02-19 12:42:42,513 [DEBUG]  Node 'domain_provider' running 'DomainProvider.provide_inference'.
2025-02-19 12:42:42,514 [DEBUG]  Node 'run_MemoizationPolicy0' running 'MemoizationPolicy.predict_action_probabilities'.
2025-02-19 12:42:42,516 [DEBUG]  [[32m[1mdebug    [0m] [1mmemoization.predict.actions   [0m [36mtracker_states[0m=[35m[{'user': {'intent': 'ask_architecture'}, 'prev_action': {'action_name': 'action_listen'}}, {'user': {'intent': 'ask_architecture'}, 'prev_action': {'action_name': 'utter_architecture_response'}}][0m
2025-02-19 12:42:42,517 [DEBUG]  There is a memorised next action 'action_listen'
2025-02-19 12:42:42,518 [DEBUG]  Node 'run_RulePolicy1' running 'RulePolicy.predict_action_probabilities'.
2025-02-19 12:42:42,518 [DEBUG]  [[32m[1mdebug    [0m] [1mrule_policy.actions.find      [0m [36mcurrent_states[0m=[35m
[state 1] user intent: greet | previous action name: action_listen
[state 2] user intent: greet | previous action name: utter_greet
[state 3] user intent: ask_architecture | previous action name: action_listen
[state 4] user intent: ask_architecture | previous action name: utter_architecture_response[0m
2025-02-19 12:42:42,519 [DEBUG]  There is a rule for the next action 'action_listen'.
2025-02-19 12:42:42,520 [DEBUG]  Node 'run_TEDPolicy2' running 'TEDPolicy.predict_action_probabilities'.
2025-02-19 12:42:42,526 [DEBUG]  TED predicted 'action_listen' based on user intent.
2025-02-19 12:42:42,527 [DEBUG]  Node 'select_prediction' running 'DefaultPolicyPredictionEnsemble.combine_predictions_from_kwargs'.
2025-02-19 12:42:42,527 [DEBUG]  Predicted next action using RulePolicy.
2025-02-19 12:42:42,528 [DEBUG]  Predicted next action 'action_listen' with confidence 1.00.
2025-02-19 12:42:42,529 [DEBUG]  [[32m[1mdebug    [0m] [1mprocessor.actions.policy_prediction[0m [36mprediction_events[0m=[35m[][0m
2025-02-19 12:42:42,530 [DEBUG]  [[32m[1mdebug    [0m] [1mprocessor.actions.log         [0m [36maction_name[0m=[35maction_listen[0m [36mrasa_events[0m=[35m[][0m
2025-02-19 12:42:42,531 [DEBUG]  No event broker configured. Skipping streaming events.
2025-02-19 12:42:42,532 [DEBUG]  Deleted lock for conversation 'PractikumStudent'.
2025-02-19 12:42:52,683 [DEBUG]  Issuing ticket for conversation 'PractikumStudent'.
2025-02-19 12:42:52,684 [DEBUG]  Acquiring lock for conversation 'PractikumStudent'.
2025-02-19 12:42:52,685 [DEBUG]  Acquired lock for conversation 'PractikumStudent'.
2025-02-19 12:42:52,686 [DEBUG]  Recreating tracker for id 'PractikumStudent'
2025-02-19 12:42:52,688 [DEBUG]  Running graph with inputs: {'__message__': [<rasa.core.channels.channel.UserMessage object at 0x000002012C6915D0>], '__tracker__': <rasa.shared.core.trackers.DialogueStateTracker object at 0x000002012C6902E0>}, targets: ['run_RegexMessageHandler'] and ExecutionContext(model_id='dd78ef21af3f43db90b4fbcf43e8b3a0', should_add_diagnostic_data=False, is_finetuning=False, node_name=None).
2025-02-19 12:42:52,689 [DEBUG]  Node 'nlu_message_converter' running 'NLUMessageConverter.convert_user_message'.
2025-02-19 12:42:52,690 [DEBUG]  Node 'run_WhitespaceTokenizer0' running 'WhitespaceTokenizer.process'.
2025-02-19 12:42:52,691 [DEBUG]  Node 'run_RegexFeaturizer1' running 'RegexFeaturizer.process'.
2025-02-19 12:42:52,691 [DEBUG]  Node 'run_LexicalSyntacticFeaturizer2' running 'LexicalSyntacticFeaturizer.process'.
2025-02-19 12:42:52,692 [DEBUG]  Node 'run_CountVectorsFeaturizer3' running 'CountVectorsFeaturizer.process'.
2025-02-19 12:42:52,694 [DEBUG]  Node 'run_LanguageModelFeaturizer4' running 'LanguageModelFeaturizer.process'.
2025-02-19 12:42:53,010 [DEBUG]  Node 'run_DIETClassifier5' running 'DIETClassifier.process'.
2025-02-19 12:42:53,017 [DEBUG]  Node 'run_EntitySynonymMapper6' running 'EntitySynonymMapper.process'.
2025-02-19 12:42:53,018 [DEBUG]  Node 'run_ResponseSelector7' running 'ResponseSelector.process'.
2025-02-19 12:42:53,018 [DEBUG]  There is no trained model for 'ResponseSelector': The component is either not trained or didn't receive enough training data.
2025-02-19 12:42:53,019 [DEBUG]  Adding following selector key to message property: default
2025-02-19 12:42:53,020 [DEBUG]  Node 'domain_provider' running 'DomainProvider.provide_inference'.
2025-02-19 12:42:53,021 [DEBUG]  Node 'run_RegexMessageHandler' running 'RegexMessageHandler.process'.
2025-02-19 12:42:53,021 [DEBUG]  [[32m[1mdebug    [0m] [1mprocessor.message.parse       [0m [36mparse_data_entities[0m=[35m[][0m [36mparse_data_intent[0m=[35m{'name': 'ask_approaches', 'confidence': 0.9848789572715759}[0m [36mparse_data_text[0m=[35mКакие подходы существуют в архитектуре?[0m
2025-02-19 12:42:53,023 [DEBUG]  Logged UserUtterance - tracker now has 16 events.
2025-02-19 12:42:53,024 [DEBUG]  Validating extracted slots: topic
2025-02-19 12:42:53,025 [DEBUG]  [[32m[1mdebug    [0m] [1mprocessor.extract.slots       [0m [36maction_extract_slot[0m=[35maction_extract_slots[0m [36mlen_extraction_events[0m=[35m1[0m [36mrasa_events[0m=[35m[SlotSet(key: topic, value: Какие подходы существуют в архитектуре?)][0m
2025-02-19 12:42:53,026 [DEBUG]  Running graph with inputs: {'__tracker__': <rasa.shared.core.trackers.DialogueStateTracker object at 0x000002012C6902E0>}, targets: ['select_prediction'] and ExecutionContext(model_id='dd78ef21af3f43db90b4fbcf43e8b3a0', should_add_diagnostic_data=False, is_finetuning=False, node_name=None).
2025-02-19 12:42:53,028 [DEBUG]  Node 'rule_only_data_provider' running 'RuleOnlyDataProvider.provide'.
2025-02-19 12:42:53,029 [DEBUG]  Node 'domain_provider' running 'DomainProvider.provide_inference'.
2025-02-19 12:42:53,030 [DEBUG]  Node 'run_MemoizationPolicy0' running 'MemoizationPolicy.predict_action_probabilities'.
2025-02-19 12:42:53,032 [DEBUG]  [[32m[1mdebug    [0m] [1mmemoization.predict.actions   [0m [36mtracker_states[0m=[35m[{'user': {'intent': 'ask_architecture'}, 'prev_action': {'action_name': 'utter_architecture_response'}}, {'user': {'intent': 'ask_approaches'}, 'prev_action': {'action_name': 'action_listen'}}][0m
2025-02-19 12:42:53,033 [DEBUG]  There is no memorised next action
2025-02-19 12:42:53,034 [DEBUG]  Node 'run_RulePolicy1' running 'RulePolicy.predict_action_probabilities'.
2025-02-19 12:42:53,035 [DEBUG]  [[32m[1mdebug    [0m] [1mrule_policy.actions.find      [0m [36mcurrent_states[0m=[35m
[state 1] user intent: greet | previous action name: action_listen
[state 2] user intent: greet | previous action name: utter_greet
[state 3] user intent: ask_architecture | previous action name: action_listen
[state 4] user intent: ask_architecture | previous action name: utter_architecture_response
[state 5] user text: Какие подходы существуют в архитектуре? | previous action name: action_listen[0m
2025-02-19 12:42:53,037 [DEBUG]  There is no applicable rule.
2025-02-19 12:42:53,039 [DEBUG]  [[32m[1mdebug    [0m] [1mrule_policy.actions.find      [0m [36mcurrent_states[0m=[35m
[state 1] user intent: greet | previous action name: action_listen
[state 2] user intent: greet | previous action name: utter_greet
[state 3] user intent: ask_architecture | previous action name: action_listen
[state 4] user intent: ask_architecture | previous action name: utter_architecture_response
[state 5] user intent: ask_approaches | previous action name: action_listen[0m
2025-02-19 12:42:53,041 [DEBUG]  There is a rule for the next action 'utter_approaches_response'.
2025-02-19 12:42:53,042 [DEBUG]  Node 'run_TEDPolicy2' running 'TEDPolicy.predict_action_probabilities'.
2025-02-19 12:42:53,050 [DEBUG]  TED predicted 'utter_microservices_response' based on user intent.
2025-02-19 12:42:53,050 [DEBUG]  Node 'select_prediction' running 'DefaultPolicyPredictionEnsemble.combine_predictions_from_kwargs'.
2025-02-19 12:42:53,051 [DEBUG]  Made prediction using user intent.
2025-02-19 12:42:53,053 [DEBUG]  Added `DefinePrevUserUtteredFeaturization(False)` event.
2025-02-19 12:42:53,055 [DEBUG]  Predicted next action using RulePolicy.
2025-02-19 12:42:53,056 [DEBUG]  Predicted next action 'utter_approaches_response' with confidence 1.00.
2025-02-19 12:42:53,058 [DEBUG]  [[32m[1mdebug    [0m] [1mprocessor.actions.policy_prediction[0m [36mprediction_events[0m=[35m[<rasa.shared.core.events.DefinePrevUserUtteredFeaturization object at 0x000002010AA644F0>][0m
2025-02-19 12:42:53,059 [DEBUG]  [[32m[1mdebug    [0m] [1mprocessor.actions.log         [0m [36maction_name[0m=[35mutter_approaches_response[0m [36mrasa_events[0m=[35m[BotUttered('В архитектуре программного обеспечения существует несколько подходов, каждый из которых имеет свои особенности и преимущества. Вот некоторые из наиболее распространённых подходов: монолитная архитектура, микросервисная архитектура, сервис-ориентированная архитектура (SOA)', {"elements": null, "quick_replies": null, "buttons": null, "attachment": null, "image": null, "custom": null}, {"utter_action": "utter_approaches_response"}, 1739958173.0583537)][0m
2025-02-19 12:42:53,061 [DEBUG]  Running graph with inputs: {'__tracker__': <rasa.shared.core.trackers.DialogueStateTracker object at 0x000002012C6902E0>}, targets: ['select_prediction'] and ExecutionContext(model_id='dd78ef21af3f43db90b4fbcf43e8b3a0', should_add_diagnostic_data=False, is_finetuning=False, node_name=None).
2025-02-19 12:42:53,063 [DEBUG]  Node 'rule_only_data_provider' running 'RuleOnlyDataProvider.provide'.
2025-02-19 12:42:53,064 [DEBUG]  Node 'domain_provider' running 'DomainProvider.provide_inference'.
2025-02-19 12:42:53,064 [DEBUG]  Node 'run_MemoizationPolicy0' running 'MemoizationPolicy.predict_action_probabilities'.
2025-02-19 12:42:53,066 [DEBUG]  [[32m[1mdebug    [0m] [1mmemoization.predict.actions   [0m [36mtracker_states[0m=[35m[{'user': {'intent': 'ask_architecture'}, 'prev_action': {'action_name': 'utter_architecture_response'}}, {'user': {'intent': 'ask_architecture'}, 'prev_action': {'action_name': 'action_listen'}}][0m
2025-02-19 12:42:53,067 [DEBUG]  There is no memorised next action
2025-02-19 12:42:53,067 [DEBUG]  Node 'run_RulePolicy1' running 'RulePolicy.predict_action_probabilities'.
2025-02-19 12:42:53,068 [DEBUG]  [[32m[1mdebug    [0m] [1mrule_policy.actions.find      [0m [36mcurrent_states[0m=[35m
[state 1] user intent: greet | previous action name: action_listen
[state 2] user intent: greet | previous action name: utter_greet
[state 3] user intent: ask_architecture | previous action name: action_listen
[state 4] user intent: ask_architecture | previous action name: utter_architecture_response
[state 5] user intent: ask_approaches | previous action name: action_listen
[state 6] user intent: ask_approaches | previous action name: utter_approaches_response[0m
2025-02-19 12:42:53,070 [DEBUG]  There is a rule for the next action 'action_listen'.
2025-02-19 12:42:53,071 [DEBUG]  Node 'run_TEDPolicy2' running 'TEDPolicy.predict_action_probabilities'.
2025-02-19 12:42:53,078 [DEBUG]  TED predicted 'utter_architecture_response' based on user intent.
2025-02-19 12:42:53,079 [DEBUG]  Node 'select_prediction' running 'DefaultPolicyPredictionEnsemble.combine_predictions_from_kwargs'.
2025-02-19 12:42:53,079 [DEBUG]  Predicted next action using RulePolicy.
2025-02-19 12:42:53,080 [DEBUG]  Predicted next action 'action_listen' with confidence 1.00.
2025-02-19 12:42:53,081 [DEBUG]  [[32m[1mdebug    [0m] [1mprocessor.actions.policy_prediction[0m [36mprediction_events[0m=[35m[][0m
2025-02-19 12:42:53,081 [DEBUG]  [[32m[1mdebug    [0m] [1mprocessor.actions.log         [0m [36maction_name[0m=[35maction_listen[0m [36mrasa_events[0m=[35m[][0m
2025-02-19 12:42:53,082 [DEBUG]  No event broker configured. Skipping streaming events.
2025-02-19 12:42:53,084 [DEBUG]  Deleted lock for conversation 'PractikumStudent'.
2025-02-19 12:43:00,436 [DEBUG]  Issuing ticket for conversation 'PractikumStudent'.
2025-02-19 12:43:00,436 [DEBUG]  Acquiring lock for conversation 'PractikumStudent'.
2025-02-19 12:43:00,437 [DEBUG]  Acquired lock for conversation 'PractikumStudent'.
2025-02-19 12:43:00,437 [DEBUG]  Recreating tracker for id 'PractikumStudent'
2025-02-19 12:43:00,439 [DEBUG]  Running graph with inputs: {'__message__': [<rasa.core.channels.channel.UserMessage object at 0x000002012C693DC0>], '__tracker__': <rasa.shared.core.trackers.DialogueStateTracker object at 0x000002012C691990>}, targets: ['run_RegexMessageHandler'] and ExecutionContext(model_id='dd78ef21af3f43db90b4fbcf43e8b3a0', should_add_diagnostic_data=False, is_finetuning=False, node_name=None).
2025-02-19 12:43:00,441 [DEBUG]  Node 'nlu_message_converter' running 'NLUMessageConverter.convert_user_message'.
2025-02-19 12:43:00,441 [DEBUG]  Node 'run_WhitespaceTokenizer0' running 'WhitespaceTokenizer.process'.
2025-02-19 12:43:00,442 [DEBUG]  Node 'run_RegexFeaturizer1' running 'RegexFeaturizer.process'.
2025-02-19 12:43:00,443 [DEBUG]  Node 'run_LexicalSyntacticFeaturizer2' running 'LexicalSyntacticFeaturizer.process'.
2025-02-19 12:43:00,444 [DEBUG]  Node 'run_CountVectorsFeaturizer3' running 'CountVectorsFeaturizer.process'.
2025-02-19 12:43:00,446 [DEBUG]  Node 'run_LanguageModelFeaturizer4' running 'LanguageModelFeaturizer.process'.
2025-02-19 12:43:00,748 [DEBUG]  Node 'run_DIETClassifier5' running 'DIETClassifier.process'.
2025-02-19 12:43:00,754 [DEBUG]  Node 'run_EntitySynonymMapper6' running 'EntitySynonymMapper.process'.
2025-02-19 12:43:00,755 [DEBUG]  Node 'run_ResponseSelector7' running 'ResponseSelector.process'.
2025-02-19 12:43:00,756 [DEBUG]  There is no trained model for 'ResponseSelector': The component is either not trained or didn't receive enough training data.
2025-02-19 12:43:00,756 [DEBUG]  Adding following selector key to message property: default
2025-02-19 12:43:00,757 [DEBUG]  Node 'domain_provider' running 'DomainProvider.provide_inference'.
2025-02-19 12:43:00,758 [DEBUG]  Node 'run_RegexMessageHandler' running 'RegexMessageHandler.process'.
2025-02-19 12:43:00,759 [DEBUG]  [[32m[1mdebug    [0m] [1mprocessor.message.parse       [0m [36mparse_data_entities[0m=[35m[][0m [36mparse_data_intent[0m=[35m{'name': 'ask_microservices', 'confidence': 0.9980106949806213}[0m [36mparse_data_text[0m=[35mЧто такое микросервисная архитектура?[0m
2025-02-19 12:43:00,761 [DEBUG]  Logged UserUtterance - tracker now has 22 events.
2025-02-19 12:43:00,761 [DEBUG]  Validating extracted slots: topic
2025-02-19 12:43:00,762 [DEBUG]  [[32m[1mdebug    [0m] [1mprocessor.extract.slots       [0m [36maction_extract_slot[0m=[35maction_extract_slots[0m [36mlen_extraction_events[0m=[35m1[0m [36mrasa_events[0m=[35m[SlotSet(key: topic, value: Что такое микросервисная архитектура?)][0m
2025-02-19 12:43:00,763 [DEBUG]  Running graph with inputs: {'__tracker__': <rasa.shared.core.trackers.DialogueStateTracker object at 0x000002012C691990>}, targets: ['select_prediction'] and ExecutionContext(model_id='dd78ef21af3f43db90b4fbcf43e8b3a0', should_add_diagnostic_data=False, is_finetuning=False, node_name=None).
2025-02-19 12:43:00,764 [DEBUG]  Node 'rule_only_data_provider' running 'RuleOnlyDataProvider.provide'.
2025-02-19 12:43:00,765 [DEBUG]  Node 'domain_provider' running 'DomainProvider.provide_inference'.
2025-02-19 12:43:00,765 [DEBUG]  Node 'run_MemoizationPolicy0' running 'MemoizationPolicy.predict_action_probabilities'.
2025-02-19 12:43:00,766 [DEBUG]  [[32m[1mdebug    [0m] [1mmemoization.predict.actions   [0m [36mtracker_states[0m=[35m[{'user': {'intent': 'ask_architecture'}, 'prev_action': {'action_name': 'utter_architecture_response'}}, {'user': {'intent': 'ask_microservices'}, 'prev_action': {'action_name': 'action_listen'}}][0m
2025-02-19 12:43:00,767 [DEBUG]  There is a memorised next action 'utter_microservices_response'
2025-02-19 12:43:00,768 [DEBUG]  Node 'run_RulePolicy1' running 'RulePolicy.predict_action_probabilities'.
2025-02-19 12:43:00,768 [DEBUG]  [[32m[1mdebug    [0m] [1mrule_policy.actions.find      [0m [36mcurrent_states[0m=[35m
[state 1] user intent: greet | previous action name: action_listen
[state 2] user intent: greet | previous action name: utter_greet
[state 3] user intent: ask_architecture | previous action name: action_listen
[state 4] user intent: ask_architecture | previous action name: utter_architecture_response
[state 5] user intent: ask_approaches | previous action name: action_listen
[state 6] user intent: ask_approaches | previous action name: utter_approaches_response
[state 7] user text: Что такое микросервисная архитектура? | previous action name: action_listen[0m
2025-02-19 12:43:00,770 [DEBUG]  There is no applicable rule.
2025-02-19 12:43:00,771 [DEBUG]  [[32m[1mdebug    [0m] [1mrule_policy.actions.find      [0m [36mcurrent_states[0m=[35m
[state 1] user intent: greet | previous action name: action_listen
[state 2] user intent: greet | previous action name: utter_greet
[state 3] user intent: ask_architecture | previous action name: action_listen
[state 4] user intent: ask_architecture | previous action name: utter_architecture_response
[state 5] user intent: ask_approaches | previous action name: action_listen
[state 6] user intent: ask_approaches | previous action name: utter_approaches_response
[state 7] user intent: ask_microservices | previous action name: action_listen[0m
2025-02-19 12:43:00,773 [DEBUG]  There is a rule for the next action 'utter_microservices_response'.
2025-02-19 12:43:00,773 [DEBUG]  Node 'run_TEDPolicy2' running 'TEDPolicy.predict_action_probabilities'.
2025-02-19 12:43:00,778 [DEBUG]  TED predicted 'utter_microservices_response' based on user intent.
2025-02-19 12:43:00,779 [DEBUG]  Node 'select_prediction' running 'DefaultPolicyPredictionEnsemble.combine_predictions_from_kwargs'.
2025-02-19 12:43:00,780 [DEBUG]  Made prediction using user intent.
2025-02-19 12:43:00,780 [DEBUG]  Added `DefinePrevUserUtteredFeaturization(False)` event.
2025-02-19 12:43:00,781 [DEBUG]  Predicted next action using RulePolicy.
2025-02-19 12:43:00,782 [DEBUG]  Predicted next action 'utter_microservices_response' with confidence 1.00.
2025-02-19 12:43:00,783 [DEBUG]  [[32m[1mdebug    [0m] [1mprocessor.actions.policy_prediction[0m [36mprediction_events[0m=[35m[<rasa.shared.core.events.DefinePrevUserUtteredFeaturization object at 0x0000020133F80940>][0m
2025-02-19 12:43:00,783 [DEBUG]  [[32m[1mdebug    [0m] [1mprocessor.actions.log         [0m [36maction_name[0m=[35mutter_microservices_response[0m [36mrasa_events[0m=[35m[BotUttered('Микросервисная архитектура — это подход к разработке программного обеспечения, при котором приложение разбивается на небольшие независимые сервисы, которые могут работать вместе.', {"elements": null, "quick_replies": null, "buttons": null, "attachment": null, "image": null, "custom": null}, {"utter_action": "utter_microservices_response"}, 1739958180.7827249)][0m
2025-02-19 12:43:00,785 [DEBUG]  Running graph with inputs: {'__tracker__': <rasa.shared.core.trackers.DialogueStateTracker object at 0x000002012C691990>}, targets: ['select_prediction'] and ExecutionContext(model_id='dd78ef21af3f43db90b4fbcf43e8b3a0', should_add_diagnostic_data=False, is_finetuning=False, node_name=None).
2025-02-19 12:43:00,786 [DEBUG]  Node 'rule_only_data_provider' running 'RuleOnlyDataProvider.provide'.
2025-02-19 12:43:00,786 [DEBUG]  Node 'domain_provider' running 'DomainProvider.provide_inference'.
2025-02-19 12:43:00,787 [DEBUG]  Node 'run_MemoizationPolicy0' running 'MemoizationPolicy.predict_action_probabilities'.
2025-02-19 12:43:00,788 [DEBUG]  [[32m[1mdebug    [0m] [1mmemoization.predict.actions   [0m [36mtracker_states[0m=[35m[{'user': {'intent': 'ask_microservices'}, 'prev_action': {'action_name': 'action_listen'}}, {'user': {'intent': 'ask_microservices'}, 'prev_action': {'action_name': 'utter_microservices_response'}}][0m
2025-02-19 12:43:00,788 [DEBUG]  There is a memorised next action 'action_listen'
2025-02-19 12:43:00,789 [DEBUG]  Node 'run_RulePolicy1' running 'RulePolicy.predict_action_probabilities'.
2025-02-19 12:43:00,790 [DEBUG]  [[32m[1mdebug    [0m] [1mrule_policy.actions.find      [0m [36mcurrent_states[0m=[35m
[state 1] user intent: greet | previous action name: action_listen
[state 2] user intent: greet | previous action name: utter_greet
[state 3] user intent: ask_architecture | previous action name: action_listen
[state 4] user intent: ask_architecture | previous action name: utter_architecture_response
[state 5] user intent: ask_approaches | previous action name: action_listen
[state 6] user intent: ask_approaches | previous action name: utter_approaches_response
[state 7] user intent: ask_microservices | previous action name: action_listen
[state 8] user intent: ask_microservices | previous action name: utter_microservices_response[0m
2025-02-19 12:43:00,792 [DEBUG]  There is a rule for the next action 'action_listen'.
2025-02-19 12:43:00,792 [DEBUG]  Node 'run_TEDPolicy2' running 'TEDPolicy.predict_action_probabilities'.
2025-02-19 12:43:00,798 [DEBUG]  TED predicted 'action_listen' based on user intent.
2025-02-19 12:43:00,799 [DEBUG]  Node 'select_prediction' running 'DefaultPolicyPredictionEnsemble.combine_predictions_from_kwargs'.
2025-02-19 12:43:00,800 [DEBUG]  Predicted next action using RulePolicy.
2025-02-19 12:43:00,800 [DEBUG]  Predicted next action 'action_listen' with confidence 1.00.
2025-02-19 12:43:00,801 [DEBUG]  [[32m[1mdebug    [0m] [1mprocessor.actions.policy_prediction[0m [36mprediction_events[0m=[35m[][0m
2025-02-19 12:43:00,801 [DEBUG]  [[32m[1mdebug    [0m] [1mprocessor.actions.log         [0m [36maction_name[0m=[35maction_listen[0m [36mrasa_events[0m=[35m[][0m
2025-02-19 12:43:00,802 [DEBUG]  No event broker configured. Skipping streaming events.
2025-02-19 12:43:00,803 [DEBUG]  Deleted lock for conversation 'PractikumStudent'.
2025-02-19 12:43:08,449 [DEBUG]  Issuing ticket for conversation 'PractikumStudent'.
2025-02-19 12:43:08,449 [DEBUG]  Acquiring lock for conversation 'PractikumStudent'.
2025-02-19 12:43:08,450 [DEBUG]  Acquired lock for conversation 'PractikumStudent'.
2025-02-19 12:43:08,451 [DEBUG]  Recreating tracker for id 'PractikumStudent'
2025-02-19 12:43:08,455 [DEBUG]  Running graph with inputs: {'__message__': [<rasa.core.channels.channel.UserMessage object at 0x000002012C6915D0>], '__tracker__': <rasa.shared.core.trackers.DialogueStateTracker object at 0x000002012C691C60>}, targets: ['run_RegexMessageHandler'] and ExecutionContext(model_id='dd78ef21af3f43db90b4fbcf43e8b3a0', should_add_diagnostic_data=False, is_finetuning=False, node_name=None).
2025-02-19 12:43:08,457 [DEBUG]  Node 'nlu_message_converter' running 'NLUMessageConverter.convert_user_message'.
2025-02-19 12:43:08,458 [DEBUG]  Node 'run_WhitespaceTokenizer0' running 'WhitespaceTokenizer.process'.
2025-02-19 12:43:08,459 [DEBUG]  Node 'run_RegexFeaturizer1' running 'RegexFeaturizer.process'.
2025-02-19 12:43:08,460 [DEBUG]  Node 'run_LexicalSyntacticFeaturizer2' running 'LexicalSyntacticFeaturizer.process'.
2025-02-19 12:43:08,461 [DEBUG]  Node 'run_CountVectorsFeaturizer3' running 'CountVectorsFeaturizer.process'.
2025-02-19 12:43:08,462 [DEBUG]  Node 'run_LanguageModelFeaturizer4' running 'LanguageModelFeaturizer.process'.
2025-02-19 12:43:08,760 [DEBUG]  Node 'run_DIETClassifier5' running 'DIETClassifier.process'.
2025-02-19 12:43:08,765 [DEBUG]  Node 'run_EntitySynonymMapper6' running 'EntitySynonymMapper.process'.
2025-02-19 12:43:08,766 [DEBUG]  Node 'run_ResponseSelector7' running 'ResponseSelector.process'.
2025-02-19 12:43:08,767 [DEBUG]  There is no trained model for 'ResponseSelector': The component is either not trained or didn't receive enough training data.
2025-02-19 12:43:08,768 [DEBUG]  Adding following selector key to message property: default
2025-02-19 12:43:08,768 [DEBUG]  Node 'domain_provider' running 'DomainProvider.provide_inference'.
2025-02-19 12:43:08,769 [DEBUG]  Node 'run_RegexMessageHandler' running 'RegexMessageHandler.process'.
2025-02-19 12:43:08,770 [DEBUG]  [[32m[1mdebug    [0m] [1mprocessor.message.parse       [0m [36mparse_data_entities[0m=[35m[][0m [36mparse_data_intent[0m=[35m{'name': 'ask_choose_approach', 'confidence': 0.9978000521659851}[0m [36mparse_data_text[0m=[35mКак выбрать архитектуру ПО?[0m
2025-02-19 12:43:08,771 [DEBUG]  Logged UserUtterance - tracker now has 28 events.
2025-02-19 12:43:08,772 [DEBUG]  Validating extracted slots: topic
2025-02-19 12:43:08,773 [DEBUG]  [[32m[1mdebug    [0m] [1mprocessor.extract.slots       [0m [36maction_extract_slot[0m=[35maction_extract_slots[0m [36mlen_extraction_events[0m=[35m1[0m [36mrasa_events[0m=[35m[SlotSet(key: topic, value: Как выбрать архитектуру ПО?)][0m
2025-02-19 12:43:08,774 [DEBUG]  Running graph with inputs: {'__tracker__': <rasa.shared.core.trackers.DialogueStateTracker object at 0x000002012C691C60>}, targets: ['select_prediction'] and ExecutionContext(model_id='dd78ef21af3f43db90b4fbcf43e8b3a0', should_add_diagnostic_data=False, is_finetuning=False, node_name=None).
2025-02-19 12:43:08,775 [DEBUG]  Node 'rule_only_data_provider' running 'RuleOnlyDataProvider.provide'.
2025-02-19 12:43:08,776 [DEBUG]  Node 'domain_provider' running 'DomainProvider.provide_inference'.
2025-02-19 12:43:08,776 [DEBUG]  Node 'run_MemoizationPolicy0' running 'MemoizationPolicy.predict_action_probabilities'.
2025-02-19 12:43:08,777 [DEBUG]  [[32m[1mdebug    [0m] [1mmemoization.predict.actions   [0m [36mtracker_states[0m=[35m[{'user': {'intent': 'ask_microservices'}, 'prev_action': {'action_name': 'utter_microservices_response'}}, {'user': {'intent': 'ask_choose_approach'}, 'prev_action': {'action_name': 'action_listen'}}][0m
2025-02-19 12:43:08,778 [DEBUG]  There is no memorised next action
2025-02-19 12:43:08,779 [DEBUG]  Node 'run_RulePolicy1' running 'RulePolicy.predict_action_probabilities'.
2025-02-19 12:43:08,780 [DEBUG]  [[32m[1mdebug    [0m] [1mrule_policy.actions.find      [0m [36mcurrent_states[0m=[35m
[state 1] user intent: greet | previous action name: action_listen
[state 2] user intent: greet | previous action name: utter_greet
[state 3] user intent: ask_architecture | previous action name: action_listen
[state 4] user intent: ask_architecture | previous action name: utter_architecture_response
[state 5] user intent: ask_approaches | previous action name: action_listen
[state 6] user intent: ask_approaches | previous action name: utter_approaches_response
[state 7] user intent: ask_microservices | previous action name: action_listen
[state 8] user intent: ask_microservices | previous action name: utter_microservices_response
[state 9] user text: Как выбрать архитектуру ПО? | previous action name: action_listen[0m
2025-02-19 12:43:08,781 [DEBUG]  There is no applicable rule.
2025-02-19 12:43:08,782 [DEBUG]  [[32m[1mdebug    [0m] [1mrule_policy.actions.find      [0m [36mcurrent_states[0m=[35m
[state 1] user intent: greet | previous action name: action_listen
[state 2] user intent: greet | previous action name: utter_greet
[state 3] user intent: ask_architecture | previous action name: action_listen
[state 4] user intent: ask_architecture | previous action name: utter_architecture_response
[state 5] user intent: ask_approaches | previous action name: action_listen
[state 6] user intent: ask_approaches | previous action name: utter_approaches_response
[state 7] user intent: ask_microservices | previous action name: action_listen
[state 8] user intent: ask_microservices | previous action name: utter_microservices_response
[state 9] user intent: ask_choose_approach | previous action name: action_listen[0m
2025-02-19 12:43:08,784 [DEBUG]  There is a rule for the next action 'utter_choose_approaches_response'.
2025-02-19 12:43:08,784 [DEBUG]  Node 'run_TEDPolicy2' running 'TEDPolicy.predict_action_probabilities'.
2025-02-19 12:43:08,790 [DEBUG]  TED predicted 'utter_goodbye' based on user intent.
2025-02-19 12:43:08,791 [DEBUG]  Node 'select_prediction' running 'DefaultPolicyPredictionEnsemble.combine_predictions_from_kwargs'.
2025-02-19 12:43:08,791 [DEBUG]  Made prediction using user intent.
2025-02-19 12:43:08,792 [DEBUG]  Added `DefinePrevUserUtteredFeaturization(False)` event.
2025-02-19 12:43:08,792 [DEBUG]  Predicted next action using RulePolicy.
2025-02-19 12:43:08,793 [DEBUG]  Predicted next action 'utter_choose_approaches_response' with confidence 1.00.
2025-02-19 12:43:08,794 [DEBUG]  [[32m[1mdebug    [0m] [1mprocessor.actions.policy_prediction[0m [36mprediction_events[0m=[35m[<rasa.shared.core.events.DefinePrevUserUtteredFeaturization object at 0x0000020133F81240>][0m
2025-02-19 12:43:08,794 [DEBUG]  [[32m[1mdebug    [0m] [1mprocessor.actions.log         [0m [36maction_name[0m=[35mutter_choose_approaches_response[0m [36mrasa_events[0m=[35m[BotUttered('Выбор архитектуры программного обеспечения зависит от множества факторов, включая требования к проекту, его масштаб, сроки разработки, доступные ресурсы и предполагаемый рост. Вот несколько шагов, которые помогут вам выбрать подходящую архитектуру: определите цели и требования проекта, оцените масштаб проекта, учитывайте потребности в масштабируемости и гибкости, рассмотрите возможность интеграции с другими системами, подумайте о безопасности и надёжности, изучите опыт других разработчиков, протестируйте разные архитектуры, обратитесь за советом к экспертам', {"elements": null, "quick_replies": null, "buttons": null, "attachment": null, "image": null, "custom": null}, {"utter_action": "utter_choose_approaches_response"}, 1739958188.793635)][0m
2025-02-19 12:43:08,796 [DEBUG]  Running graph with inputs: {'__tracker__': <rasa.shared.core.trackers.DialogueStateTracker object at 0x000002012C691C60>}, targets: ['select_prediction'] and ExecutionContext(model_id='dd78ef21af3f43db90b4fbcf43e8b3a0', should_add_diagnostic_data=False, is_finetuning=False, node_name=None).
2025-02-19 12:43:08,797 [DEBUG]  Node 'rule_only_data_provider' running 'RuleOnlyDataProvider.provide'.
2025-02-19 12:43:08,797 [DEBUG]  Node 'domain_provider' running 'DomainProvider.provide_inference'.
2025-02-19 12:43:08,798 [DEBUG]  Node 'run_MemoizationPolicy0' running 'MemoizationPolicy.predict_action_probabilities'.
2025-02-19 12:43:08,799 [DEBUG]  [[32m[1mdebug    [0m] [1mmemoization.predict.actions   [0m [36mtracker_states[0m=[35m[{'user': {'intent': 'ask_microservices'}, 'prev_action': {'action_name': 'utter_microservices_response'}}, {'user': {'intent': 'ask_microservices'}, 'prev_action': {'action_name': 'action_listen'}}][0m
2025-02-19 12:43:08,799 [DEBUG]  There is no memorised next action
2025-02-19 12:43:08,800 [DEBUG]  Node 'run_RulePolicy1' running 'RulePolicy.predict_action_probabilities'.
2025-02-19 12:43:08,801 [DEBUG]  [[32m[1mdebug    [0m] [1mrule_policy.actions.find      [0m [36mcurrent_states[0m=[35m
[state 1] user intent: greet | previous action name: action_listen
[state 2] user intent: greet | previous action name: utter_greet
[state 3] user intent: ask_architecture | previous action name: action_listen
[state 4] user intent: ask_architecture | previous action name: utter_architecture_response
[state 5] user intent: ask_approaches | previous action name: action_listen
[state 6] user intent: ask_approaches | previous action name: utter_approaches_response
[state 7] user intent: ask_microservices | previous action name: action_listen
[state 8] user intent: ask_microservices | previous action name: utter_microservices_response
[state 9] user intent: ask_choose_approach | previous action name: action_listen
[state 10] user intent: ask_choose_approach | previous action name: utter_choose_approaches_response[0m
2025-02-19 12:43:08,803 [DEBUG]  There is a rule for the next action 'action_listen'.
2025-02-19 12:43:08,803 [DEBUG]  Node 'run_TEDPolicy2' running 'TEDPolicy.predict_action_probabilities'.
2025-02-19 12:43:08,810 [DEBUG]  TED predicted 'utter_microservices_response' based on user intent.
2025-02-19 12:43:08,811 [DEBUG]  Node 'select_prediction' running 'DefaultPolicyPredictionEnsemble.combine_predictions_from_kwargs'.
2025-02-19 12:43:08,812 [DEBUG]  Predicted next action using RulePolicy.
2025-02-19 12:43:08,812 [DEBUG]  Predicted next action 'action_listen' with confidence 1.00.
2025-02-19 12:43:08,813 [DEBUG]  [[32m[1mdebug    [0m] [1mprocessor.actions.policy_prediction[0m [36mprediction_events[0m=[35m[][0m
2025-02-19 12:43:08,814 [DEBUG]  [[32m[1mdebug    [0m] [1mprocessor.actions.log         [0m [36maction_name[0m=[35maction_listen[0m [36mrasa_events[0m=[35m[][0m
2025-02-19 12:43:08,814 [DEBUG]  No event broker configured. Skipping streaming events.
2025-02-19 12:43:08,815 [DEBUG]  Deleted lock for conversation 'PractikumStudent'.
2025-02-19 12:43:25,389 [DEBUG]  Issuing ticket for conversation 'PractikumStudent'.
2025-02-19 12:43:25,389 [DEBUG]  Acquiring lock for conversation 'PractikumStudent'.
2025-02-19 12:43:25,390 [DEBUG]  Acquired lock for conversation 'PractikumStudent'.
2025-02-19 12:43:25,390 [DEBUG]  Recreating tracker for id 'PractikumStudent'
2025-02-19 12:43:25,393 [DEBUG]  Running graph with inputs: {'__message__': [<rasa.core.channels.channel.UserMessage object at 0x000002010AA64700>], '__tracker__': <rasa.shared.core.trackers.DialogueStateTracker object at 0x000002010AA67580>}, targets: ['run_RegexMessageHandler'] and ExecutionContext(model_id='dd78ef21af3f43db90b4fbcf43e8b3a0', should_add_diagnostic_data=False, is_finetuning=False, node_name=None).
2025-02-19 12:43:25,394 [DEBUG]  Node 'nlu_message_converter' running 'NLUMessageConverter.convert_user_message'.
2025-02-19 12:43:25,395 [DEBUG]  Node 'run_WhitespaceTokenizer0' running 'WhitespaceTokenizer.process'.
2025-02-19 12:43:25,396 [DEBUG]  Node 'run_RegexFeaturizer1' running 'RegexFeaturizer.process'.
2025-02-19 12:43:25,396 [DEBUG]  Node 'run_LexicalSyntacticFeaturizer2' running 'LexicalSyntacticFeaturizer.process'.
2025-02-19 12:43:25,397 [DEBUG]  Node 'run_CountVectorsFeaturizer3' running 'CountVectorsFeaturizer.process'.
2025-02-19 12:43:25,398 [DEBUG]  Node 'run_LanguageModelFeaturizer4' running 'LanguageModelFeaturizer.process'.
2025-02-19 12:43:25,621 [DEBUG]  Node 'run_DIETClassifier5' running 'DIETClassifier.process'.
2025-02-19 12:43:25,627 [DEBUG]  Node 'run_EntitySynonymMapper6' running 'EntitySynonymMapper.process'.
2025-02-19 12:43:25,627 [DEBUG]  Node 'run_ResponseSelector7' running 'ResponseSelector.process'.
2025-02-19 12:43:25,628 [DEBUG]  There is no trained model for 'ResponseSelector': The component is either not trained or didn't receive enough training data.
2025-02-19 12:43:25,629 [DEBUG]  Adding following selector key to message property: default
2025-02-19 12:43:25,630 [DEBUG]  Node 'domain_provider' running 'DomainProvider.provide_inference'.
2025-02-19 12:43:25,631 [DEBUG]  Node 'run_RegexMessageHandler' running 'RegexMessageHandler.process'.
2025-02-19 12:43:25,632 [DEBUG]  [[32m[1mdebug    [0m] [1mprocessor.message.parse       [0m [36mparse_data_entities[0m=[35m[][0m [36mparse_data_intent[0m=[35m{'name': 'goodbye', 'confidence': 0.9997840523719788}[0m [36mparse_data_text[0m=[35mПока[0m
2025-02-19 12:43:25,633 [DEBUG]  Logged UserUtterance - tracker now has 34 events.
2025-02-19 12:43:25,634 [DEBUG]  Validating extracted slots: topic
2025-02-19 12:43:25,635 [DEBUG]  [[32m[1mdebug    [0m] [1mprocessor.extract.slots       [0m [36maction_extract_slot[0m=[35maction_extract_slots[0m [36mlen_extraction_events[0m=[35m1[0m [36mrasa_events[0m=[35m[SlotSet(key: topic, value: Пока)][0m
2025-02-19 12:43:25,636 [DEBUG]  Running graph with inputs: {'__tracker__': <rasa.shared.core.trackers.DialogueStateTracker object at 0x000002010AA67580>}, targets: ['select_prediction'] and ExecutionContext(model_id='dd78ef21af3f43db90b4fbcf43e8b3a0', should_add_diagnostic_data=False, is_finetuning=False, node_name=None).
2025-02-19 12:43:25,638 [DEBUG]  Node 'rule_only_data_provider' running 'RuleOnlyDataProvider.provide'.
2025-02-19 12:43:25,638 [DEBUG]  Node 'domain_provider' running 'DomainProvider.provide_inference'.
2025-02-19 12:43:25,639 [DEBUG]  Node 'run_MemoizationPolicy0' running 'MemoizationPolicy.predict_action_probabilities'.
2025-02-19 12:43:25,640 [DEBUG]  [[32m[1mdebug    [0m] [1mmemoization.predict.actions   [0m [36mtracker_states[0m=[35m[{'user': {'intent': 'ask_microservices'}, 'prev_action': {'action_name': 'utter_microservices_response'}}, {'user': {'intent': 'goodbye'}, 'prev_action': {'action_name': 'action_listen'}}][0m
2025-02-19 12:43:25,641 [DEBUG]  There is no memorised next action
2025-02-19 12:43:25,641 [DEBUG]  Node 'run_RulePolicy1' running 'RulePolicy.predict_action_probabilities'.
2025-02-19 12:43:25,643 [DEBUG]  [[32m[1mdebug    [0m] [1mrule_policy.actions.find      [0m [36mcurrent_states[0m=[35m
[state 1] user intent: greet | previous action name: action_listen
[state 2] user intent: greet | previous action name: utter_greet
[state 3] user intent: ask_architecture | previous action name: action_listen
[state 4] user intent: ask_architecture | previous action name: utter_architecture_response
[state 5] user intent: ask_approaches | previous action name: action_listen
[state 6] user intent: ask_approaches | previous action name: utter_approaches_response
[state 7] user intent: ask_microservices | previous action name: action_listen
[state 8] user intent: ask_microservices | previous action name: utter_microservices_response
[state 9] user intent: ask_choose_approach | previous action name: action_listen
[state 10] user intent: ask_choose_approach | previous action name: utter_choose_approaches_response
[state 11] user text: Пока | previous action name: action_listen[0m
2025-02-19 12:43:25,646 [DEBUG]  There is no applicable rule.
2025-02-19 12:43:25,647 [DEBUG]  [[32m[1mdebug    [0m] [1mrule_policy.actions.find      [0m [36mcurrent_states[0m=[35m
[state 1] user intent: greet | previous action name: action_listen
[state 2] user intent: greet | previous action name: utter_greet
[state 3] user intent: ask_architecture | previous action name: action_listen
[state 4] user intent: ask_architecture | previous action name: utter_architecture_response
[state 5] user intent: ask_approaches | previous action name: action_listen
[state 6] user intent: ask_approaches | previous action name: utter_approaches_response
[state 7] user intent: ask_microservices | previous action name: action_listen
[state 8] user intent: ask_microservices | previous action name: utter_microservices_response
[state 9] user intent: ask_choose_approach | previous action name: action_listen
[state 10] user intent: ask_choose_approach | previous action name: utter_choose_approaches_response
[state 11] user intent: goodbye | previous action name: action_listen[0m
2025-02-19 12:43:25,649 [DEBUG]  There is a rule for the next action 'utter_goodbye'.
2025-02-19 12:43:25,650 [DEBUG]  Node 'run_TEDPolicy2' running 'TEDPolicy.predict_action_probabilities'.
2025-02-19 12:43:25,655 [DEBUG]  TED predicted 'utter_goodbye' based on user intent.
2025-02-19 12:43:25,656 [DEBUG]  Node 'select_prediction' running 'DefaultPolicyPredictionEnsemble.combine_predictions_from_kwargs'.
2025-02-19 12:43:25,657 [DEBUG]  Made prediction using user intent.
2025-02-19 12:43:25,658 [DEBUG]  Added `DefinePrevUserUtteredFeaturization(False)` event.
2025-02-19 12:43:25,658 [DEBUG]  Predicted next action using RulePolicy.
2025-02-19 12:43:25,659 [DEBUG]  Predicted next action 'utter_goodbye' with confidence 1.00.
2025-02-19 12:43:25,660 [DEBUG]  [[32m[1mdebug    [0m] [1mprocessor.actions.policy_prediction[0m [36mprediction_events[0m=[35m[<rasa.shared.core.events.DefinePrevUserUtteredFeaturization object at 0x0000020133F80460>][0m
2025-02-19 12:43:25,661 [DEBUG]  [[32m[1mdebug    [0m] [1mprocessor.actions.log         [0m [36maction_name[0m=[35mutter_goodbye[0m [36mrasa_events[0m=[35m[BotUttered('До свидания! Если появятся вопросы по архитектуре ПО, обращайтесь.', {"elements": null, "quick_replies": null, "buttons": null, "attachment": null, "image": null, "custom": null}, {"utter_action": "utter_goodbye"}, 1739958205.6608462)][0m
2025-02-19 12:43:25,662 [DEBUG]  Running graph with inputs: {'__tracker__': <rasa.shared.core.trackers.DialogueStateTracker object at 0x000002010AA67580>}, targets: ['select_prediction'] and ExecutionContext(model_id='dd78ef21af3f43db90b4fbcf43e8b3a0', should_add_diagnostic_data=False, is_finetuning=False, node_name=None).
2025-02-19 12:43:25,663 [DEBUG]  Node 'rule_only_data_provider' running 'RuleOnlyDataProvider.provide'.
2025-02-19 12:43:25,663 [DEBUG]  Node 'domain_provider' running 'DomainProvider.provide_inference'.
2025-02-19 12:43:25,664 [DEBUG]  Node 'run_MemoizationPolicy0' running 'MemoizationPolicy.predict_action_probabilities'.
2025-02-19 12:43:25,665 [DEBUG]  [[32m[1mdebug    [0m] [1mmemoization.predict.actions   [0m [36mtracker_states[0m=[35m[{'user': {'intent': 'goodbye'}, 'prev_action': {'action_name': 'action_listen'}}, {'user': {'intent': 'goodbye'}, 'prev_action': {'action_name': 'utter_goodbye'}}][0m
2025-02-19 12:43:25,666 [DEBUG]  There is a memorised next action 'action_listen'
2025-02-19 12:43:25,666 [DEBUG]  Node 'run_RulePolicy1' running 'RulePolicy.predict_action_probabilities'.
2025-02-19 12:43:25,667 [DEBUG]  [[32m[1mdebug    [0m] [1mrule_policy.actions.find      [0m [36mcurrent_states[0m=[35m
[state 1] user intent: greet | previous action name: action_listen
[state 2] user intent: greet | previous action name: utter_greet
[state 3] user intent: ask_architecture | previous action name: action_listen
[state 4] user intent: ask_architecture | previous action name: utter_architecture_response
[state 5] user intent: ask_approaches | previous action name: action_listen
[state 6] user intent: ask_approaches | previous action name: utter_approaches_response
[state 7] user intent: ask_microservices | previous action name: action_listen
[state 8] user intent: ask_microservices | previous action name: utter_microservices_response
[state 9] user intent: ask_choose_approach | previous action name: action_listen
[state 10] user intent: ask_choose_approach | previous action name: utter_choose_approaches_response
[state 11] user intent: goodbye | previous action name: action_listen
[state 12] user intent: goodbye | previous action name: utter_goodbye[0m
2025-02-19 12:43:25,669 [DEBUG]  There is a rule for the next action 'action_listen'.
2025-02-19 12:43:25,670 [DEBUG]  Node 'run_TEDPolicy2' running 'TEDPolicy.predict_action_probabilities'.
2025-02-19 12:43:25,676 [DEBUG]  TED predicted 'action_listen' based on user intent.
2025-02-19 12:43:25,677 [DEBUG]  Node 'select_prediction' running 'DefaultPolicyPredictionEnsemble.combine_predictions_from_kwargs'.
2025-02-19 12:43:25,678 [DEBUG]  Predicted next action using RulePolicy.
2025-02-19 12:43:25,678 [DEBUG]  Predicted next action 'action_listen' with confidence 1.00.
2025-02-19 12:43:25,679 [DEBUG]  [[32m[1mdebug    [0m] [1mprocessor.actions.policy_prediction[0m [36mprediction_events[0m=[35m[][0m
2025-02-19 12:43:25,679 [DEBUG]  [[32m[1mdebug    [0m] [1mprocessor.actions.log         [0m [36maction_name[0m=[35maction_listen[0m [36mrasa_events[0m=[35m[][0m
2025-02-19 12:43:25,680 [DEBUG]  No event broker configured. Skipping streaming events.
2025-02-19 12:43:25,681 [DEBUG]  Deleted lock for conversation 'PractikumStudent'.
